[0.014s] Invoking command in '/home/aruz/Final_Motion/controller/build/controller_package': CMAKE_PREFIX_PATH=${CMAKE_PREFIX_PATH}:/opt/ros/jazzy DEBUGINFOD_URLS=https://debuginfod.ubuntu.com /usr/bin/cmake --build /home/aruz/Final_Motion/controller/build/controller_package -- -j24 -l24
[0.051s] -- Found ament_cmake: 2.5.2 (/opt/ros/jazzy/share/ament_cmake/cmake)
[0.363s] -- Found rclcpp: 28.1.5 (/opt/ros/jazzy/share/rclcpp/cmake)
[0.403s] -- Found rosidl_generator_c: 4.6.4 (/opt/ros/jazzy/share/rosidl_generator_c/cmake)
[0.416s] -- Found rosidl_generator_cpp: 4.6.4 (/opt/ros/jazzy/share/rosidl_generator_cpp/cmake)
[0.429s] -- Using all available rosidl_typesupport_c: rosidl_typesupport_fastrtps_c;rosidl_typesupport_introspection_c
[0.445s] -- Using all available rosidl_typesupport_cpp: rosidl_typesupport_fastrtps_cpp;rosidl_typesupport_introspection_cpp
[0.520s] -- Found rmw_implementation_cmake: 7.3.1 (/opt/ros/jazzy/share/rmw_implementation_cmake/cmake)
[0.522s] -- Found rmw_fastrtps_cpp: 8.4.1 (/opt/ros/jazzy/share/rmw_fastrtps_cpp/cmake)
[0.604s] -- Using RMW implementation 'rmw_fastrtps_cpp' as default
[0.683s] -- Found geometry_msgs: 5.3.5 (/opt/ros/jazzy/share/geometry_msgs/cmake)
[0.720s] -- Found webots_ros2_driver: 2023.1.3 (/opt/ros/jazzy/share/webots_ros2_driver/cmake)
[0.761s] -- Found eigen3_cmake_module: 0.3.0 (/opt/ros/jazzy/share/eigen3_cmake_module/cmake)
[0.762s] -- Ensuring Eigen3 include directory is part of orocos-kdl CMake target
[0.979s] -- Found pluginlib: 5.4.2 (/opt/ros/jazzy/share/pluginlib/cmake)
[0.998s] -- Found Boost: /usr/lib/x86_64-linux-gnu/cmake/Boost-1.83.0/BoostConfig.cmake (found version "1.83.0") found components: program_options 
[1.005s] -- Found Boost: /usr/lib/x86_64-linux-gnu/cmake/Boost-1.83.0/BoostConfig.cmake (found version "1.83.0")  
[1.006s] [31mCMake Error at CMakeLists.txt:36 (target_link_libraries):
[1.006s]   Cannot specify link libraries for target "controller,tester" which is not
[1.006s]   built by this project.
[1.006s] 
[1.006s] [0m
[1.007s] -- Configuring incomplete, errors occurred!
[1.015s] gmake: *** [Makefile:267: cmake_check_build_system] Error 1
[1.018s] Invoked command in '/home/aruz/Final_Motion/controller/build/controller_package' returned '2': CMAKE_PREFIX_PATH=${CMAKE_PREFIX_PATH}:/opt/ros/jazzy DEBUGINFOD_URLS=https://debuginfod.ubuntu.com /usr/bin/cmake --build /home/aruz/Final_Motion/controller/build/controller_package -- -j24 -l24
