[0.127s] DEBUG:colcon:Command line arguments: ['/usr/bin/colcon', 'build']
[0.127s] DEBUG:colcon:Parsed command line arguments: Namespace(log_base=None, log_level=None, verb_name='build', build_base='build', install_base='install', merge_install=False, symlink_install=False, test_result_base=None, continue_on_error=False, executor='parallel', parallel_workers=24, event_handlers=None, ignore_user_meta=False, metas=['./colcon.meta'], base_paths=['.'], packages_ignore=None, packages_ignore_regex=None, paths=None, packages_up_to=None, packages_up_to_regex=None, packages_above=None, packages_above_and_dependencies=None, packages_above_depth=None, packages_select_by_dep=None, packages_skip_by_dep=None, packages_skip_up_to=None, packages_select_build_failed=False, packages_skip_build_finished=False, packages_select_test_failures=False, packages_skip_test_passed=False, packages_select=None, packages_skip=None, packages_select_regex=None, packages_skip_regex=None, packages_start=None, packages_end=None, allow_overriding=[], cmake_args=None, cmake_target=None, cmake_target_skip_unavailable=False, cmake_clean_cache=False, cmake_clean_first=False, cmake_force_configure=False, ament_cmake_args=None, catkin_cmake_args=None, catkin_skip_building_tests=False, mixin_files=None, mixin=None, verb_parser=<colcon_mixin.mixin.mixin_argument.MixinArgumentDecorator object at 0x71e81c77e9c0>, verb_extension=<colcon_core.verb.build.BuildVerb object at 0x71e81c8fec00>, main=<bound method BuildVerb.main of <colcon_core.verb.build.BuildVerb object at 0x71e81c8fec00>>, mixin_verb=('build',))
[0.170s] Level 1:colcon.colcon_core.package_discovery:discover_packages(colcon_meta) check parameters
[0.170s] Level 1:colcon.colcon_core.package_discovery:discover_packages(recursive) check parameters
[0.170s] Level 1:colcon.colcon_core.package_discovery:discover_packages(ignore) check parameters
[0.170s] Level 1:colcon.colcon_core.package_discovery:discover_packages(path) check parameters
[0.170s] Level 1:colcon.colcon_core.package_discovery:discover_packages(colcon_meta) discover
[0.170s] Level 1:colcon.colcon_core.package_discovery:discover_packages(recursive) discover
[0.170s] INFO:colcon.colcon_core.package_discovery:Crawling recursively for packages in '/home/aruz/Final_Motion/controller'
[0.170s] Level 1:colcon.colcon_core.package_identification:_identify(.) by extensions ['ignore', 'ignore_ament_install']
[0.170s] Level 1:colcon.colcon_core.package_identification:_identify(.) by extension 'ignore'
[0.170s] Level 1:colcon.colcon_core.package_identification:_identify(.) by extension 'ignore_ament_install'
[0.170s] Level 1:colcon.colcon_core.package_identification:_identify(.) by extensions ['colcon_pkg']
[0.170s] Level 1:colcon.colcon_core.package_identification:_identify(.) by extension 'colcon_pkg'
[0.170s] Level 1:colcon.colcon_core.package_identification:_identify(.) by extensions ['colcon_meta']
[0.171s] Level 1:colcon.colcon_core.package_identification:_identify(.) by extension 'colcon_meta'
[0.171s] Level 1:colcon.colcon_core.package_identification:_identify(.) by extensions ['ros']
[0.171s] Level 1:colcon.colcon_core.package_identification:_identify(.) by extension 'ros'
[0.202s] Level 1:colcon.colcon_core.package_identification:_identify(.) by extensions ['cmake', 'python']
[0.202s] Level 1:colcon.colcon_core.package_identification:_identify(.) by extension 'cmake'
[0.202s] Level 1:colcon.colcon_core.package_identification:_identify(.) by extension 'python'
[0.202s] Level 1:colcon.colcon_core.package_identification:_identify(.) by extensions ['python_setup_py']
[0.202s] Level 1:colcon.colcon_core.package_identification:_identify(.) by extension 'python_setup_py'
[0.202s] Level 1:colcon.colcon_core.package_identification:_identify(build) by extensions ['ignore', 'ignore_ament_install']
[0.202s] Level 1:colcon.colcon_core.package_identification:_identify(build) by extension 'ignore'
[0.202s] Level 1:colcon.colcon_core.package_identification:_identify(build) ignored
[0.203s] Level 1:colcon.colcon_core.package_identification:_identify(install) by extensions ['ignore', 'ignore_ament_install']
[0.203s] Level 1:colcon.colcon_core.package_identification:_identify(install) by extension 'ignore'
[0.203s] Level 1:colcon.colcon_core.package_identification:_identify(install) ignored
[0.203s] Level 1:colcon.colcon_core.package_identification:_identify(log) by extensions ['ignore', 'ignore_ament_install']
[0.203s] Level 1:colcon.colcon_core.package_identification:_identify(log) by extension 'ignore'
[0.203s] Level 1:colcon.colcon_core.package_identification:_identify(log) ignored
[0.203s] Level 1:colcon.colcon_core.package_identification:_identify(src) by extensions ['ignore', 'ignore_ament_install']
[0.203s] Level 1:colcon.colcon_core.package_identification:_identify(src) by extension 'ignore'
[0.203s] Level 1:colcon.colcon_core.package_identification:_identify(src) by extension 'ignore_ament_install'
[0.203s] Level 1:colcon.colcon_core.package_identification:_identify(src) by extensions ['colcon_pkg']
[0.203s] Level 1:colcon.colcon_core.package_identification:_identify(src) by extension 'colcon_pkg'
[0.203s] Level 1:colcon.colcon_core.package_identification:_identify(src) by extensions ['colcon_meta']
[0.203s] Level 1:colcon.colcon_core.package_identification:_identify(src) by extension 'colcon_meta'
[0.203s] Level 1:colcon.colcon_core.package_identification:_identify(src) by extensions ['ros']
[0.203s] Level 1:colcon.colcon_core.package_identification:_identify(src) by extension 'ros'
[0.203s] Level 1:colcon.colcon_core.package_identification:_identify(src) by extensions ['cmake', 'python']
[0.204s] Level 1:colcon.colcon_core.package_identification:_identify(src) by extension 'cmake'
[0.204s] Level 1:colcon.colcon_core.package_identification:_identify(src) by extension 'python'
[0.204s] Level 1:colcon.colcon_core.package_identification:_identify(src) by extensions ['python_setup_py']
[0.204s] Level 1:colcon.colcon_core.package_identification:_identify(src) by extension 'python_setup_py'
[0.204s] Level 1:colcon.colcon_core.package_identification:_identify(src/controller_package) by extensions ['ignore', 'ignore_ament_install']
[0.204s] Level 1:colcon.colcon_core.package_identification:_identify(src/controller_package) by extension 'ignore'
[0.204s] Level 1:colcon.colcon_core.package_identification:_identify(src/controller_package) by extension 'ignore_ament_install'
[0.204s] Level 1:colcon.colcon_core.package_identification:_identify(src/controller_package) by extensions ['colcon_pkg']
[0.204s] Level 1:colcon.colcon_core.package_identification:_identify(src/controller_package) by extension 'colcon_pkg'
[0.204s] Level 1:colcon.colcon_core.package_identification:_identify(src/controller_package) by extensions ['colcon_meta']
[0.204s] Level 1:colcon.colcon_core.package_identification:_identify(src/controller_package) by extension 'colcon_meta'
[0.204s] Level 1:colcon.colcon_core.package_identification:_identify(src/controller_package) by extensions ['ros']
[0.204s] Level 1:colcon.colcon_core.package_identification:_identify(src/controller_package) by extension 'ros'
[0.207s] DEBUG:colcon.colcon_core.package_identification:Package 'src/controller_package' with type 'ros.ament_cmake' and name 'controller_package'
[0.207s] Level 1:colcon.colcon_core.package_discovery:discover_packages(recursive) using defaults
[0.207s] Level 1:colcon.colcon_core.package_discovery:discover_packages(ignore) discover
[0.207s] Level 1:colcon.colcon_core.package_discovery:discover_packages(ignore) using defaults
[0.207s] Level 1:colcon.colcon_core.package_discovery:discover_packages(path) discover
[0.207s] Level 1:colcon.colcon_core.package_discovery:discover_packages(path) using defaults
[0.227s] Level 1:colcon.colcon_core.package_discovery:discover_packages(prefix_path) check parameters
[0.227s] Level 1:colcon.colcon_core.package_discovery:discover_packages(prefix_path) discover
[0.229s] DEBUG:colcon.colcon_installed_package_information.package_discovery:Found 1 installed packages in /home/aruz/Final_Motion/Webots-Ros2-Omniwheel-Simulation/install
[0.230s] DEBUG:colcon.colcon_installed_package_information.package_discovery:Found 1 installed packages in /home/aruz/webots_ws/install
[0.230s] DEBUG:colcon.colcon_installed_package_information.package_discovery:Found 3 installed packages in /home/aruz/ros2_ws/install
[0.232s] DEBUG:colcon.colcon_installed_package_information.package_discovery:Found 318 installed packages in /opt/ros/jazzy
[0.233s] Level 1:colcon.colcon_core.package_discovery:discover_packages(prefix_path) using defaults
[0.277s] Level 5:colcon.colcon_core.verb:set package 'controller_package' build argument 'cmake_args' from command line to 'None'
[0.277s] Level 5:colcon.colcon_core.verb:set package 'controller_package' build argument 'cmake_target' from command line to 'None'
[0.277s] Level 5:colcon.colcon_core.verb:set package 'controller_package' build argument 'cmake_target_skip_unavailable' from command line to 'False'
[0.277s] Level 5:colcon.colcon_core.verb:set package 'controller_package' build argument 'cmake_clean_cache' from command line to 'False'
[0.278s] Level 5:colcon.colcon_core.verb:set package 'controller_package' build argument 'cmake_clean_first' from command line to 'False'
[0.278s] Level 5:colcon.colcon_core.verb:set package 'controller_package' build argument 'cmake_force_configure' from command line to 'False'
[0.278s] Level 5:colcon.colcon_core.verb:set package 'controller_package' build argument 'ament_cmake_args' from command line to 'None'
[0.278s] Level 5:colcon.colcon_core.verb:set package 'controller_package' build argument 'catkin_cmake_args' from command line to 'None'
[0.278s] Level 5:colcon.colcon_core.verb:set package 'controller_package' build argument 'catkin_skip_building_tests' from command line to 'False'
[0.278s] DEBUG:colcon.colcon_core.verb:Building package 'controller_package' with the following arguments: {'ament_cmake_args': None, 'build_base': '/home/aruz/Final_Motion/controller/build/controller_package', 'catkin_cmake_args': None, 'catkin_skip_building_tests': False, 'cmake_args': None, 'cmake_clean_cache': False, 'cmake_clean_first': False, 'cmake_force_configure': False, 'cmake_target': None, 'cmake_target_skip_unavailable': False, 'install_base': '/home/aruz/Final_Motion/controller/install/controller_package', 'merge_install': False, 'path': '/home/aruz/Final_Motion/controller/src/controller_package', 'symlink_install': False, 'test_result_base': None}
[0.278s] INFO:colcon.colcon_core.executor:Executing jobs using 'parallel' executor
[0.279s] DEBUG:colcon.colcon_parallel_executor.executor.parallel:run_until_complete
[0.279s] INFO:colcon.colcon_ros.task.ament_cmake.build:Building ROS package in '/home/aruz/Final_Motion/controller/src/controller_package' with build type 'ament_cmake'
[0.279s] INFO:colcon.colcon_cmake.task.cmake.build:Building CMake package in '/home/aruz/Final_Motion/controller/src/controller_package'
[0.281s] INFO:colcon.colcon_core.plugin_system:Skipping extension 'colcon_core.shell.bat': Not used on non-Windows systems
[0.281s] INFO:colcon.colcon_core.shell:Skip shell extension 'powershell' for command environment: Not usable outside of PowerShell
[0.282s] DEBUG:colcon.colcon_core.shell:Skip shell extension 'dsv' for command environment
[0.291s] DEBUG:colcon.colcon_core.event_handler.log_command:Invoking command in '/home/aruz/Final_Motion/controller/build/controller_package': CMAKE_PREFIX_PATH=${CMAKE_PREFIX_PATH}:/opt/ros/jazzy DEBUGINFOD_URLS=https://debuginfod.ubuntu.com /usr/bin/cmake /home/aruz/Final_Motion/controller/src/controller_package -DCMAKE_INSTALL_PREFIX=/home/aruz/Final_Motion/controller/install/controller_package
[2.356s] DEBUG:colcon.colcon_core.event_handler.log_command:Invoked command in '/home/aruz/Final_Motion/controller/build/controller_package' returned '0': CMAKE_PREFIX_PATH=${CMAKE_PREFIX_PATH}:/opt/ros/jazzy DEBUGINFOD_URLS=https://debuginfod.ubuntu.com /usr/bin/cmake /home/aruz/Final_Motion/controller/src/controller_package -DCMAKE_INSTALL_PREFIX=/home/aruz/Final_Motion/controller/install/controller_package
[2.357s] DEBUG:colcon.colcon_core.event_handler.log_command:Invoking command in '/home/aruz/Final_Motion/controller/build/controller_package': CMAKE_PREFIX_PATH=${CMAKE_PREFIX_PATH}:/opt/ros/jazzy DEBUGINFOD_URLS=https://debuginfod.ubuntu.com /usr/bin/cmake --build /home/aruz/Final_Motion/controller/build/controller_package -- -j24 -l24
[13.928s] DEBUG:colcon.colcon_core.event_handler.log_command:Invoked command in '/home/aruz/Final_Motion/controller/build/controller_package' returned '0': CMAKE_PREFIX_PATH=${CMAKE_PREFIX_PATH}:/opt/ros/jazzy DEBUGINFOD_URLS=https://debuginfod.ubuntu.com /usr/bin/cmake --build /home/aruz/Final_Motion/controller/build/controller_package -- -j24 -l24
[13.970s] DEBUG:colcon.colcon_core.event_handler.log_command:Invoking command in '/home/aruz/Final_Motion/controller/build/controller_package': CMAKE_PREFIX_PATH=${CMAKE_PREFIX_PATH}:/opt/ros/jazzy DEBUGINFOD_URLS=https://debuginfod.ubuntu.com /usr/bin/cmake --install /home/aruz/Final_Motion/controller/build/controller_package
[13.988s] Level 1:colcon.colcon_core.environment:create_environment_scripts_only(controller_package)
[13.989s] DEBUG:colcon.colcon_core.event_handler.log_command:Invoked command in '/home/aruz/Final_Motion/controller/build/controller_package' returned '0': CMAKE_PREFIX_PATH=${CMAKE_PREFIX_PATH}:/opt/ros/jazzy DEBUGINFOD_URLS=https://debuginfod.ubuntu.com /usr/bin/cmake --install /home/aruz/Final_Motion/controller/build/controller_package
[13.991s] Level 1:colcon.colcon_core.environment:checking '/home/aruz/Final_Motion/controller/install/controller_package' for CMake module files
[13.991s] Level 1:colcon.colcon_core.environment:checking '/home/aruz/Final_Motion/controller/install/controller_package' for CMake config files
[13.991s] Level 1:colcon.colcon_core.shell:create_environment_hook('controller_package', 'cmake_prefix_path')
[13.992s] INFO:colcon.colcon_core.shell:Creating environment hook '/home/aruz/Final_Motion/controller/install/controller_package/share/controller_package/hook/cmake_prefix_path.ps1'
[13.992s] INFO:colcon.colcon_core.shell:Creating environment descriptor '/home/aruz/Final_Motion/controller/install/controller_package/share/controller_package/hook/cmake_prefix_path.dsv'
[13.993s] INFO:colcon.colcon_core.shell:Creating environment hook '/home/aruz/Final_Motion/controller/install/controller_package/share/controller_package/hook/cmake_prefix_path.sh'
[13.993s] Level 1:colcon.colcon_core.environment:checking '/home/aruz/Final_Motion/controller/install/controller_package/lib'
[13.993s] Level 1:colcon.colcon_core.environment:checking '/home/aruz/Final_Motion/controller/install/controller_package/bin'
[13.994s] Level 1:colcon.colcon_core.environment:checking '/home/aruz/Final_Motion/controller/install/controller_package/lib/pkgconfig/controller_package.pc'
[13.994s] Level 1:colcon.colcon_core.environment:checking '/home/aruz/Final_Motion/controller/install/controller_package/lib/python3.12/site-packages'
[13.994s] Level 1:colcon.colcon_core.environment:checking '/home/aruz/Final_Motion/controller/install/controller_package/bin'
[13.994s] INFO:colcon.colcon_core.shell:Creating package script '/home/aruz/Final_Motion/controller/install/controller_package/share/controller_package/package.ps1'
[13.995s] INFO:colcon.colcon_core.shell:Creating package descriptor '/home/aruz/Final_Motion/controller/install/controller_package/share/controller_package/package.dsv'
[13.995s] INFO:colcon.colcon_core.shell:Creating package script '/home/aruz/Final_Motion/controller/install/controller_package/share/controller_package/package.sh'
[13.996s] INFO:colcon.colcon_core.shell:Creating package script '/home/aruz/Final_Motion/controller/install/controller_package/share/controller_package/package.bash'
[13.996s] INFO:colcon.colcon_core.shell:Creating package script '/home/aruz/Final_Motion/controller/install/controller_package/share/controller_package/package.zsh'
[13.997s] Level 1:colcon.colcon_core.environment:create_file_with_runtime_dependencies(/home/aruz/Final_Motion/controller/install/controller_package/share/colcon-core/packages/controller_package)
[14.027s] Level 1:colcon.colcon_core.environment:create_environment_scripts_only(controller_package)
[14.027s] Level 1:colcon.colcon_core.environment:checking '/home/aruz/Final_Motion/controller/install/controller_package' for CMake module files
[14.028s] Level 1:colcon.colcon_core.environment:checking '/home/aruz/Final_Motion/controller/install/controller_package' for CMake config files
[14.028s] Level 1:colcon.colcon_core.shell:create_environment_hook('controller_package', 'cmake_prefix_path')
[14.028s] INFO:colcon.colcon_core.shell:Creating environment hook '/home/aruz/Final_Motion/controller/install/controller_package/share/controller_package/hook/cmake_prefix_path.ps1'
[14.029s] INFO:colcon.colcon_core.shell:Creating environment descriptor '/home/aruz/Final_Motion/controller/install/controller_package/share/controller_package/hook/cmake_prefix_path.dsv'
[14.029s] INFO:colcon.colcon_core.shell:Creating environment hook '/home/aruz/Final_Motion/controller/install/controller_package/share/controller_package/hook/cmake_prefix_path.sh'
[14.030s] Level 1:colcon.colcon_core.environment:checking '/home/aruz/Final_Motion/controller/install/controller_package/lib'
[14.030s] Level 1:colcon.colcon_core.environment:checking '/home/aruz/Final_Motion/controller/install/controller_package/bin'
[14.030s] Level 1:colcon.colcon_core.environment:checking '/home/aruz/Final_Motion/controller/install/controller_package/lib/pkgconfig/controller_package.pc'
[14.030s] Level 1:colcon.colcon_core.environment:checking '/home/aruz/Final_Motion/controller/install/controller_package/lib/python3.12/site-packages'
[14.030s] Level 1:colcon.colcon_core.environment:checking '/home/aruz/Final_Motion/controller/install/controller_package/bin'
[14.031s] INFO:colcon.colcon_core.shell:Creating package script '/home/aruz/Final_Motion/controller/install/controller_package/share/controller_package/package.ps1'
[14.031s] INFO:colcon.colcon_core.shell:Creating package descriptor '/home/aruz/Final_Motion/controller/install/controller_package/share/controller_package/package.dsv'
[14.031s] INFO:colcon.colcon_core.shell:Creating package script '/home/aruz/Final_Motion/controller/install/controller_package/share/controller_package/package.sh'
[14.032s] INFO:colcon.colcon_core.shell:Creating package script '/home/aruz/Final_Motion/controller/install/controller_package/share/controller_package/package.bash'
[14.032s] INFO:colcon.colcon_core.shell:Creating package script '/home/aruz/Final_Motion/controller/install/controller_package/share/controller_package/package.zsh'
[14.032s] Level 1:colcon.colcon_core.environment:create_file_with_runtime_dependencies(/home/aruz/Final_Motion/controller/install/controller_package/share/colcon-core/packages/controller_package)
[14.033s] DEBUG:colcon.colcon_parallel_executor.executor.parallel:closing loop
[14.033s] DEBUG:colcon.colcon_parallel_executor.executor.parallel:loop closed
[14.033s] DEBUG:colcon.colcon_parallel_executor.executor.parallel:run_until_complete finished with '0'
[14.033s] DEBUG:colcon.colcon_core.event_reactor:joining thread
[14.038s] INFO:colcon.colcon_core.plugin_system:Skipping extension 'colcon_notification.desktop_notification.terminal_notifier': Not used on non-Darwin systems
[14.038s] INFO:colcon.colcon_core.plugin_system:Skipping extension 'colcon_notification.desktop_notification.win32': Not used on non-Windows systems
[14.038s] INFO:colcon.colcon_notification.desktop_notification:Sending desktop notification using 'notify2'
[14.053s] DEBUG:colcon.colcon_core.event_reactor:joined thread
[14.053s] INFO:colcon.colcon_core.shell:Creating prefix script '/home/aruz/Final_Motion/controller/install/local_setup.ps1'
[14.054s] INFO:colcon.colcon_core.shell:Creating prefix util module '/home/aruz/Final_Motion/controller/install/_local_setup_util_ps1.py'
[14.055s] INFO:colcon.colcon_core.shell:Creating prefix chain script '/home/aruz/Final_Motion/controller/install/setup.ps1'
[14.056s] INFO:colcon.colcon_core.shell:Creating prefix script '/home/aruz/Final_Motion/controller/install/local_setup.sh'
[14.056s] INFO:colcon.colcon_core.shell:Creating prefix util module '/home/aruz/Final_Motion/controller/install/_local_setup_util_sh.py'
[14.057s] INFO:colcon.colcon_core.shell:Creating prefix chain script '/home/aruz/Final_Motion/controller/install/setup.sh'
[14.058s] INFO:colcon.colcon_core.shell:Creating prefix script '/home/aruz/Final_Motion/controller/install/local_setup.bash'
[14.058s] INFO:colcon.colcon_core.shell:Creating prefix chain script '/home/aruz/Final_Motion/controller/install/setup.bash'
[14.059s] INFO:colcon.colcon_core.shell:Creating prefix script '/home/aruz/Final_Motion/controller/install/local_setup.zsh'
[14.059s] INFO:colcon.colcon_core.shell:Creating prefix chain script '/home/aruz/Final_Motion/controller/install/setup.zsh'
