[0.203s] DEBUG:colcon:Command line arguments: ['/usr/bin/colcon', 'build']
[0.204s] DEBUG:colcon:Parsed command line arguments: Namespace(log_base=None, log_level=None, verb_name='build', build_base='build', install_base='install', merge_install=False, symlink_install=False, test_result_base=None, continue_on_error=False, executor='parallel', parallel_workers=8, event_handlers=None, ignore_user_meta=False, metas=['./colcon.meta'], base_paths=['.'], packages_ignore=None, packages_ignore_regex=None, paths=None, packages_up_to=None, packages_up_to_regex=None, packages_above=None, packages_above_and_dependencies=None, packages_above_depth=None, packages_select_by_dep=None, packages_skip_by_dep=None, packages_skip_up_to=None, packages_select_build_failed=False, packages_skip_build_finished=False, packages_select_test_failures=False, packages_skip_test_passed=False, packages_select=None, packages_skip=None, packages_select_regex=None, packages_skip_regex=None, packages_start=None, packages_end=None, allow_overriding=[], cmake_args=None, cmake_target=None, cmake_target_skip_unavailable=False, cmake_clean_cache=False, cmake_clean_first=False, cmake_force_configure=False, ament_cmake_args=None, catkin_cmake_args=None, catkin_skip_building_tests=False, mixin_files=None, mixin=None, verb_parser=<colcon_mixin.mixin.mixin_argument.MixinArgumentDecorator object at 0x77b1f187bf50>, verb_extension=<colcon_core.verb.build.BuildVerb object at 0x77b1f18794f0>, main=<bound method BuildVerb.main of <colcon_core.verb.build.BuildVerb object at 0x77b1f18794f0>>, mixin_verb=('build',))
[0.271s] Level 1:colcon.colcon_core.package_discovery:discover_packages(colcon_meta) check parameters
[0.271s] Level 1:colcon.colcon_core.package_discovery:discover_packages(recursive) check parameters
[0.272s] Level 1:colcon.colcon_core.package_discovery:discover_packages(ignore) check parameters
[0.272s] Level 1:colcon.colcon_core.package_discovery:discover_packages(path) check parameters
[0.272s] Level 1:colcon.colcon_core.package_discovery:discover_packages(colcon_meta) discover
[0.272s] Level 1:colcon.colcon_core.package_discovery:discover_packages(recursive) discover
[0.272s] INFO:colcon.colcon_core.package_discovery:Crawling recursively for packages in '/home/debraj/Documents/controller'
[0.272s] Level 1:colcon.colcon_core.package_identification:_identify(.) by extensions ['ignore', 'ignore_ament_install']
[0.272s] Level 1:colcon.colcon_core.package_identification:_identify(.) by extension 'ignore'
[0.272s] Level 1:colcon.colcon_core.package_identification:_identify(.) by extension 'ignore_ament_install'
[0.272s] Level 1:colcon.colcon_core.package_identification:_identify(.) by extensions ['colcon_pkg']
[0.273s] Level 1:colcon.colcon_core.package_identification:_identify(.) by extension 'colcon_pkg'
[0.273s] Level 1:colcon.colcon_core.package_identification:_identify(.) by extensions ['colcon_meta']
[0.273s] Level 1:colcon.colcon_core.package_identification:_identify(.) by extension 'colcon_meta'
[0.273s] Level 1:colcon.colcon_core.package_identification:_identify(.) by extensions ['ros']
[0.273s] Level 1:colcon.colcon_core.package_identification:_identify(.) by extension 'ros'
[0.319s] Level 1:colcon.colcon_core.package_identification:_identify(.) by extensions ['cmake', 'python']
[0.319s] Level 1:colcon.colcon_core.package_identification:_identify(.) by extension 'cmake'
[0.319s] Level 1:colcon.colcon_core.package_identification:_identify(.) by extension 'python'
[0.319s] Level 1:colcon.colcon_core.package_identification:_identify(.) by extensions ['python_setup_py']
[0.319s] Level 1:colcon.colcon_core.package_identification:_identify(.) by extension 'python_setup_py'
[0.319s] Level 1:colcon.colcon_core.package_identification:_identify(build) by extensions ['ignore', 'ignore_ament_install']
[0.320s] Level 1:colcon.colcon_core.package_identification:_identify(build) by extension 'ignore'
[0.320s] Level 1:colcon.colcon_core.package_identification:_identify(build) ignored
[0.320s] Level 1:colcon.colcon_core.package_identification:_identify(install) by extensions ['ignore', 'ignore_ament_install']
[0.320s] Level 1:colcon.colcon_core.package_identification:_identify(install) by extension 'ignore'
[0.320s] Level 1:colcon.colcon_core.package_identification:_identify(install) ignored
[0.320s] Level 1:colcon.colcon_core.package_identification:_identify(log) by extensions ['ignore', 'ignore_ament_install']
[0.320s] Level 1:colcon.colcon_core.package_identification:_identify(log) by extension 'ignore'
[0.320s] Level 1:colcon.colcon_core.package_identification:_identify(log) ignored
[0.321s] Level 1:colcon.colcon_core.package_identification:_identify(src) by extensions ['ignore', 'ignore_ament_install']
[0.321s] Level 1:colcon.colcon_core.package_identification:_identify(src) by extension 'ignore'
[0.321s] Level 1:colcon.colcon_core.package_identification:_identify(src) by extension 'ignore_ament_install'
[0.321s] Level 1:colcon.colcon_core.package_identification:_identify(src) by extensions ['colcon_pkg']
[0.321s] Level 1:colcon.colcon_core.package_identification:_identify(src) by extension 'colcon_pkg'
[0.321s] Level 1:colcon.colcon_core.package_identification:_identify(src) by extensions ['colcon_meta']
[0.321s] Level 1:colcon.colcon_core.package_identification:_identify(src) by extension 'colcon_meta'
[0.321s] Level 1:colcon.colcon_core.package_identification:_identify(src) by extensions ['ros']
[0.321s] Level 1:colcon.colcon_core.package_identification:_identify(src) by extension 'ros'
[0.321s] Level 1:colcon.colcon_core.package_identification:_identify(src) by extensions ['cmake', 'python']
[0.321s] Level 1:colcon.colcon_core.package_identification:_identify(src) by extension 'cmake'
[0.321s] Level 1:colcon.colcon_core.package_identification:_identify(src) by extension 'python'
[0.322s] Level 1:colcon.colcon_core.package_identification:_identify(src) by extensions ['python_setup_py']
[0.322s] Level 1:colcon.colcon_core.package_identification:_identify(src) by extension 'python_setup_py'
[0.322s] Level 1:colcon.colcon_core.package_identification:_identify(src/controller_package) by extensions ['ignore', 'ignore_ament_install']
[0.322s] Level 1:colcon.colcon_core.package_identification:_identify(src/controller_package) by extension 'ignore'
[0.322s] Level 1:colcon.colcon_core.package_identification:_identify(src/controller_package) by extension 'ignore_ament_install'
[0.322s] Level 1:colcon.colcon_core.package_identification:_identify(src/controller_package) by extensions ['colcon_pkg']
[0.322s] Level 1:colcon.colcon_core.package_identification:_identify(src/controller_package) by extension 'colcon_pkg'
[0.322s] Level 1:colcon.colcon_core.package_identification:_identify(src/controller_package) by extensions ['colcon_meta']
[0.322s] Level 1:colcon.colcon_core.package_identification:_identify(src/controller_package) by extension 'colcon_meta'
[0.322s] Level 1:colcon.colcon_core.package_identification:_identify(src/controller_package) by extensions ['ros']
[0.322s] Level 1:colcon.colcon_core.package_identification:_identify(src/controller_package) by extension 'ros'
[0.327s] DEBUG:colcon.colcon_core.package_identification:Package 'src/controller_package' with type 'ros.ament_cmake' and name 'controller_package'
[0.327s] Level 1:colcon.colcon_core.package_discovery:discover_packages(recursive) using defaults
[0.327s] Level 1:colcon.colcon_core.package_discovery:discover_packages(ignore) discover
[0.327s] Level 1:colcon.colcon_core.package_discovery:discover_packages(ignore) using defaults
[0.327s] Level 1:colcon.colcon_core.package_discovery:discover_packages(path) discover
[0.327s] Level 1:colcon.colcon_core.package_discovery:discover_packages(path) using defaults
[0.357s] Level 1:colcon.colcon_core.package_discovery:discover_packages(prefix_path) check parameters
[0.357s] Level 1:colcon.colcon_core.package_discovery:discover_packages(prefix_path) discover
[0.360s] DEBUG:colcon.colcon_installed_package_information.package_discovery:Found 1 installed packages in /home/debraj/Documents/Webots-Ros2-Omniwheel-Simulation/install
[0.363s] DEBUG:colcon.colcon_installed_package_information.package_discovery:Found 318 installed packages in /opt/ros/jazzy
[0.366s] Level 1:colcon.colcon_core.package_discovery:discover_packages(prefix_path) using defaults
[0.459s] Level 5:colcon.colcon_core.verb:set package 'controller_package' build argument 'cmake_args' from command line to 'None'
[0.459s] Level 5:colcon.colcon_core.verb:set package 'controller_package' build argument 'cmake_target' from command line to 'None'
[0.459s] Level 5:colcon.colcon_core.verb:set package 'controller_package' build argument 'cmake_target_skip_unavailable' from command line to 'False'
[0.459s] Level 5:colcon.colcon_core.verb:set package 'controller_package' build argument 'cmake_clean_cache' from command line to 'False'
[0.459s] Level 5:colcon.colcon_core.verb:set package 'controller_package' build argument 'cmake_clean_first' from command line to 'False'
[0.459s] Level 5:colcon.colcon_core.verb:set package 'controller_package' build argument 'cmake_force_configure' from command line to 'False'
[0.459s] Level 5:colcon.colcon_core.verb:set package 'controller_package' build argument 'ament_cmake_args' from command line to 'None'
[0.459s] Level 5:colcon.colcon_core.verb:set package 'controller_package' build argument 'catkin_cmake_args' from command line to 'None'
[0.459s] Level 5:colcon.colcon_core.verb:set package 'controller_package' build argument 'catkin_skip_building_tests' from command line to 'False'
[0.459s] DEBUG:colcon.colcon_core.verb:Building package 'controller_package' with the following arguments: {'ament_cmake_args': None, 'build_base': '/home/debraj/Documents/controller/build/controller_package', 'catkin_cmake_args': None, 'catkin_skip_building_tests': False, 'cmake_args': None, 'cmake_clean_cache': False, 'cmake_clean_first': False, 'cmake_force_configure': False, 'cmake_target': None, 'cmake_target_skip_unavailable': False, 'install_base': '/home/debraj/Documents/controller/install/controller_package', 'merge_install': False, 'path': '/home/debraj/Documents/controller/src/controller_package', 'symlink_install': False, 'test_result_base': None}
[0.460s] INFO:colcon.colcon_core.executor:Executing jobs using 'parallel' executor
[0.461s] DEBUG:colcon.colcon_parallel_executor.executor.parallel:run_until_complete
[0.462s] INFO:colcon.colcon_ros.task.ament_cmake.build:Building ROS package in '/home/debraj/Documents/controller/src/controller_package' with build type 'ament_cmake'
[0.462s] INFO:colcon.colcon_cmake.task.cmake.build:Building CMake package in '/home/debraj/Documents/controller/src/controller_package'
[0.468s] INFO:colcon.colcon_core.plugin_system:Skipping extension 'colcon_core.shell.bat': Not used on non-Windows systems
[0.468s] INFO:colcon.colcon_core.shell:Skip shell extension 'powershell' for command environment: Not usable outside of PowerShell
[0.468s] DEBUG:colcon.colcon_core.shell:Skip shell extension 'dsv' for command environment
[0.492s] DEBUG:colcon.colcon_core.event_handler.log_command:Invoking command in '/home/debraj/Documents/controller/build/controller_package': CMAKE_PREFIX_PATH=${CMAKE_PREFIX_PATH}:/opt/ros/jazzy DEBUGINFOD_URLS=https://debuginfod.ubuntu.com /usr/bin/cmake /home/debraj/Documents/controller/src/controller_package -DCMAKE_INSTALL_PREFIX=/home/debraj/Documents/controller/install/controller_package
[3.219s] DEBUG:colcon.colcon_core.event_handler.log_command:Invoked command in '/home/debraj/Documents/controller/build/controller_package' returned '0': CMAKE_PREFIX_PATH=${CMAKE_PREFIX_PATH}:/opt/ros/jazzy DEBUGINFOD_URLS=https://debuginfod.ubuntu.com /usr/bin/cmake /home/debraj/Documents/controller/src/controller_package -DCMAKE_INSTALL_PREFIX=/home/debraj/Documents/controller/install/controller_package
[3.222s] DEBUG:colcon.colcon_core.event_handler.log_command:Invoking command in '/home/debraj/Documents/controller/build/controller_package': CMAKE_PREFIX_PATH=${CMAKE_PREFIX_PATH}:/opt/ros/jazzy DEBUGINFOD_URLS=https://debuginfod.ubuntu.com /usr/bin/cmake --build /home/debraj/Documents/controller/build/controller_package -- -j8 -l8
[16.287s] DEBUG:colcon.colcon_core.event_handler.log_command:Invoked command in '/home/debraj/Documents/controller/build/controller_package' returned '0': CMAKE_PREFIX_PATH=${CMAKE_PREFIX_PATH}:/opt/ros/jazzy DEBUGINFOD_URLS=https://debuginfod.ubuntu.com /usr/bin/cmake --build /home/debraj/Documents/controller/build/controller_package -- -j8 -l8
[16.329s] DEBUG:colcon.colcon_core.event_handler.log_command:Invoking command in '/home/debraj/Documents/controller/build/controller_package': CMAKE_PREFIX_PATH=${CMAKE_PREFIX_PATH}:/opt/ros/jazzy DEBUGINFOD_URLS=https://debuginfod.ubuntu.com /usr/bin/cmake --install /home/debraj/Documents/controller/build/controller_package
[16.357s] Level 1:colcon.colcon_core.environment:create_environment_scripts_only(controller_package)
[16.357s] DEBUG:colcon.colcon_core.event_handler.log_command:Invoked command in '/home/debraj/Documents/controller/build/controller_package' returned '0': CMAKE_PREFIX_PATH=${CMAKE_PREFIX_PATH}:/opt/ros/jazzy DEBUGINFOD_URLS=https://debuginfod.ubuntu.com /usr/bin/cmake --install /home/debraj/Documents/controller/build/controller_package
[16.359s] Level 1:colcon.colcon_core.environment:checking '/home/debraj/Documents/controller/install/controller_package' for CMake module files
[16.359s] Level 1:colcon.colcon_core.environment:checking '/home/debraj/Documents/controller/install/controller_package' for CMake config files
[16.360s] Level 1:colcon.colcon_core.shell:create_environment_hook('controller_package', 'cmake_prefix_path')
[16.360s] INFO:colcon.colcon_core.shell:Creating environment hook '/home/debraj/Documents/controller/install/controller_package/share/controller_package/hook/cmake_prefix_path.ps1'
[16.360s] INFO:colcon.colcon_core.shell:Creating environment descriptor '/home/debraj/Documents/controller/install/controller_package/share/controller_package/hook/cmake_prefix_path.dsv'
[16.361s] INFO:colcon.colcon_core.shell:Creating environment hook '/home/debraj/Documents/controller/install/controller_package/share/controller_package/hook/cmake_prefix_path.sh'
[16.361s] Level 1:colcon.colcon_core.environment:checking '/home/debraj/Documents/controller/install/controller_package/lib'
[16.361s] Level 1:colcon.colcon_core.environment:checking '/home/debraj/Documents/controller/install/controller_package/bin'
[16.361s] Level 1:colcon.colcon_core.environment:checking '/home/debraj/Documents/controller/install/controller_package/lib/pkgconfig/controller_package.pc'
[16.362s] Level 1:colcon.colcon_core.environment:checking '/home/debraj/Documents/controller/install/controller_package/lib/python3.12/site-packages'
[16.362s] Level 1:colcon.colcon_core.environment:checking '/home/debraj/Documents/controller/install/controller_package/bin'
[16.362s] INFO:colcon.colcon_core.shell:Creating package script '/home/debraj/Documents/controller/install/controller_package/share/controller_package/package.ps1'
[16.363s] INFO:colcon.colcon_core.shell:Creating package descriptor '/home/debraj/Documents/controller/install/controller_package/share/controller_package/package.dsv'
[16.363s] INFO:colcon.colcon_core.shell:Creating package script '/home/debraj/Documents/controller/install/controller_package/share/controller_package/package.sh'
[16.364s] INFO:colcon.colcon_core.shell:Creating package script '/home/debraj/Documents/controller/install/controller_package/share/controller_package/package.bash'
[16.364s] INFO:colcon.colcon_core.shell:Creating package script '/home/debraj/Documents/controller/install/controller_package/share/controller_package/package.zsh'
[16.364s] Level 1:colcon.colcon_core.environment:create_file_with_runtime_dependencies(/home/debraj/Documents/controller/install/controller_package/share/colcon-core/packages/controller_package)
[16.397s] Level 1:colcon.colcon_core.environment:create_environment_scripts_only(controller_package)
[16.398s] Level 1:colcon.colcon_core.environment:checking '/home/debraj/Documents/controller/install/controller_package' for CMake module files
[16.398s] Level 1:colcon.colcon_core.environment:checking '/home/debraj/Documents/controller/install/controller_package' for CMake config files
[16.398s] Level 1:colcon.colcon_core.shell:create_environment_hook('controller_package', 'cmake_prefix_path')
[16.398s] INFO:colcon.colcon_core.shell:Creating environment hook '/home/debraj/Documents/controller/install/controller_package/share/controller_package/hook/cmake_prefix_path.ps1'
[16.399s] INFO:colcon.colcon_core.shell:Creating environment descriptor '/home/debraj/Documents/controller/install/controller_package/share/controller_package/hook/cmake_prefix_path.dsv'
[16.399s] INFO:colcon.colcon_core.shell:Creating environment hook '/home/debraj/Documents/controller/install/controller_package/share/controller_package/hook/cmake_prefix_path.sh'
[16.400s] Level 1:colcon.colcon_core.environment:checking '/home/debraj/Documents/controller/install/controller_package/lib'
[16.400s] Level 1:colcon.colcon_core.environment:checking '/home/debraj/Documents/controller/install/controller_package/bin'
[16.400s] Level 1:colcon.colcon_core.environment:checking '/home/debraj/Documents/controller/install/controller_package/lib/pkgconfig/controller_package.pc'
[16.400s] Level 1:colcon.colcon_core.environment:checking '/home/debraj/Documents/controller/install/controller_package/lib/python3.12/site-packages'
[16.400s] Level 1:colcon.colcon_core.environment:checking '/home/debraj/Documents/controller/install/controller_package/bin'
[16.400s] INFO:colcon.colcon_core.shell:Creating package script '/home/debraj/Documents/controller/install/controller_package/share/controller_package/package.ps1'
[16.401s] INFO:colcon.colcon_core.shell:Creating package descriptor '/home/debraj/Documents/controller/install/controller_package/share/controller_package/package.dsv'
[16.401s] INFO:colcon.colcon_core.shell:Creating package script '/home/debraj/Documents/controller/install/controller_package/share/controller_package/package.sh'
[16.402s] INFO:colcon.colcon_core.shell:Creating package script '/home/debraj/Documents/controller/install/controller_package/share/controller_package/package.bash'
[16.402s] INFO:colcon.colcon_core.shell:Creating package script '/home/debraj/Documents/controller/install/controller_package/share/controller_package/package.zsh'
[16.402s] Level 1:colcon.colcon_core.environment:create_file_with_runtime_dependencies(/home/debraj/Documents/controller/install/controller_package/share/colcon-core/packages/controller_package)
[16.402s] DEBUG:colcon.colcon_parallel_executor.executor.parallel:closing loop
[16.403s] DEBUG:colcon.colcon_parallel_executor.executor.parallel:loop closed
[16.403s] DEBUG:colcon.colcon_parallel_executor.executor.parallel:run_until_complete finished with '0'
[16.403s] DEBUG:colcon.colcon_core.event_reactor:joining thread
[16.414s] INFO:colcon.colcon_core.plugin_system:Skipping extension 'colcon_notification.desktop_notification.terminal_notifier': Not used on non-Darwin systems
[16.414s] INFO:colcon.colcon_core.plugin_system:Skipping extension 'colcon_notification.desktop_notification.win32': Not used on non-Windows systems
[16.414s] INFO:colcon.colcon_notification.desktop_notification:Sending desktop notification using 'notify2'
[16.433s] DEBUG:colcon.colcon_core.event_reactor:joined thread
[16.434s] INFO:colcon.colcon_core.shell:Creating prefix script '/home/debraj/Documents/controller/install/local_setup.ps1'
[16.435s] INFO:colcon.colcon_core.shell:Creating prefix util module '/home/debraj/Documents/controller/install/_local_setup_util_ps1.py'
[16.436s] INFO:colcon.colcon_core.shell:Creating prefix chain script '/home/debraj/Documents/controller/install/setup.ps1'
[16.437s] INFO:colcon.colcon_core.shell:Creating prefix script '/home/debraj/Documents/controller/install/local_setup.sh'
[16.437s] INFO:colcon.colcon_core.shell:Creating prefix util module '/home/debraj/Documents/controller/install/_local_setup_util_sh.py'
[16.438s] INFO:colcon.colcon_core.shell:Creating prefix chain script '/home/debraj/Documents/controller/install/setup.sh'
[16.439s] INFO:colcon.colcon_core.shell:Creating prefix script '/home/debraj/Documents/controller/install/local_setup.bash'
[16.439s] INFO:colcon.colcon_core.shell:Creating prefix chain script '/home/debraj/Documents/controller/install/setup.bash'
[16.440s] INFO:colcon.colcon_core.shell:Creating prefix script '/home/debraj/Documents/controller/install/local_setup.zsh'
[16.440s] INFO:colcon.colcon_core.shell:Creating prefix chain script '/home/debraj/Documents/controller/install/setup.zsh'
