[0.027s] Invoking command in '/home/debraj/Documents/controller/build/controller_package': CMAKE_PREFIX_PATH=${CMAKE_PREFIX_PATH}:/opt/ros/jazzy DEBUGINFOD_URLS=https://debuginfod.ubuntu.com /usr/bin/cmake --build /home/debraj/Documents/controller/build/controller_package -- -j8 -l8
[0.086s] -- Found ament_cmake: 2.5.2 (/opt/ros/jazzy/share/ament_cmake/cmake)
[0.535s] -- Found rclcpp: 28.1.5 (/opt/ros/jazzy/share/rclcpp/cmake)
[0.588s] -- Found rosidl_generator_c: 4.6.4 (/opt/ros/jazzy/share/rosidl_generator_c/cmake)
[0.608s] -- Found rosidl_generator_cpp: 4.6.4 (/opt/ros/jazzy/share/rosidl_generator_cpp/cmake)
[0.632s] -- Using all available rosidl_typesupport_c: rosidl_typesupport_fastrtps_c;rosidl_typesupport_introspection_c
[0.659s] -- Using all available rosidl_typesupport_cpp: rosidl_typesupport_fastrtps_cpp;rosidl_typesupport_introspection_cpp
[0.784s] -- Found rmw_implementation_cmake: 7.3.1 (/opt/ros/jazzy/share/rmw_implementation_cmake/cmake)
[0.786s] -- Found rmw_fastrtps_cpp: 8.4.1 (/opt/ros/jazzy/share/rmw_fastrtps_cpp/cmake)
[0.919s] -- Using RMW implementation 'rmw_fastrtps_cpp' as default
[1.049s] -- Found geometry_msgs: 5.3.5 (/opt/ros/jazzy/share/geometry_msgs/cmake)
[1.118s] -- Found webots_ros2_driver: 2023.1.3 (/opt/ros/jazzy/share/webots_ros2_driver/cmake)
[1.184s] -- Found eigen3_cmake_module: 0.3.0 (/opt/ros/jazzy/share/eigen3_cmake_module/cmake)
[1.187s] -- Ensuring Eigen3 include directory is part of orocos-kdl CMake target
[1.542s] -- Found pluginlib: 5.4.2 (/opt/ros/jazzy/share/pluginlib/cmake)
[1.571s] -- Found Boost: /usr/lib/x86_64-linux-gnu/cmake/Boost-1.83.0/BoostConfig.cmake (found version "1.83.0") found components: program_options 
[1.581s] -- Found Boost: /usr/lib/x86_64-linux-gnu/cmake/Boost-1.83.0/BoostConfig.cmake (found version "1.83.0")  
[1.607s] -- Found ament_lint_auto: 0.17.1 (/opt/ros/jazzy/share/ament_lint_auto/cmake)
[1.792s] -- Added test 'cppcheck' to perform static code analysis on C / C++ code
[1.792s] -- Configured cppcheck include dirs: /home/debraj/Documents/controller/src/controller_package/include;$<BUILD_INTERFACE:/home/debraj/Documents/controller/src/controller_package/include>
[1.793s] -- Configured cppcheck exclude dirs and/or files: 
[1.794s] -- Added test 'lint_cmake' to check CMake code style
[1.795s] -- Added test 'uncrustify' to check C / C++ code style
[1.796s] -- Configured uncrustify additional arguments: 
[1.796s] -- Added test 'xmllint' to check XML markup files
[1.798s] -- Configuring done (1.7s)
[1.881s] -- Generating done (0.1s)
[1.886s] -- Build files have been written to: /home/debraj/Documents/controller/build/controller_package
[1.996s] [ 50%] [32mBuilding CXX object CMakeFiles/controller.dir/src/controller.cpp.o[0m
[15.947s] [100%] [32m[1mLinking CXX executable controller[0m
[17.324s] [100%] Built target controller
[17.338s] Invoked command in '/home/debraj/Documents/controller/build/controller_package' returned '0': CMAKE_PREFIX_PATH=${CMAKE_PREFIX_PATH}:/opt/ros/jazzy DEBUGINFOD_URLS=https://debuginfod.ubuntu.com /usr/bin/cmake --build /home/debraj/Documents/controller/build/controller_package -- -j8 -l8
[17.386s] Invoking command in '/home/debraj/Documents/controller/build/controller_package': CMAKE_PREFIX_PATH=${CMAKE_PREFIX_PATH}:/opt/ros/jazzy DEBUGINFOD_URLS=https://debuginfod.ubuntu.com /usr/bin/cmake --install /home/debraj/Documents/controller/build/controller_package
[17.395s] -- Install configuration: ""
[17.395s] -- Installing: /home/debraj/Documents/controller/install/controller_package/lib/controller_package/controller
[17.403s] -- Set non-toolchain portion of runtime path of "/home/debraj/Documents/controller/install/controller_package/lib/controller_package/controller" to ""
[17.403s] -- Up-to-date: /home/debraj/Documents/controller/install/controller_package/share/ament_index/resource_index/package_run_dependencies/controller_package
[17.403s] -- Up-to-date: /home/debraj/Documents/controller/install/controller_package/share/ament_index/resource_index/parent_prefix_path/controller_package
[17.403s] -- Up-to-date: /home/debraj/Documents/controller/install/controller_package/share/controller_package/environment/ament_prefix_path.sh
[17.404s] -- Up-to-date: /home/debraj/Documents/controller/install/controller_package/share/controller_package/environment/ament_prefix_path.dsv
[17.404s] -- Up-to-date: /home/debraj/Documents/controller/install/controller_package/share/controller_package/environment/path.sh
[17.404s] -- Up-to-date: /home/debraj/Documents/controller/install/controller_package/share/controller_package/environment/path.dsv
[17.404s] -- Up-to-date: /home/debraj/Documents/controller/install/controller_package/share/controller_package/local_setup.bash
[17.404s] -- Up-to-date: /home/debraj/Documents/controller/install/controller_package/share/controller_package/local_setup.sh
[17.404s] -- Up-to-date: /home/debraj/Documents/controller/install/controller_package/share/controller_package/local_setup.zsh
[17.404s] -- Up-to-date: /home/debraj/Documents/controller/install/controller_package/share/controller_package/local_setup.dsv
[17.404s] -- Installing: /home/debraj/Documents/controller/install/controller_package/share/controller_package/package.dsv
[17.404s] -- Up-to-date: /home/debraj/Documents/controller/install/controller_package/share/ament_index/resource_index/packages/controller_package
[17.404s] -- Up-to-date: /home/debraj/Documents/controller/install/controller_package/share/controller_package/cmake/controller_packageConfig.cmake
[17.404s] -- Up-to-date: /home/debraj/Documents/controller/install/controller_package/share/controller_package/cmake/controller_packageConfig-version.cmake
[17.405s] -- Up-to-date: /home/debraj/Documents/controller/install/controller_package/share/controller_package/package.xml
[17.406s] Invoked command in '/home/debraj/Documents/controller/build/controller_package' returned '0': CMAKE_PREFIX_PATH=${CMAKE_PREFIX_PATH}:/opt/ros/jazzy DEBUGINFOD_URLS=https://debuginfod.ubuntu.com /usr/bin/cmake --install /home/debraj/Documents/controller/build/controller_package
