[0.185s] DEBUG:colcon:Command line arguments: ['/usr/bin/colcon', 'build']
[0.185s] DEBUG:colcon:Parsed command line arguments: Namespace(log_base=None, log_level=None, verb_name='build', build_base='build', install_base='install', merge_install=False, symlink_install=False, test_result_base=None, continue_on_error=False, executor='parallel', parallel_workers=24, event_handlers=None, ignore_user_meta=False, metas=['./colcon.meta'], base_paths=['.'], packages_ignore=None, packages_ignore_regex=None, paths=None, packages_up_to=None, packages_up_to_regex=None, packages_above=None, packages_above_and_dependencies=None, packages_above_depth=None, packages_select_by_dep=None, packages_skip_by_dep=None, packages_skip_up_to=None, packages_select_build_failed=False, packages_skip_build_finished=False, packages_select_test_failures=False, packages_skip_test_passed=False, packages_select=None, packages_skip=None, packages_select_regex=None, packages_skip_regex=None, packages_start=None, packages_end=None, allow_overriding=[], cmake_args=None, cmake_target=None, cmake_target_skip_unavailable=False, cmake_clean_cache=False, cmake_clean_first=False, cmake_force_configure=False, ament_cmake_args=None, catkin_cmake_args=None, catkin_skip_building_tests=False, mixin_files=None, mixin=None, verb_parser=<colcon_mixin.mixin.mixin_argument.MixinArgumentDecorator object at 0x70be49f72ea0>, verb_extension=<colcon_core.verb.build.BuildVerb object at 0x70be4a099160>, main=<bound method BuildVerb.main of <colcon_core.verb.build.BuildVerb object at 0x70be4a099160>>, mixin_verb=('build',))
[0.245s] Level 1:colcon.colcon_core.package_discovery:discover_packages(colcon_meta) check parameters
[0.245s] Level 1:colcon.colcon_core.package_discovery:discover_packages(recursive) check parameters
[0.245s] Level 1:colcon.colcon_core.package_discovery:discover_packages(ignore) check parameters
[0.245s] Level 1:colcon.colcon_core.package_discovery:discover_packages(path) check parameters
[0.245s] Level 1:colcon.colcon_core.package_discovery:discover_packages(colcon_meta) discover
[0.246s] Level 1:colcon.colcon_core.package_discovery:discover_packages(recursive) discover
[0.246s] INFO:colcon.colcon_core.package_discovery:Crawling recursively for packages in '/home/aruz/Final_Motion/controller'
[0.246s] Level 1:colcon.colcon_core.package_identification:_identify(.) by extensions ['ignore', 'ignore_ament_install']
[0.246s] Level 1:colcon.colcon_core.package_identification:_identify(.) by extension 'ignore'
[0.246s] Level 1:colcon.colcon_core.package_identification:_identify(.) by extension 'ignore_ament_install'
[0.246s] Level 1:colcon.colcon_core.package_identification:_identify(.) by extensions ['colcon_pkg']
[0.247s] Level 1:colcon.colcon_core.package_identification:_identify(.) by extension 'colcon_pkg'
[0.247s] Level 1:colcon.colcon_core.package_identification:_identify(.) by extensions ['colcon_meta']
[0.247s] Level 1:colcon.colcon_core.package_identification:_identify(.) by extension 'colcon_meta'
[0.247s] Level 1:colcon.colcon_core.package_identification:_identify(.) by extensions ['ros']
[0.247s] Level 1:colcon.colcon_core.package_identification:_identify(.) by extension 'ros'
[0.295s] Level 1:colcon.colcon_core.package_identification:_identify(.) by extensions ['cmake', 'python']
[0.296s] Level 1:colcon.colcon_core.package_identification:_identify(.) by extension 'cmake'
[0.296s] Level 1:colcon.colcon_core.package_identification:_identify(.) by extension 'python'
[0.296s] Level 1:colcon.colcon_core.package_identification:_identify(.) by extensions ['python_setup_py']
[0.296s] Level 1:colcon.colcon_core.package_identification:_identify(.) by extension 'python_setup_py'
[0.296s] Level 1:colcon.colcon_core.package_identification:_identify(build) by extensions ['ignore', 'ignore_ament_install']
[0.296s] Level 1:colcon.colcon_core.package_identification:_identify(build) by extension 'ignore'
[0.297s] Level 1:colcon.colcon_core.package_identification:_identify(build) ignored
[0.297s] Level 1:colcon.colcon_core.package_identification:_identify(install) by extensions ['ignore', 'ignore_ament_install']
[0.297s] Level 1:colcon.colcon_core.package_identification:_identify(install) by extension 'ignore'
[0.297s] Level 1:colcon.colcon_core.package_identification:_identify(install) ignored
[0.298s] Level 1:colcon.colcon_core.package_identification:_identify(log) by extensions ['ignore', 'ignore_ament_install']
[0.298s] Level 1:colcon.colcon_core.package_identification:_identify(log) by extension 'ignore'
[0.298s] Level 1:colcon.colcon_core.package_identification:_identify(log) ignored
[0.298s] Level 1:colcon.colcon_core.package_identification:_identify(src) by extensions ['ignore', 'ignore_ament_install']
[0.298s] Level 1:colcon.colcon_core.package_identification:_identify(src) by extension 'ignore'
[0.298s] Level 1:colcon.colcon_core.package_identification:_identify(src) by extension 'ignore_ament_install'
[0.299s] Level 1:colcon.colcon_core.package_identification:_identify(src) by extensions ['colcon_pkg']
[0.299s] Level 1:colcon.colcon_core.package_identification:_identify(src) by extension 'colcon_pkg'
[0.299s] Level 1:colcon.colcon_core.package_identification:_identify(src) by extensions ['colcon_meta']
[0.299s] Level 1:colcon.colcon_core.package_identification:_identify(src) by extension 'colcon_meta'
[0.299s] Level 1:colcon.colcon_core.package_identification:_identify(src) by extensions ['ros']
[0.299s] Level 1:colcon.colcon_core.package_identification:_identify(src) by extension 'ros'
[0.299s] Level 1:colcon.colcon_core.package_identification:_identify(src) by extensions ['cmake', 'python']
[0.299s] Level 1:colcon.colcon_core.package_identification:_identify(src) by extension 'cmake'
[0.299s] Level 1:colcon.colcon_core.package_identification:_identify(src) by extension 'python'
[0.299s] Level 1:colcon.colcon_core.package_identification:_identify(src) by extensions ['python_setup_py']
[0.299s] Level 1:colcon.colcon_core.package_identification:_identify(src) by extension 'python_setup_py'
[0.300s] Level 1:colcon.colcon_core.package_identification:_identify(src/controller_package) by extensions ['ignore', 'ignore_ament_install']
[0.300s] Level 1:colcon.colcon_core.package_identification:_identify(src/controller_package) by extension 'ignore'
[0.300s] Level 1:colcon.colcon_core.package_identification:_identify(src/controller_package) by extension 'ignore_ament_install'
[0.300s] Level 1:colcon.colcon_core.package_identification:_identify(src/controller_package) by extensions ['colcon_pkg']
[0.300s] Level 1:colcon.colcon_core.package_identification:_identify(src/controller_package) by extension 'colcon_pkg'
[0.300s] Level 1:colcon.colcon_core.package_identification:_identify(src/controller_package) by extensions ['colcon_meta']
[0.300s] Level 1:colcon.colcon_core.package_identification:_identify(src/controller_package) by extension 'colcon_meta'
[0.300s] Level 1:colcon.colcon_core.package_identification:_identify(src/controller_package) by extensions ['ros']
[0.300s] Level 1:colcon.colcon_core.package_identification:_identify(src/controller_package) by extension 'ros'
[0.307s] DEBUG:colcon.colcon_core.package_identification:Package 'src/controller_package' with type 'ros.ament_cmake' and name 'controller_package'
[0.308s] Level 1:colcon.colcon_core.package_discovery:discover_packages(recursive) using defaults
[0.308s] Level 1:colcon.colcon_core.package_discovery:discover_packages(ignore) discover
[0.308s] Level 1:colcon.colcon_core.package_discovery:discover_packages(ignore) using defaults
[0.308s] Level 1:colcon.colcon_core.package_discovery:discover_packages(path) discover
[0.308s] Level 1:colcon.colcon_core.package_discovery:discover_packages(path) using defaults
[0.335s] Level 1:colcon.colcon_core.package_discovery:discover_packages(prefix_path) check parameters
[0.335s] Level 1:colcon.colcon_core.package_discovery:discover_packages(prefix_path) discover
[0.337s] DEBUG:colcon.colcon_installed_package_information.package_discovery:Found 1 installed packages in /home/aruz/Final_Motion/controller/install
[0.338s] DEBUG:colcon.colcon_installed_package_information.package_discovery:Found 1 installed packages in /home/aruz/webots_ws/install
[0.338s] DEBUG:colcon.colcon_installed_package_information.package_discovery:Found 3 installed packages in /home/aruz/ros2_ws/install
[0.340s] DEBUG:colcon.colcon_installed_package_information.package_discovery:Found 318 installed packages in /opt/ros/jazzy
[0.342s] Level 1:colcon.colcon_core.package_discovery:discover_packages(prefix_path) using defaults
[0.412s] Level 5:colcon.colcon_core.verb:set package 'controller_package' build argument 'cmake_args' from command line to 'None'
[0.412s] Level 5:colcon.colcon_core.verb:set package 'controller_package' build argument 'cmake_target' from command line to 'None'
[0.412s] Level 5:colcon.colcon_core.verb:set package 'controller_package' build argument 'cmake_target_skip_unavailable' from command line to 'False'
[0.412s] Level 5:colcon.colcon_core.verb:set package 'controller_package' build argument 'cmake_clean_cache' from command line to 'False'
[0.412s] Level 5:colcon.colcon_core.verb:set package 'controller_package' build argument 'cmake_clean_first' from command line to 'False'
[0.412s] Level 5:colcon.colcon_core.verb:set package 'controller_package' build argument 'cmake_force_configure' from command line to 'False'
[0.413s] Level 5:colcon.colcon_core.verb:set package 'controller_package' build argument 'ament_cmake_args' from command line to 'None'
[0.413s] Level 5:colcon.colcon_core.verb:set package 'controller_package' build argument 'catkin_cmake_args' from command line to 'None'
[0.413s] Level 5:colcon.colcon_core.verb:set package 'controller_package' build argument 'catkin_skip_building_tests' from command line to 'False'
[0.413s] DEBUG:colcon.colcon_core.verb:Building package 'controller_package' with the following arguments: {'ament_cmake_args': None, 'build_base': '/home/aruz/Final_Motion/controller/build/controller_package', 'catkin_cmake_args': None, 'catkin_skip_building_tests': False, 'cmake_args': None, 'cmake_clean_cache': False, 'cmake_clean_first': False, 'cmake_force_configure': False, 'cmake_target': None, 'cmake_target_skip_unavailable': False, 'install_base': '/home/aruz/Final_Motion/controller/install/controller_package', 'merge_install': False, 'path': '/home/aruz/Final_Motion/controller/src/controller_package', 'symlink_install': False, 'test_result_base': None}
[0.413s] INFO:colcon.colcon_core.executor:Executing jobs using 'parallel' executor
[0.414s] DEBUG:colcon.colcon_parallel_executor.executor.parallel:run_until_complete
[0.414s] INFO:colcon.colcon_ros.task.ament_cmake.build:Building ROS package in '/home/aruz/Final_Motion/controller/src/controller_package' with build type 'ament_cmake'
[0.414s] INFO:colcon.colcon_cmake.task.cmake.build:Building CMake package in '/home/aruz/Final_Motion/controller/src/controller_package'
[0.417s] INFO:colcon.colcon_core.plugin_system:Skipping extension 'colcon_core.shell.bat': Not used on non-Windows systems
[0.417s] INFO:colcon.colcon_core.shell:Skip shell extension 'powershell' for command environment: Not usable outside of PowerShell
[0.417s] DEBUG:colcon.colcon_core.shell:Skip shell extension 'dsv' for command environment
[0.430s] DEBUG:colcon.colcon_core.event_handler.log_command:Invoking command in '/home/aruz/Final_Motion/controller/build/controller_package': CMAKE_PREFIX_PATH=${CMAKE_PREFIX_PATH}:/opt/ros/jazzy DEBUGINFOD_URLS=https://debuginfod.ubuntu.com /usr/bin/cmake --build /home/aruz/Final_Motion/controller/build/controller_package -- -j24 -l24
[17.954s] DEBUG:colcon.colcon_core.event_handler.log_command:Invoked command in '/home/aruz/Final_Motion/controller/build/controller_package' returned '0': CMAKE_PREFIX_PATH=${CMAKE_PREFIX_PATH}:/opt/ros/jazzy DEBUGINFOD_URLS=https://debuginfod.ubuntu.com /usr/bin/cmake --build /home/aruz/Final_Motion/controller/build/controller_package -- -j24 -l24
[18.014s] DEBUG:colcon.colcon_core.event_handler.log_command:Invoking command in '/home/aruz/Final_Motion/controller/build/controller_package': CMAKE_PREFIX_PATH=${CMAKE_PREFIX_PATH}:/opt/ros/jazzy DEBUGINFOD_URLS=https://debuginfod.ubuntu.com /usr/bin/cmake --install /home/aruz/Final_Motion/controller/build/controller_package
[18.037s] Level 1:colcon.colcon_core.environment:create_environment_scripts_only(controller_package)
[18.037s] DEBUG:colcon.colcon_core.event_handler.log_command:Invoked command in '/home/aruz/Final_Motion/controller/build/controller_package' returned '0': CMAKE_PREFIX_PATH=${CMAKE_PREFIX_PATH}:/opt/ros/jazzy DEBUGINFOD_URLS=https://debuginfod.ubuntu.com /usr/bin/cmake --install /home/aruz/Final_Motion/controller/build/controller_package
[18.041s] Level 1:colcon.colcon_core.environment:checking '/home/aruz/Final_Motion/controller/install/controller_package' for CMake module files
[18.043s] Level 1:colcon.colcon_core.environment:checking '/home/aruz/Final_Motion/controller/install/controller_package' for CMake config files
[18.043s] Level 1:colcon.colcon_core.shell:create_environment_hook('controller_package', 'cmake_prefix_path')
[18.043s] INFO:colcon.colcon_core.shell:Creating environment hook '/home/aruz/Final_Motion/controller/install/controller_package/share/controller_package/hook/cmake_prefix_path.ps1'
[18.045s] INFO:colcon.colcon_core.shell:Creating environment descriptor '/home/aruz/Final_Motion/controller/install/controller_package/share/controller_package/hook/cmake_prefix_path.dsv'
[18.046s] INFO:colcon.colcon_core.shell:Creating environment hook '/home/aruz/Final_Motion/controller/install/controller_package/share/controller_package/hook/cmake_prefix_path.sh'
[18.047s] Level 1:colcon.colcon_core.environment:checking '/home/aruz/Final_Motion/controller/install/controller_package/lib'
[18.048s] Level 1:colcon.colcon_core.environment:checking '/home/aruz/Final_Motion/controller/install/controller_package/bin'
[18.048s] Level 1:colcon.colcon_core.environment:checking '/home/aruz/Final_Motion/controller/install/controller_package/lib/pkgconfig/controller_package.pc'
[18.049s] Level 1:colcon.colcon_core.environment:checking '/home/aruz/Final_Motion/controller/install/controller_package/lib/python3.12/site-packages'
[18.049s] Level 1:colcon.colcon_core.environment:checking '/home/aruz/Final_Motion/controller/install/controller_package/bin'
[18.050s] INFO:colcon.colcon_core.shell:Creating package script '/home/aruz/Final_Motion/controller/install/controller_package/share/controller_package/package.ps1'
[18.051s] INFO:colcon.colcon_core.shell:Creating package descriptor '/home/aruz/Final_Motion/controller/install/controller_package/share/controller_package/package.dsv'
[18.052s] INFO:colcon.colcon_core.shell:Creating package script '/home/aruz/Final_Motion/controller/install/controller_package/share/controller_package/package.sh'
[18.054s] INFO:colcon.colcon_core.shell:Creating package script '/home/aruz/Final_Motion/controller/install/controller_package/share/controller_package/package.bash'
[18.055s] INFO:colcon.colcon_core.shell:Creating package script '/home/aruz/Final_Motion/controller/install/controller_package/share/controller_package/package.zsh'
[18.055s] Level 1:colcon.colcon_core.environment:create_file_with_runtime_dependencies(/home/aruz/Final_Motion/controller/install/controller_package/share/colcon-core/packages/controller_package)
[18.096s] Level 1:colcon.colcon_core.environment:create_environment_scripts_only(controller_package)
[18.096s] Level 1:colcon.colcon_core.environment:checking '/home/aruz/Final_Motion/controller/install/controller_package' for CMake module files
[18.097s] Level 1:colcon.colcon_core.environment:checking '/home/aruz/Final_Motion/controller/install/controller_package' for CMake config files
[18.098s] Level 1:colcon.colcon_core.shell:create_environment_hook('controller_package', 'cmake_prefix_path')
[18.098s] INFO:colcon.colcon_core.shell:Creating environment hook '/home/aruz/Final_Motion/controller/install/controller_package/share/controller_package/hook/cmake_prefix_path.ps1'
[18.099s] INFO:colcon.colcon_core.shell:Creating environment descriptor '/home/aruz/Final_Motion/controller/install/controller_package/share/controller_package/hook/cmake_prefix_path.dsv'
[18.100s] INFO:colcon.colcon_core.shell:Creating environment hook '/home/aruz/Final_Motion/controller/install/controller_package/share/controller_package/hook/cmake_prefix_path.sh'
[18.101s] Level 1:colcon.colcon_core.environment:checking '/home/aruz/Final_Motion/controller/install/controller_package/lib'
[18.102s] Level 1:colcon.colcon_core.environment:checking '/home/aruz/Final_Motion/controller/install/controller_package/bin'
[18.102s] Level 1:colcon.colcon_core.environment:checking '/home/aruz/Final_Motion/controller/install/controller_package/lib/pkgconfig/controller_package.pc'
[18.102s] Level 1:colcon.colcon_core.environment:checking '/home/aruz/Final_Motion/controller/install/controller_package/lib/python3.12/site-packages'
[18.103s] Level 1:colcon.colcon_core.environment:checking '/home/aruz/Final_Motion/controller/install/controller_package/bin'
[18.103s] INFO:colcon.colcon_core.shell:Creating package script '/home/aruz/Final_Motion/controller/install/controller_package/share/controller_package/package.ps1'
[18.105s] INFO:colcon.colcon_core.shell:Creating package descriptor '/home/aruz/Final_Motion/controller/install/controller_package/share/controller_package/package.dsv'
[18.105s] INFO:colcon.colcon_core.shell:Creating package script '/home/aruz/Final_Motion/controller/install/controller_package/share/controller_package/package.sh'
[18.106s] INFO:colcon.colcon_core.shell:Creating package script '/home/aruz/Final_Motion/controller/install/controller_package/share/controller_package/package.bash'
[18.107s] INFO:colcon.colcon_core.shell:Creating package script '/home/aruz/Final_Motion/controller/install/controller_package/share/controller_package/package.zsh'
[18.108s] Level 1:colcon.colcon_core.environment:create_file_with_runtime_dependencies(/home/aruz/Final_Motion/controller/install/controller_package/share/colcon-core/packages/controller_package)
[18.108s] DEBUG:colcon.colcon_parallel_executor.executor.parallel:closing loop
[18.109s] DEBUG:colcon.colcon_parallel_executor.executor.parallel:loop closed
[18.110s] DEBUG:colcon.colcon_parallel_executor.executor.parallel:run_until_complete finished with '0'
[18.110s] DEBUG:colcon.colcon_core.event_reactor:joining thread
[18.121s] INFO:colcon.colcon_core.plugin_system:Skipping extension 'colcon_notification.desktop_notification.terminal_notifier': Not used on non-Darwin systems
[18.121s] INFO:colcon.colcon_core.plugin_system:Skipping extension 'colcon_notification.desktop_notification.win32': Not used on non-Windows systems
[18.121s] INFO:colcon.colcon_notification.desktop_notification:Sending desktop notification using 'notify2'
[18.142s] DEBUG:colcon.colcon_core.event_reactor:joined thread
[18.142s] INFO:colcon.colcon_core.shell:Creating prefix script '/home/aruz/Final_Motion/controller/install/local_setup.ps1'
[18.143s] INFO:colcon.colcon_core.shell:Creating prefix util module '/home/aruz/Final_Motion/controller/install/_local_setup_util_ps1.py'
[18.144s] INFO:colcon.colcon_core.shell:Creating prefix chain script '/home/aruz/Final_Motion/controller/install/setup.ps1'
[18.146s] INFO:colcon.colcon_core.shell:Creating prefix script '/home/aruz/Final_Motion/controller/install/local_setup.sh'
[18.146s] INFO:colcon.colcon_core.shell:Creating prefix util module '/home/aruz/Final_Motion/controller/install/_local_setup_util_sh.py'
[18.147s] INFO:colcon.colcon_core.shell:Creating prefix chain script '/home/aruz/Final_Motion/controller/install/setup.sh'
[18.148s] INFO:colcon.colcon_core.shell:Creating prefix script '/home/aruz/Final_Motion/controller/install/local_setup.bash'
[18.148s] INFO:colcon.colcon_core.shell:Creating prefix chain script '/home/aruz/Final_Motion/controller/install/setup.bash'
[18.150s] INFO:colcon.colcon_core.shell:Creating prefix script '/home/aruz/Final_Motion/controller/install/local_setup.zsh'
[18.151s] INFO:colcon.colcon_core.shell:Creating prefix chain script '/home/aruz/Final_Motion/controller/install/setup.zsh'
