-- The C compiler identification is GNU 13.2.0
-- The CXX compiler identification is GNU 13.2.0
-- Detecting C compiler ABI info
-- Detecting C compiler ABI info - done
-- Check for working C compiler: /usr/bin/cc - skipped
-- Detecting C compile features
-- Detecting C compile features - done
-- Detecting CXX compiler ABI info
-- Detecting CXX compiler ABI info - done
-- Check for working CXX compiler: /usr/bin/c++ - skipped
-- Detecting CXX compile features
-- Detecting CXX compile features - done
-- Found ament_cmake: 2.5.2 (/opt/ros/jazzy/share/ament_cmake/cmake)
-- Found Python3: /usr/bin/python3 (found version "3.12.3") found components: Interpreter 
-- Found rclcpp: 28.1.5 (/opt/ros/jazzy/share/rclcpp/cmake)
-- Found rosidl_generator_c: 4.6.4 (/opt/ros/jazzy/share/rosidl_generator_c/cmake)
-- Found rosidl_generator_cpp: 4.6.4 (/opt/ros/jazzy/share/rosidl_generator_cpp/cmake)
-- Using all available rosidl_typesupport_c: rosidl_typesupport_fastrtps_c;rosidl_typesupport_introspection_c
-- Using all available rosidl_typesupport_cpp: rosidl_typesupport_fastrtps_cpp;rosidl_typesupport_introspection_cpp
-- Found rmw_implementation_cmake: 7.3.1 (/opt/ros/jazzy/share/rmw_implementation_cmake/cmake)
-- Found rmw_fastrtps_cpp: 8.4.1 (/opt/ros/jazzy/share/rmw_fastrtps_cpp/cmake)
-- Found OpenSSL: /usr/lib/x86_64-linux-gnu/libcrypto.so (found version "3.0.13")  
-- Found FastRTPS: /opt/ros/jazzy/include (Required is at least version "2.13") 
-- Using RMW implementation 'rmw_fastrtps_cpp' as default
-- Found geometry_msgs: 5.3.5 (/opt/ros/jazzy/share/geometry_msgs/cmake)
-- Found webots_ros2_driver: 2023.1.3 (/opt/ros/jazzy/share/webots_ros2_driver/cmake)
-- Found eigen3_cmake_module: 0.3.0 (/opt/ros/jazzy/share/eigen3_cmake_module/cmake)
-- Found Eigen3: TRUE (found version "3.4.0") 
-- Ensuring Eigen3 include directory is part of orocos-kdl CMake target
-- Found pluginlib: 5.4.2 (/opt/ros/jazzy/share/pluginlib/cmake)
-- Found ompl: /usr/include/ompl-1.5;/usr/include;/usr/include/eigen3;/usr/include/hdf5/openmpi;/usr/lib/x86_64-linux-gnu/openmpi/include;/usr/lib/x86_64-linux-gnu/fortran/gfortran-mod-15/openmpi;/usr/lib/x86_64-linux-gnu/openmpi/include/openmpi  
-- Found OpenCV: /usr (found version "4.6.0") 
-- Found Boost: /usr/lib/x86_64-linux-gnu/cmake/Boost-1.83.0/BoostConfig.cmake (found version "1.83.0") found components: program_options 
-- Found Boost: /usr/lib/x86_64-linux-gnu/cmake/Boost-1.83.0/BoostConfig.cmake (found version "1.83.0")  
-- Found ament_lint_auto: 0.17.1 (/opt/ros/jazzy/share/ament_lint_auto/cmake)
-- Added test 'cppcheck' to perform static code analysis on C / C++ code
-- Configured cppcheck include dirs: /home/aruz/Final_Motion/controller/src/controller_package/include;$<BUILD_INTERFACE:/home/aruz/Final_Motion/controller/src/controller_package/include>
-- Configured cppcheck exclude dirs and/or files: 
-- Added test 'lint_cmake' to check CMake code style
-- Added test 'uncrustify' to check C / C++ code style
-- Configured uncrustify additional arguments: 
-- Added test 'xmllint' to check XML markup files
-- Configuring done (2.0s)
-- Generating done (0.0s)
-- Build files have been written to: /home/aruz/Final_Motion/controller/build/controller_package
[ 50%] [32mBuilding CXX object CMakeFiles/controller.dir/src/controller.cpp.o[0m
[100%] [32m[1mLinking CXX executable controller[0m
[100%] Built target controller
-- Install configuration: ""
-- Installing: /home/aruz/Final_Motion/controller/install/controller_package/lib/controller_package/controller
-- Set non-toolchain portion of runtime path of "/home/aruz/Final_Motion/controller/install/controller_package/lib/controller_package/controller" to ""
-- Installing: /home/aruz/Final_Motion/controller/install/controller_package/share/ament_index/resource_index/package_run_dependencies/controller_package
-- Installing: /home/aruz/Final_Motion/controller/install/controller_package/share/ament_index/resource_index/parent_prefix_path/controller_package
-- Installing: /home/aruz/Final_Motion/controller/install/controller_package/share/controller_package/environment/ament_prefix_path.sh
-- Installing: /home/aruz/Final_Motion/controller/install/controller_package/share/controller_package/environment/ament_prefix_path.dsv
-- Installing: /home/aruz/Final_Motion/controller/install/controller_package/share/controller_package/environment/path.sh
-- Installing: /home/aruz/Final_Motion/controller/install/controller_package/share/controller_package/environment/path.dsv
-- Installing: /home/aruz/Final_Motion/controller/install/controller_package/share/controller_package/local_setup.bash
-- Installing: /home/aruz/Final_Motion/controller/install/controller_package/share/controller_package/local_setup.sh
-- Installing: /home/aruz/Final_Motion/controller/install/controller_package/share/controller_package/local_setup.zsh
-- Installing: /home/aruz/Final_Motion/controller/install/controller_package/share/controller_package/local_setup.dsv
-- Installing: /home/aruz/Final_Motion/controller/install/controller_package/share/controller_package/package.dsv
-- Installing: /home/aruz/Final_Motion/controller/install/controller_package/share/ament_index/resource_index/packages/controller_package
-- Installing: /home/aruz/Final_Motion/controller/install/controller_package/share/controller_package/cmake/controller_packageConfig.cmake
-- Installing: /home/aruz/Final_Motion/controller/install/controller_package/share/controller_package/cmake/controller_packageConfig-version.cmake
-- Up-to-date: /home/aruz/Final_Motion/controller/install/controller_package/share/controller_package/package.xml
