[0.011s] Invoking command in '/home/aruz/Final_Motion/controller/build/controller_package': CMAKE_PREFIX_PATH=${CMAKE_PREFIX_PATH}:/opt/ros/jazzy DEBUGINFOD_URLS=https://debuginfod.ubuntu.com /usr/bin/cmake /home/aruz/Final_Motion/controller/src/controller_package -DCMAKE_INSTALL_PREFIX=/home/aruz/Final_Motion/controller/install/controller_package
[0.091s] -- The C compiler identification is GNU 13.2.0
[0.180s] -- The CXX compiler identification is GNU 13.2.0
[0.204s] -- Detecting C compiler ABI info
[0.356s] -- Detecting C compiler ABI info - done
[0.377s] -- Check for working C compiler: /usr/bin/cc - skipped
[0.377s] -- Detecting C compile features
[0.379s] -- Detecting C compile features - done
[0.401s] -- Detecting CXX compiler ABI info
[0.616s] -- Detecting CXX compiler ABI info - done
[0.628s] -- Check for working CXX compiler: /usr/bin/c++ - skipped
[0.628s] -- Detecting CXX compile features
[0.628s] -- Detecting CXX compile features - done
[0.641s] -- Found ament_cmake: 2.5.2 (/opt/ros/jazzy/share/ament_cmake/cmake)
[0.826s] -- Found Python3: /usr/bin/python3 (found version "3.12.3") found components: Interpreter 
[0.952s] -- Found rclcpp: 28.1.5 (/opt/ros/jazzy/share/rclcpp/cmake)
[0.999s] -- Found rosidl_generator_c: 4.6.4 (/opt/ros/jazzy/share/rosidl_generator_c/cmake)
[1.015s] -- Found rosidl_generator_cpp: 4.6.4 (/opt/ros/jazzy/share/rosidl_generator_cpp/cmake)
[1.035s] -- Using all available rosidl_typesupport_c: rosidl_typesupport_fastrtps_c;rosidl_typesupport_introspection_c
[1.056s] -- Using all available rosidl_typesupport_cpp: rosidl_typesupport_fastrtps_cpp;rosidl_typesupport_introspection_cpp
[1.151s] -- Found rmw_implementation_cmake: 7.3.1 (/opt/ros/jazzy/share/rmw_implementation_cmake/cmake)
[1.155s] -- Found rmw_fastrtps_cpp: 8.4.1 (/opt/ros/jazzy/share/rmw_fastrtps_cpp/cmake)
[1.273s] -- Found OpenSSL: /usr/lib/x86_64-linux-gnu/libcrypto.so (found version "3.0.13")  
[1.303s] -- Found FastRTPS: /opt/ros/jazzy/include (Required is at least version "2.13") 
[1.340s] -- Using RMW implementation 'rmw_fastrtps_cpp' as default
[1.448s] -- Found geometry_msgs: 5.3.5 (/opt/ros/jazzy/share/geometry_msgs/cmake)
[1.493s] -- Found webots_ros2_driver: 2023.1.3 (/opt/ros/jazzy/share/webots_ros2_driver/cmake)
[1.552s] -- Found eigen3_cmake_module: 0.3.0 (/opt/ros/jazzy/share/eigen3_cmake_module/cmake)
[1.553s] -- Found Eigen3: TRUE (found version "3.4.0") 
[1.554s] -- Ensuring Eigen3 include directory is part of orocos-kdl CMake target
[1.815s] -- Found pluginlib: 5.4.2 (/opt/ros/jazzy/share/pluginlib/cmake)
[1.829s] -- Found ompl: /usr/include/ompl-1.5;/usr/include;/usr/include/eigen3;/usr/include/hdf5/openmpi;/usr/lib/x86_64-linux-gnu/openmpi/include;/usr/lib/x86_64-linux-gnu/fortran/gfortran-mod-15/openmpi;/usr/lib/x86_64-linux-gnu/openmpi/include/openmpi  
[1.841s] -- Found OpenCV: /usr (found version "4.6.0") 
[1.856s] -- Found Boost: /usr/lib/x86_64-linux-gnu/cmake/Boost-1.83.0/BoostConfig.cmake (found version "1.83.0") found components: program_options 
[1.865s] -- Found Boost: /usr/lib/x86_64-linux-gnu/cmake/Boost-1.83.0/BoostConfig.cmake (found version "1.83.0")  
[1.884s] -- Found ament_lint_auto: 0.17.1 (/opt/ros/jazzy/share/ament_lint_auto/cmake)
[2.015s] -- Added test 'cppcheck' to perform static code analysis on C / C++ code
[2.016s] -- Configured cppcheck include dirs: /home/aruz/Final_Motion/controller/src/controller_package/include;$<BUILD_INTERFACE:/home/aruz/Final_Motion/controller/src/controller_package/include>
[2.016s] -- Configured cppcheck exclude dirs and/or files: 
[2.017s] -- Added test 'lint_cmake' to check CMake code style
[2.018s] -- Added test 'uncrustify' to check C / C++ code style
[2.018s] -- Configured uncrustify additional arguments: 
[2.019s] -- Added test 'xmllint' to check XML markup files
[2.021s] -- Configuring done (2.0s)
[2.059s] -- Generating done (0.0s)
[2.062s] -- Build files have been written to: /home/aruz/Final_Motion/controller/build/controller_package
[2.076s] Invoked command in '/home/aruz/Final_Motion/controller/build/controller_package' returned '0': CMAKE_PREFIX_PATH=${CMAKE_PREFIX_PATH}:/opt/ros/jazzy DEBUGINFOD_URLS=https://debuginfod.ubuntu.com /usr/bin/cmake /home/aruz/Final_Motion/controller/src/controller_package -DCMAKE_INSTALL_PREFIX=/home/aruz/Final_Motion/controller/install/controller_package
[2.077s] Invoking command in '/home/aruz/Final_Motion/controller/build/controller_package': CMAKE_PREFIX_PATH=${CMAKE_PREFIX_PATH}:/opt/ros/jazzy DEBUGINFOD_URLS=https://debuginfod.ubuntu.com /usr/bin/cmake --build /home/aruz/Final_Motion/controller/build/controller_package -- -j24 -l24
[2.140s] [ 50%] [32mBuilding CXX object CMakeFiles/controller.dir/src/controller.cpp.o[0m
[12.832s] [100%] [32m[1mLinking CXX executable controller[0m
[13.634s] [100%] Built target controller
[13.648s] Invoked command in '/home/aruz/Final_Motion/controller/build/controller_package' returned '0': CMAKE_PREFIX_PATH=${CMAKE_PREFIX_PATH}:/opt/ros/jazzy DEBUGINFOD_URLS=https://debuginfod.ubuntu.com /usr/bin/cmake --build /home/aruz/Final_Motion/controller/build/controller_package -- -j24 -l24
[13.691s] Invoking command in '/home/aruz/Final_Motion/controller/build/controller_package': CMAKE_PREFIX_PATH=${CMAKE_PREFIX_PATH}:/opt/ros/jazzy DEBUGINFOD_URLS=https://debuginfod.ubuntu.com /usr/bin/cmake --install /home/aruz/Final_Motion/controller/build/controller_package
[13.699s] -- Install configuration: ""
[13.700s] -- Installing: /home/aruz/Final_Motion/controller/install/controller_package/lib/controller_package/controller
[13.705s] -- Set non-toolchain portion of runtime path of "/home/aruz/Final_Motion/controller/install/controller_package/lib/controller_package/controller" to ""
[13.705s] -- Installing: /home/aruz/Final_Motion/controller/install/controller_package/share/ament_index/resource_index/package_run_dependencies/controller_package
[13.705s] -- Installing: /home/aruz/Final_Motion/controller/install/controller_package/share/ament_index/resource_index/parent_prefix_path/controller_package
[13.706s] -- Installing: /home/aruz/Final_Motion/controller/install/controller_package/share/controller_package/environment/ament_prefix_path.sh
[13.706s] -- Installing: /home/aruz/Final_Motion/controller/install/controller_package/share/controller_package/environment/ament_prefix_path.dsv
[13.706s] -- Installing: /home/aruz/Final_Motion/controller/install/controller_package/share/controller_package/environment/path.sh
[13.706s] -- Installing: /home/aruz/Final_Motion/controller/install/controller_package/share/controller_package/environment/path.dsv
[13.706s] -- Installing: /home/aruz/Final_Motion/controller/install/controller_package/share/controller_package/local_setup.bash
[13.706s] -- Installing: /home/aruz/Final_Motion/controller/install/controller_package/share/controller_package/local_setup.sh
[13.706s] -- Installing: /home/aruz/Final_Motion/controller/install/controller_package/share/controller_package/local_setup.zsh
[13.706s] -- Installing: /home/aruz/Final_Motion/controller/install/controller_package/share/controller_package/local_setup.dsv
[13.706s] -- Installing: /home/aruz/Final_Motion/controller/install/controller_package/share/controller_package/package.dsv
[13.706s] -- Installing: /home/aruz/Final_Motion/controller/install/controller_package/share/ament_index/resource_index/packages/controller_package
[13.707s] -- Installing: /home/aruz/Final_Motion/controller/install/controller_package/share/controller_package/cmake/controller_packageConfig.cmake
[13.707s] -- Installing: /home/aruz/Final_Motion/controller/install/controller_package/share/controller_package/cmake/controller_packageConfig-version.cmake
[13.707s] -- Up-to-date: /home/aruz/Final_Motion/controller/install/controller_package/share/controller_package/package.xml
[13.709s] Invoked command in '/home/aruz/Final_Motion/controller/build/controller_package' returned '0': CMAKE_PREFIX_PATH=${CMAKE_PREFIX_PATH}:/opt/ros/jazzy DEBUGINFOD_URLS=https://debuginfod.ubuntu.com /usr/bin/cmake --install /home/aruz/Final_Motion/controller/build/controller_package
