[01m[K/home/debraj/Documents/controller/src/controller_package/src/controller.cpp:139:28:[m[K [01;31m[Kerror: [m[Kexpected identifier before numeric constant
  139 |     DifferentialEquation f([01;31m[K0.0[m[K, dt);
      |                            [01;31m[K^~~[m[K
[01m[K/home/debraj/Documents/controller/src/controller_package/src/controller.cpp:139:28:[m[K [01;31m[Kerror: [m[Kexpected ‘[01m[K,[m[K’ or ‘[01m[K...[m[K’ before numeric constant
[01m[K/home/debraj/Documents/controller/src/controller_package/src/controller.cpp:[m[K In constructor ‘[01m[KMyRobotNode::[01;32m[KMyRobotNode[m[K()[m[K’:
[01m[K/home/debraj/Documents/controller/src/controller_package/src/controller.cpp:45:11:[m[K [01;31m[Kerror: [m[Kinvalid use of non-static member function ‘[01m[KACADO::DifferentialEquation MyRobotNode::[01;32m[Kf[m[K(int)[m[K’
   45 |         [01;31m[Kf << dot(x)[m[K == vx;
      |         [01;31m[K~~^~~~~~~~~[m[K
[01m[K/home/debraj/Documents/controller/src/controller_package/src/controller.cpp:139:26:[m[K [01;36m[Knote: [m[Kdeclared here
  139 |     DifferentialEquation [01;36m[Kf[m[K(0.0, dt);
      |                          [01;36m[K^[m[K
[01m[K/home/debraj/Documents/controller/src/controller_package/src/controller.cpp:46:11:[m[K [01;31m[Kerror: [m[Kinvalid use of non-static member function ‘[01m[KACADO::DifferentialEquation MyRobotNode::[01;32m[Kf[m[K(int)[m[K’
   46 |         [01;31m[Kf << dot(y)[m[K == vy;
      |         [01;31m[K~~^~~~~~~~~[m[K
[01m[K/home/debraj/Documents/controller/src/controller_package/src/controller.cpp:139:26:[m[K [01;36m[Knote: [m[Kdeclared here
  139 |     DifferentialEquation [01;36m[Kf[m[K(0.0, dt);
      |                          [01;36m[K^[m[K
[01m[K/home/debraj/Documents/controller/src/controller_package/src/controller.cpp:47:11:[m[K [01;31m[Kerror: [m[Kinvalid use of non-static member function ‘[01m[KACADO::DifferentialEquation MyRobotNode::[01;32m[Kf[m[K(int)[m[K’
   47 |         [01;31m[Kf << dot(theta)[m[K == omega;
      |         [01;31m[K~~^~~~~~~~~~~~~[m[K
[01m[K/home/debraj/Documents/controller/src/controller_package/src/controller.cpp:139:26:[m[K [01;36m[Knote: [m[Kdeclared here
  139 |     DifferentialEquation [01;36m[Kf[m[K(0.0, dt);
      |                          [01;36m[K^[m[K
[01m[K/home/debraj/Documents/controller/src/controller_package/src/controller.cpp:48:11:[m[K [01;31m[Kerror: [m[Kinvalid use of non-static member function ‘[01m[KACADO::DifferentialEquation MyRobotNode::[01;32m[Kf[m[K(int)[m[K’
   48 |         [01;31m[Kf << dot(vx)[m[K == ax;
      |         [01;31m[K~~^~~~~~~~~~[m[K
[01m[K/home/debraj/Documents/controller/src/controller_package/src/controller.cpp:139:26:[m[K [01;36m[Knote: [m[Kdeclared here
  139 |     DifferentialEquation [01;36m[Kf[m[K(0.0, dt);
      |                          [01;36m[K^[m[K
[01m[K/home/debraj/Documents/controller/src/controller_package/src/controller.cpp:49:11:[m[K [01;31m[Kerror: [m[Kinvalid use of non-static member function ‘[01m[KACADO::DifferentialEquation MyRobotNode::[01;32m[Kf[m[K(int)[m[K’
   49 |         [01;31m[Kf << dot(vy)[m[K == ay;
      |         [01;31m[K~~^~~~~~~~~~[m[K
[01m[K/home/debraj/Documents/controller/src/controller_package/src/controller.cpp:139:26:[m[K [01;36m[Knote: [m[Kdeclared here
  139 |     DifferentialEquation [01;36m[Kf[m[K(0.0, dt);
      |                          [01;36m[K^[m[K
[01m[K/home/debraj/Documents/controller/src/controller_package/src/controller.cpp:50:11:[m[K [01;31m[Kerror: [m[Kinvalid use of non-static member function ‘[01m[KACADO::DifferentialEquation MyRobotNode::[01;32m[Kf[m[K(int)[m[K’
   50 |         [01;31m[Kf << dot(omega)[m[K == alpha;
      |         [01;31m[K~~^~~~~~~~~~~~~[m[K
[01m[K/home/debraj/Documents/controller/src/controller_package/src/controller.cpp:139:26:[m[K [01;36m[Knote: [m[Kdeclared here
  139 |     DifferentialEquation [01;36m[Kf[m[K(0.0, dt);
      |                          [01;36m[K^[m[K
[01m[K/home/debraj/Documents/controller/src/controller_package/src/controller.cpp:[m[K In member function ‘[01m[Kvoid MyRobotNode::[01;32m[Kcallback_1[m[K(std_msgs::msg::Float32MultiArray_<std::allocator<void> >::SharedPtr)[m[K’:
[01m[K/home/debraj/Documents/controller/src/controller_package/src/controller.cpp:67:23:[m[K [01;31m[Kerror: [m[Kinvalid use of non-static member function ‘[01m[KACADO::DifferentialEquation MyRobotNode::[01;32m[Kf[m[K(int)[m[K’
   67 |         ocp.subjectTo([01;31m[Kf[m[K);
      |                       [01;31m[K^[m[K
[01m[K/home/debraj/Documents/controller/src/controller_package/src/controller.cpp:139:26:[m[K [01;36m[Knote: [m[Kdeclared here
  139 |     DifferentialEquation [01;36m[Kf[m[K(0.0, dt);
      |                          [01;36m[K^[m[K
gmake[2]: *** [CMakeFiles/controller.dir/build.make:76: CMakeFiles/controller.dir/src/controller.cpp.o] Error 1
gmake[1]: *** [CMakeFiles/Makefile2:137: CMakeFiles/controller.dir/all] Error 2
gmake: *** [Makefile:146: all] Error 2
