[0.035s] Invoking command in '/home/debraj/Documents/controller/build/controller_package': CMAKE_PREFIX_PATH=${CMAKE_PREFIX_PATH}:/opt/ros/jazzy DEBUGINFOD_URLS=https://debuginfod.ubuntu.com /usr/bin/cmake --build /home/debraj/Documents/controller/build/controller_package -- -j8 -l8
[0.199s] [ 50%] [32mBuilding CXX object CMakeFiles/controller.dir/src/controller.cpp.o[0m
[6.565s] [01m[K/home/debraj/Documents/controller/src/controller_package/src/controller.cpp:139:28:[m[K [01;31m[Kerror: [m[Kexpected identifier before numeric constant
[6.566s]   139 |     DifferentialEquation f([01;31m[K0.0[m[K, dt);
[6.566s]       |                            [01;31m[K^~~[m[K
[6.566s] [01m[K/home/debraj/Documents/controller/src/controller_package/src/controller.cpp:139:28:[m[K [01;31m[Kerror: [m[Kexpected ‘[01m[K,[m[K’ or ‘[01m[K...[m[K’ before numeric constant
[6.595s] [01m[K/home/debraj/Documents/controller/src/controller_package/src/controller.cpp:[m[K In constructor ‘[01m[KMyRobotNode::[01;32m[KMyRobotNode[m[K()[m[K’:
[6.595s] [01m[K/home/debraj/Documents/controller/src/controller_package/src/controller.cpp:45:11:[m[K [01;31m[Kerror: [m[Kinvalid use of non-static member function ‘[01m[KACADO::DifferentialEquation MyRobotNode::[01;32m[Kf[m[K(int)[m[K’
[6.595s]    45 |         [01;31m[Kf << dot(x)[m[K == vx;
[6.595s]       |         [01;31m[K~~^~~~~~~~~[m[K
[6.595s] [01m[K/home/debraj/Documents/controller/src/controller_package/src/controller.cpp:139:26:[m[K [01;36m[Knote: [m[Kdeclared here
[6.595s]   139 |     DifferentialEquation [01;36m[Kf[m[K(0.0, dt);
[6.595s]       |                          [01;36m[K^[m[K
[6.595s] [01m[K/home/debraj/Documents/controller/src/controller_package/src/controller.cpp:46:11:[m[K [01;31m[Kerror: [m[Kinvalid use of non-static member function ‘[01m[KACADO::DifferentialEquation MyRobotNode::[01;32m[Kf[m[K(int)[m[K’
[6.596s]    46 |         [01;31m[Kf << dot(y)[m[K == vy;
[6.596s]       |         [01;31m[K~~^~~~~~~~~[m[K
[6.596s] [01m[K/home/debraj/Documents/controller/src/controller_package/src/controller.cpp:139:26:[m[K [01;36m[Knote: [m[Kdeclared here
[6.596s]   139 |     DifferentialEquation [01;36m[Kf[m[K(0.0, dt);
[6.596s]       |                          [01;36m[K^[m[K
[6.596s] [01m[K/home/debraj/Documents/controller/src/controller_package/src/controller.cpp:47:11:[m[K [01;31m[Kerror: [m[Kinvalid use of non-static member function ‘[01m[KACADO::DifferentialEquation MyRobotNode::[01;32m[Kf[m[K(int)[m[K’
[6.596s]    47 |         [01;31m[Kf << dot(theta)[m[K == omega;
[6.597s]       |         [01;31m[K~~^~~~~~~~~~~~~[m[K
[6.597s] [01m[K/home/debraj/Documents/controller/src/controller_package/src/controller.cpp:139:26:[m[K [01;36m[Knote: [m[Kdeclared here
[6.597s]   139 |     DifferentialEquation [01;36m[Kf[m[K(0.0, dt);
[6.597s]       |                          [01;36m[K^[m[K
[6.597s] [01m[K/home/debraj/Documents/controller/src/controller_package/src/controller.cpp:48:11:[m[K [01;31m[Kerror: [m[Kinvalid use of non-static member function ‘[01m[KACADO::DifferentialEquation MyRobotNode::[01;32m[Kf[m[K(int)[m[K’
[6.597s]    48 |         [01;31m[Kf << dot(vx)[m[K == ax;
[6.597s]       |         [01;31m[K~~^~~~~~~~~~[m[K
[6.597s] [01m[K/home/debraj/Documents/controller/src/controller_package/src/controller.cpp:139:26:[m[K [01;36m[Knote: [m[Kdeclared here
[6.597s]   139 |     DifferentialEquation [01;36m[Kf[m[K(0.0, dt);
[6.597s]       |                          [01;36m[K^[m[K
[6.597s] [01m[K/home/debraj/Documents/controller/src/controller_package/src/controller.cpp:49:11:[m[K [01;31m[Kerror: [m[Kinvalid use of non-static member function ‘[01m[KACADO::DifferentialEquation MyRobotNode::[01;32m[Kf[m[K(int)[m[K’
[6.597s]    49 |         [01;31m[Kf << dot(vy)[m[K == ay;
[6.597s]       |         [01;31m[K~~^~~~~~~~~~[m[K
[6.598s] [01m[K/home/debraj/Documents/controller/src/controller_package/src/controller.cpp:139:26:[m[K [01;36m[Knote: [m[Kdeclared here
[6.598s]   139 |     DifferentialEquation [01;36m[Kf[m[K(0.0, dt);
[6.598s]       |                          [01;36m[K^[m[K
[6.598s] [01m[K/home/debraj/Documents/controller/src/controller_package/src/controller.cpp:50:11:[m[K [01;31m[Kerror: [m[Kinvalid use of non-static member function ‘[01m[KACADO::DifferentialEquation MyRobotNode::[01;32m[Kf[m[K(int)[m[K’
[6.598s]    50 |         [01;31m[Kf << dot(omega)[m[K == alpha;
[6.598s]       |         [01;31m[K~~^~~~~~~~~~~~~[m[K
[6.598s] [01m[K/home/debraj/Documents/controller/src/controller_package/src/controller.cpp:139:26:[m[K [01;36m[Knote: [m[Kdeclared here
[6.598s]   139 |     DifferentialEquation [01;36m[Kf[m[K(0.0, dt);
[6.599s]       |                          [01;36m[K^[m[K
[6.599s] [01m[K/home/debraj/Documents/controller/src/controller_package/src/controller.cpp:[m[K In member function ‘[01m[Kvoid MyRobotNode::[01;32m[Kcallback_1[m[K(std_msgs::msg::Float32MultiArray_<std::allocator<void> >::SharedPtr)[m[K’:
[6.599s] [01m[K/home/debraj/Documents/controller/src/controller_package/src/controller.cpp:67:23:[m[K [01;31m[Kerror: [m[Kinvalid use of non-static member function ‘[01m[KACADO::DifferentialEquation MyRobotNode::[01;32m[Kf[m[K(int)[m[K’
[6.599s]    67 |         ocp.subjectTo([01;31m[Kf[m[K);
[6.599s]       |                       [01;31m[K^[m[K
[6.599s] [01m[K/home/debraj/Documents/controller/src/controller_package/src/controller.cpp:139:26:[m[K [01;36m[Knote: [m[Kdeclared here
[6.599s]   139 |     DifferentialEquation [01;36m[Kf[m[K(0.0, dt);
[6.599s]       |                          [01;36m[K^[m[K
[11.792s] gmake[2]: *** [CMakeFiles/controller.dir/build.make:76: CMakeFiles/controller.dir/src/controller.cpp.o] Error 1
[11.792s] gmake[1]: *** [CMakeFiles/Makefile2:137: CMakeFiles/controller.dir/all] Error 2
[11.793s] gmake: *** [Makefile:146: all] Error 2
[11.805s] Invoked command in '/home/debraj/Documents/controller/build/controller_package' returned '2': CMAKE_PREFIX_PATH=${CMAKE_PREFIX_PATH}:/opt/ros/jazzy DEBUGINFOD_URLS=https://debuginfod.ubuntu.com /usr/bin/cmake --build /home/debraj/Documents/controller/build/controller_package -- -j8 -l8
