[0.013s] Invoking command in '/home/aruz/Final_Motion/controller/build/controller_package': CMAKE_PREFIX_PATH=${CMAKE_PREFIX_PATH}:/opt/ros/jazzy DEBUGINFOD_URLS=https://debuginfod.ubuntu.com /usr/bin/cmake --build /home/aruz/Final_Motion/controller/build/controller_package -- -j24 -l24
[0.086s] [ 50%] [32mBuilding CXX object CMakeFiles/controller.dir/src/tester.cpp.o[0m
[1.426s] [01m[K/home/aruz/Final_Motion/controller/src/controller_package/src/tester.cpp:[m[K In function ‘[01m[Kint[01;32m[K main[m[K()[m[K’:
[1.426s] [01m[K/home/aruz/Final_Motion/controller/src/controller_package/src/tester.cpp:14:18:[m[K [01;35m[Kwarning: [m[Kunused variable ‘[01m[KR[m[K’ [[01;35m[K]8;;https://gcc.gnu.org/onlinedocs/gcc/Warning-Options.html#index-Wunused-variable-Wunused-variable]8;;[m[K]
[1.426s]    14 |     const double [01;35m[KR[m[K = 0.05;
[1.426s]       |                  [01;35m[K^[m[K
[1.426s] [01m[K/home/aruz/Final_Motion/controller/src/controller_package/src/tester.cpp:15:18:[m[K [01;35m[Kwarning: [m[Kunused variable ‘[01m[Kd[m[K’ [[01;35m[K]8;;https://gcc.gnu.org/onlinedocs/gcc/Warning-Options.html#index-Wunused-variable-Wunused-variable]8;;[m[K]
[1.426s]    15 |     const double [01;35m[Kd[m[K = 0.1;
[1.427s]       |                  [01;35m[K^[m[K
[1.808s] [100%] [32m[1mLinking CXX executable controller[0m
[3.144s] [100%] Built target controller
[3.159s] Invoked command in '/home/aruz/Final_Motion/controller/build/controller_package' returned '0': CMAKE_PREFIX_PATH=${CMAKE_PREFIX_PATH}:/opt/ros/jazzy DEBUGINFOD_URLS=https://debuginfod.ubuntu.com /usr/bin/cmake --build /home/aruz/Final_Motion/controller/build/controller_package -- -j24 -l24
[3.207s] Invoking command in '/home/aruz/Final_Motion/controller/build/controller_package': CMAKE_PREFIX_PATH=${CMAKE_PREFIX_PATH}:/opt/ros/jazzy DEBUGINFOD_URLS=https://debuginfod.ubuntu.com /usr/bin/cmake --install /home/aruz/Final_Motion/controller/build/controller_package
[3.218s] -- Install configuration: ""
[3.218s] -- Installing: /home/aruz/Final_Motion/controller/install/controller_package/lib/controller_package/controller
[3.218s] -- Set non-toolchain portion of runtime path of "/home/aruz/Final_Motion/controller/install/controller_package/lib/controller_package/controller" to ""
[3.219s] -- Up-to-date: /home/aruz/Final_Motion/controller/install/controller_package/share/ament_index/resource_index/package_run_dependencies/controller_package
[3.219s] -- Up-to-date: /home/aruz/Final_Motion/controller/install/controller_package/share/ament_index/resource_index/parent_prefix_path/controller_package
[3.219s] -- Up-to-date: /home/aruz/Final_Motion/controller/install/controller_package/share/controller_package/environment/ament_prefix_path.sh
[3.219s] -- Up-to-date: /home/aruz/Final_Motion/controller/install/controller_package/share/controller_package/environment/ament_prefix_path.dsv
[3.219s] -- Up-to-date: /home/aruz/Final_Motion/controller/install/controller_package/share/controller_package/environment/path.sh
[3.219s] -- Up-to-date: /home/aruz/Final_Motion/controller/install/controller_package/share/controller_package/environment/path.dsv
[3.219s] -- Up-to-date: /home/aruz/Final_Motion/controller/install/controller_package/share/controller_package/local_setup.bash
[3.219s] -- Up-to-date: /home/aruz/Final_Motion/controller/install/controller_package/share/controller_package/local_setup.sh
[3.219s] -- Up-to-date: /home/aruz/Final_Motion/controller/install/controller_package/share/controller_package/local_setup.zsh
[3.219s] -- Up-to-date: /home/aruz/Final_Motion/controller/install/controller_package/share/controller_package/local_setup.dsv
[3.219s] -- Installing: /home/aruz/Final_Motion/controller/install/controller_package/share/controller_package/package.dsv
[3.219s] -- Up-to-date: /home/aruz/Final_Motion/controller/install/controller_package/share/ament_index/resource_index/packages/controller_package
[3.220s] -- Up-to-date: /home/aruz/Final_Motion/controller/install/controller_package/share/controller_package/cmake/controller_packageConfig.cmake
[3.220s] -- Up-to-date: /home/aruz/Final_Motion/controller/install/controller_package/share/controller_package/cmake/controller_packageConfig-version.cmake
[3.220s] -- Up-to-date: /home/aruz/Final_Motion/controller/install/controller_package/share/controller_package/package.xml
[3.221s] Invoked command in '/home/aruz/Final_Motion/controller/build/controller_package' returned '0': CMAKE_PREFIX_PATH=${CMAKE_PREFIX_PATH}:/opt/ros/jazzy DEBUGINFOD_URLS=https://debuginfod.ubuntu.com /usr/bin/cmake --install /home/aruz/Final_Motion/controller/build/controller_package
