[0.094s] Invoking command in '/home/debraj/Documents/controller/build/controller_package': CMAKE_PREFIX_PATH=${CMAKE_PREFIX_PATH}:/opt/ros/jazzy DEBUGINFOD_URLS=https://debuginfod.ubuntu.com /usr/bin/cmake --build /home/debraj/Documents/controller/build/controller_package -- -j8 -l8
[0.521s] [ 50%] [32mBuilding CXX object CMakeFiles/controller.dir/src/controller.cpp.o[0m
[8.506s] [01m[K/home/debraj/Documents/controller/src/controller_package/src/controller.cpp:30:1:[m[K [01;31m[Kerror: [m[K‘[01m[Kf[m[K’ does not name a type
[8.506s]    30 | [01;31m[Kf[m[K << dot(x) == vx;
[8.506s]       | [01;31m[K^[m[K
[8.507s] [01m[K/home/debraj/Documents/controller/src/controller_package/src/controller.cpp:31:5:[m[K [01;31m[Kerror: [m[K‘[01m[Kf[m[K’ does not name a type
[8.507s]    31 |     [01;31m[Kf[m[K << dot(y) == vy;
[8.507s]       |     [01;31m[K^[m[K
[8.515s] [01m[K/home/debraj/Documents/controller/src/controller_package/src/controller.cpp:32:5:[m[K [01;31m[Kerror: [m[K‘[01m[Kf[m[K’ does not name a type
[8.515s]    32 |     [01;31m[Kf[m[K << dot(theta) == omega;
[8.515s]       |     [01;31m[K^[m[K
[8.520s] [01m[K/home/debraj/Documents/controller/src/controller_package/src/controller.cpp:33:5:[m[K [01;31m[Kerror: [m[K‘[01m[Kf[m[K’ does not name a type
[8.520s]    33 |     [01;31m[Kf[m[K << dot(vx) == ax;
[8.520s]       |     [01;31m[K^[m[K
[8.524s] [01m[K/home/debraj/Documents/controller/src/controller_package/src/controller.cpp:34:5:[m[K [01;31m[Kerror: [m[K‘[01m[Kf[m[K’ does not name a type
[8.524s]    34 |     [01;31m[Kf[m[K << dot(vy) == ay;
[8.524s]       |     [01;31m[K^[m[K
[8.526s] [01m[K/home/debraj/Documents/controller/src/controller_package/src/controller.cpp:35:5:[m[K [01;31m[Kerror: [m[K‘[01m[Kf[m[K’ does not name a type
[8.526s]    35 |     [01;31m[Kf[m[K << dot(omega) == alpha;
[8.526s]       |     [01;31m[K^[m[K
[12.959s] gmake[2]: *** [CMakeFiles/controller.dir/build.make:76: CMakeFiles/controller.dir/src/controller.cpp.o] Error 1
[12.959s] gmake[1]: *** [CMakeFiles/Makefile2:137: CMakeFiles/controller.dir/all] Error 2
[12.960s] gmake: *** [Makefile:146: all] Error 2
[12.962s] Invoked command in '/home/debraj/Documents/controller/build/controller_package' returned '2': CMAKE_PREFIX_PATH=${CMAKE_PREFIX_PATH}:/opt/ros/jazzy DEBUGINFOD_URLS=https://debuginfod.ubuntu.com /usr/bin/cmake --build /home/debraj/Documents/controller/build/controller_package -- -j8 -l8
