[ 50%] [32mBuilding CXX object CMakeFiles/controller.dir/src/controller.cpp.o[0m
[01m[K/home/debraj/Documents/controller/src/controller_package/src/controller.cpp:[m[K In member function ‘[01m[Kvoid MyRobotNode::[01;32m[Kcallback_2[m[K(std_msgs::msg::Float32MultiArray_<std::allocator<void> >::SharedPtr)[m[K’:
[01m[K/home/debraj/Documents/controller/src/controller_package/src/controller.cpp:44:71:[m[K [01;35m[Kwarning: [m[Kunused parameter ‘[01m[Kmsg[m[K’ [[01;35m[K]8;;https://gcc.gnu.org/onlinedocs/gcc/Warning-Options.html#index-Wunused-parameter-Wunused-parameter]8;;[m[K]
   44 |     void callback_2([01;35m[Kconst std_msgs::msg::Float32MultiArray::SharedPtr msg[m[K)
      |                     [01;35m[K~~~~~~~~~~~~~~~~~~~~~~~~~~~~~~~~~~~~~~~~~~~~~~~~~~^~~[m[K
[100%] [32m[1mLinking CXX executable controller[0m
[100%] Built target controller
-- Install configuration: ""
-- Installing: /home/debraj/Documents/controller/install/controller_package/lib/controller_package/controller
-- Set non-toolchain portion of runtime path of "/home/debraj/Documents/controller/install/controller_package/lib/controller_package/controller" to ""
-- Up-to-date: /home/debraj/Documents/controller/install/controller_package/share/ament_index/resource_index/package_run_dependencies/controller_package
-- Up-to-date: /home/debraj/Documents/controller/install/controller_package/share/ament_index/resource_index/parent_prefix_path/controller_package
-- Up-to-date: /home/debraj/Documents/controller/install/controller_package/share/controller_package/environment/ament_prefix_path.sh
-- Up-to-date: /home/debraj/Documents/controller/install/controller_package/share/controller_package/environment/ament_prefix_path.dsv
-- Up-to-date: /home/debraj/Documents/controller/install/controller_package/share/controller_package/environment/path.sh
-- Up-to-date: /home/debraj/Documents/controller/install/controller_package/share/controller_package/environment/path.dsv
-- Up-to-date: /home/debraj/Documents/controller/install/controller_package/share/controller_package/local_setup.bash
-- Up-to-date: /home/debraj/Documents/controller/install/controller_package/share/controller_package/local_setup.sh
-- Up-to-date: /home/debraj/Documents/controller/install/controller_package/share/controller_package/local_setup.zsh
-- Up-to-date: /home/debraj/Documents/controller/install/controller_package/share/controller_package/local_setup.dsv
-- Installing: /home/debraj/Documents/controller/install/controller_package/share/controller_package/package.dsv
-- Up-to-date: /home/debraj/Documents/controller/install/controller_package/share/ament_index/resource_index/packages/controller_package
-- Up-to-date: /home/debraj/Documents/controller/install/controller_package/share/controller_package/cmake/controller_packageConfig.cmake
-- Up-to-date: /home/debraj/Documents/controller/install/controller_package/share/controller_package/cmake/controller_packageConfig-version.cmake
-- Up-to-date: /home/debraj/Documents/controller/install/controller_package/share/controller_package/package.xml
