[0.121s] DEBUG:colcon:Command line arguments: ['/usr/bin/colcon', 'build']
[0.121s] DEBUG:colcon:Parsed command line arguments: Namespace(log_base=None, log_level=None, verb_name='build', build_base='build', install_base='install', merge_install=False, symlink_install=False, test_result_base=None, continue_on_error=False, executor='parallel', parallel_workers=24, event_handlers=None, ignore_user_meta=False, metas=['./colcon.meta'], base_paths=['.'], packages_ignore=None, packages_ignore_regex=None, paths=None, packages_up_to=None, packages_up_to_regex=None, packages_above=None, packages_above_and_dependencies=None, packages_above_depth=None, packages_select_by_dep=None, packages_skip_by_dep=None, packages_skip_up_to=None, packages_select_build_failed=False, packages_skip_build_finished=False, packages_select_test_failures=False, packages_skip_test_passed=False, packages_select=None, packages_skip=None, packages_select_regex=None, packages_skip_regex=None, packages_start=None, packages_end=None, allow_overriding=[], cmake_args=None, cmake_target=None, cmake_target_skip_unavailable=False, cmake_clean_cache=False, cmake_clean_first=False, cmake_force_configure=False, ament_cmake_args=None, catkin_cmake_args=None, catkin_skip_building_tests=False, mixin_files=None, mixin=None, verb_parser=<colcon_mixin.mixin.mixin_argument.MixinArgumentDecorator object at 0x7c0ecac6ea50>, verb_extension=<colcon_core.verb.build.BuildVerb object at 0x7c0ecadef110>, main=<bound method BuildVerb.main of <colcon_core.verb.build.BuildVerb object at 0x7c0ecadef110>>, mixin_verb=('build',))
[0.164s] Level 1:colcon.colcon_core.package_discovery:discover_packages(colcon_meta) check parameters
[0.164s] Level 1:colcon.colcon_core.package_discovery:discover_packages(recursive) check parameters
[0.164s] Level 1:colcon.colcon_core.package_discovery:discover_packages(ignore) check parameters
[0.164s] Level 1:colcon.colcon_core.package_discovery:discover_packages(path) check parameters
[0.164s] Level 1:colcon.colcon_core.package_discovery:discover_packages(colcon_meta) discover
[0.164s] Level 1:colcon.colcon_core.package_discovery:discover_packages(recursive) discover
[0.164s] INFO:colcon.colcon_core.package_discovery:Crawling recursively for packages in '/home/aruz/Final_Motion/controller'
[0.164s] Level 1:colcon.colcon_core.package_identification:_identify(.) by extensions ['ignore', 'ignore_ament_install']
[0.164s] Level 1:colcon.colcon_core.package_identification:_identify(.) by extension 'ignore'
[0.164s] Level 1:colcon.colcon_core.package_identification:_identify(.) by extension 'ignore_ament_install'
[0.165s] Level 1:colcon.colcon_core.package_identification:_identify(.) by extensions ['colcon_pkg']
[0.165s] Level 1:colcon.colcon_core.package_identification:_identify(.) by extension 'colcon_pkg'
[0.165s] Level 1:colcon.colcon_core.package_identification:_identify(.) by extensions ['colcon_meta']
[0.165s] Level 1:colcon.colcon_core.package_identification:_identify(.) by extension 'colcon_meta'
[0.165s] Level 1:colcon.colcon_core.package_identification:_identify(.) by extensions ['ros']
[0.165s] Level 1:colcon.colcon_core.package_identification:_identify(.) by extension 'ros'
[0.196s] Level 1:colcon.colcon_core.package_identification:_identify(.) by extensions ['cmake', 'python']
[0.197s] Level 1:colcon.colcon_core.package_identification:_identify(.) by extension 'cmake'
[0.197s] Level 1:colcon.colcon_core.package_identification:_identify(.) by extension 'python'
[0.197s] Level 1:colcon.colcon_core.package_identification:_identify(.) by extensions ['python_setup_py']
[0.197s] Level 1:colcon.colcon_core.package_identification:_identify(.) by extension 'python_setup_py'
[0.197s] Level 1:colcon.colcon_core.package_identification:_identify(build) by extensions ['ignore', 'ignore_ament_install']
[0.197s] Level 1:colcon.colcon_core.package_identification:_identify(build) by extension 'ignore'
[0.197s] Level 1:colcon.colcon_core.package_identification:_identify(build) ignored
[0.197s] Level 1:colcon.colcon_core.package_identification:_identify(install) by extensions ['ignore', 'ignore_ament_install']
[0.197s] Level 1:colcon.colcon_core.package_identification:_identify(install) by extension 'ignore'
[0.197s] Level 1:colcon.colcon_core.package_identification:_identify(install) ignored
[0.197s] Level 1:colcon.colcon_core.package_identification:_identify(log) by extensions ['ignore', 'ignore_ament_install']
[0.198s] Level 1:colcon.colcon_core.package_identification:_identify(log) by extension 'ignore'
[0.198s] Level 1:colcon.colcon_core.package_identification:_identify(log) ignored
[0.198s] Level 1:colcon.colcon_core.package_identification:_identify(src) by extensions ['ignore', 'ignore_ament_install']
[0.198s] Level 1:colcon.colcon_core.package_identification:_identify(src) by extension 'ignore'
[0.198s] Level 1:colcon.colcon_core.package_identification:_identify(src) by extension 'ignore_ament_install'
[0.198s] Level 1:colcon.colcon_core.package_identification:_identify(src) by extensions ['colcon_pkg']
[0.198s] Level 1:colcon.colcon_core.package_identification:_identify(src) by extension 'colcon_pkg'
[0.198s] Level 1:colcon.colcon_core.package_identification:_identify(src) by extensions ['colcon_meta']
[0.198s] Level 1:colcon.colcon_core.package_identification:_identify(src) by extension 'colcon_meta'
[0.198s] Level 1:colcon.colcon_core.package_identification:_identify(src) by extensions ['ros']
[0.198s] Level 1:colcon.colcon_core.package_identification:_identify(src) by extension 'ros'
[0.198s] Level 1:colcon.colcon_core.package_identification:_identify(src) by extensions ['cmake', 'python']
[0.198s] Level 1:colcon.colcon_core.package_identification:_identify(src) by extension 'cmake'
[0.198s] Level 1:colcon.colcon_core.package_identification:_identify(src) by extension 'python'
[0.198s] Level 1:colcon.colcon_core.package_identification:_identify(src) by extensions ['python_setup_py']
[0.198s] Level 1:colcon.colcon_core.package_identification:_identify(src) by extension 'python_setup_py'
[0.198s] Level 1:colcon.colcon_core.package_identification:_identify(src/controller_package) by extensions ['ignore', 'ignore_ament_install']
[0.198s] Level 1:colcon.colcon_core.package_identification:_identify(src/controller_package) by extension 'ignore'
[0.198s] Level 1:colcon.colcon_core.package_identification:_identify(src/controller_package) by extension 'ignore_ament_install'
[0.199s] Level 1:colcon.colcon_core.package_identification:_identify(src/controller_package) by extensions ['colcon_pkg']
[0.199s] Level 1:colcon.colcon_core.package_identification:_identify(src/controller_package) by extension 'colcon_pkg'
[0.199s] Level 1:colcon.colcon_core.package_identification:_identify(src/controller_package) by extensions ['colcon_meta']
[0.199s] Level 1:colcon.colcon_core.package_identification:_identify(src/controller_package) by extension 'colcon_meta'
[0.199s] Level 1:colcon.colcon_core.package_identification:_identify(src/controller_package) by extensions ['ros']
[0.199s] Level 1:colcon.colcon_core.package_identification:_identify(src/controller_package) by extension 'ros'
[0.202s] DEBUG:colcon.colcon_core.package_identification:Package 'src/controller_package' with type 'ros.ament_cmake' and name 'controller_package'
[0.202s] Level 1:colcon.colcon_core.package_discovery:discover_packages(recursive) using defaults
[0.202s] Level 1:colcon.colcon_core.package_discovery:discover_packages(ignore) discover
[0.202s] Level 1:colcon.colcon_core.package_discovery:discover_packages(ignore) using defaults
[0.202s] Level 1:colcon.colcon_core.package_discovery:discover_packages(path) discover
[0.202s] Level 1:colcon.colcon_core.package_discovery:discover_packages(path) using defaults
[0.223s] Level 1:colcon.colcon_core.package_discovery:discover_packages(prefix_path) check parameters
[0.223s] Level 1:colcon.colcon_core.package_discovery:discover_packages(prefix_path) discover
[0.225s] DEBUG:colcon.colcon_installed_package_information.package_discovery:Found 1 installed packages in /home/aruz/Final_Motion/controller/install
[0.225s] DEBUG:colcon.colcon_installed_package_information.package_discovery:Found 1 installed packages in /home/aruz/webots_ws/install
[0.225s] DEBUG:colcon.colcon_installed_package_information.package_discovery:Found 3 installed packages in /home/aruz/ros2_ws/install
[0.227s] DEBUG:colcon.colcon_installed_package_information.package_discovery:Found 318 installed packages in /opt/ros/jazzy
[0.228s] Level 1:colcon.colcon_core.package_discovery:discover_packages(prefix_path) using defaults
[0.274s] Level 5:colcon.colcon_core.verb:set package 'controller_package' build argument 'cmake_args' from command line to 'None'
[0.274s] Level 5:colcon.colcon_core.verb:set package 'controller_package' build argument 'cmake_target' from command line to 'None'
[0.274s] Level 5:colcon.colcon_core.verb:set package 'controller_package' build argument 'cmake_target_skip_unavailable' from command line to 'False'
[0.274s] Level 5:colcon.colcon_core.verb:set package 'controller_package' build argument 'cmake_clean_cache' from command line to 'False'
[0.274s] Level 5:colcon.colcon_core.verb:set package 'controller_package' build argument 'cmake_clean_first' from command line to 'False'
[0.274s] Level 5:colcon.colcon_core.verb:set package 'controller_package' build argument 'cmake_force_configure' from command line to 'False'
[0.274s] Level 5:colcon.colcon_core.verb:set package 'controller_package' build argument 'ament_cmake_args' from command line to 'None'
[0.274s] Level 5:colcon.colcon_core.verb:set package 'controller_package' build argument 'catkin_cmake_args' from command line to 'None'
[0.274s] Level 5:colcon.colcon_core.verb:set package 'controller_package' build argument 'catkin_skip_building_tests' from command line to 'False'
[0.274s] DEBUG:colcon.colcon_core.verb:Building package 'controller_package' with the following arguments: {'ament_cmake_args': None, 'build_base': '/home/aruz/Final_Motion/controller/build/controller_package', 'catkin_cmake_args': None, 'catkin_skip_building_tests': False, 'cmake_args': None, 'cmake_clean_cache': False, 'cmake_clean_first': False, 'cmake_force_configure': False, 'cmake_target': None, 'cmake_target_skip_unavailable': False, 'install_base': '/home/aruz/Final_Motion/controller/install/controller_package', 'merge_install': False, 'path': '/home/aruz/Final_Motion/controller/src/controller_package', 'symlink_install': False, 'test_result_base': None}
[0.275s] INFO:colcon.colcon_core.executor:Executing jobs using 'parallel' executor
[0.276s] DEBUG:colcon.colcon_parallel_executor.executor.parallel:run_until_complete
[0.276s] INFO:colcon.colcon_ros.task.ament_cmake.build:Building ROS package in '/home/aruz/Final_Motion/controller/src/controller_package' with build type 'ament_cmake'
[0.276s] INFO:colcon.colcon_cmake.task.cmake.build:Building CMake package in '/home/aruz/Final_Motion/controller/src/controller_package'
[0.279s] INFO:colcon.colcon_core.plugin_system:Skipping extension 'colcon_core.shell.bat': Not used on non-Windows systems
[0.279s] INFO:colcon.colcon_core.shell:Skip shell extension 'powershell' for command environment: Not usable outside of PowerShell
[0.279s] DEBUG:colcon.colcon_core.shell:Skip shell extension 'dsv' for command environment
[0.291s] DEBUG:colcon.colcon_core.event_handler.log_command:Invoking command in '/home/aruz/Final_Motion/controller/build/controller_package': CMAKE_PREFIX_PATH=${CMAKE_PREFIX_PATH}:/opt/ros/jazzy DEBUGINFOD_URLS=https://debuginfod.ubuntu.com /usr/bin/cmake --build /home/aruz/Final_Motion/controller/build/controller_package -- -j24 -l24
[12.378s] DEBUG:colcon.colcon_core.event_handler.log_command:Invoked command in '/home/aruz/Final_Motion/controller/build/controller_package' returned '0': CMAKE_PREFIX_PATH=${CMAKE_PREFIX_PATH}:/opt/ros/jazzy DEBUGINFOD_URLS=https://debuginfod.ubuntu.com /usr/bin/cmake --build /home/aruz/Final_Motion/controller/build/controller_package -- -j24 -l24
[12.439s] DEBUG:colcon.colcon_core.event_handler.log_command:Invoking command in '/home/aruz/Final_Motion/controller/build/controller_package': CMAKE_PREFIX_PATH=${CMAKE_PREFIX_PATH}:/opt/ros/jazzy DEBUGINFOD_URLS=https://debuginfod.ubuntu.com /usr/bin/cmake --install /home/aruz/Final_Motion/controller/build/controller_package
[12.462s] Level 1:colcon.colcon_core.environment:create_environment_scripts_only(controller_package)
[12.463s] DEBUG:colcon.colcon_core.event_handler.log_command:Invoked command in '/home/aruz/Final_Motion/controller/build/controller_package' returned '0': CMAKE_PREFIX_PATH=${CMAKE_PREFIX_PATH}:/opt/ros/jazzy DEBUGINFOD_URLS=https://debuginfod.ubuntu.com /usr/bin/cmake --install /home/aruz/Final_Motion/controller/build/controller_package
[12.465s] Level 1:colcon.colcon_core.environment:checking '/home/aruz/Final_Motion/controller/install/controller_package' for CMake module files
[12.466s] Level 1:colcon.colcon_core.environment:checking '/home/aruz/Final_Motion/controller/install/controller_package' for CMake config files
[12.466s] Level 1:colcon.colcon_core.shell:create_environment_hook('controller_package', 'cmake_prefix_path')
[12.467s] INFO:colcon.colcon_core.shell:Creating environment hook '/home/aruz/Final_Motion/controller/install/controller_package/share/controller_package/hook/cmake_prefix_path.ps1'
[12.467s] INFO:colcon.colcon_core.shell:Creating environment descriptor '/home/aruz/Final_Motion/controller/install/controller_package/share/controller_package/hook/cmake_prefix_path.dsv'
[12.468s] INFO:colcon.colcon_core.shell:Creating environment hook '/home/aruz/Final_Motion/controller/install/controller_package/share/controller_package/hook/cmake_prefix_path.sh'
[12.469s] Level 1:colcon.colcon_core.environment:checking '/home/aruz/Final_Motion/controller/install/controller_package/lib'
[12.469s] Level 1:colcon.colcon_core.environment:checking '/home/aruz/Final_Motion/controller/install/controller_package/bin'
[12.469s] Level 1:colcon.colcon_core.environment:checking '/home/aruz/Final_Motion/controller/install/controller_package/lib/pkgconfig/controller_package.pc'
[12.470s] Level 1:colcon.colcon_core.environment:checking '/home/aruz/Final_Motion/controller/install/controller_package/lib/python3.12/site-packages'
[12.470s] Level 1:colcon.colcon_core.environment:checking '/home/aruz/Final_Motion/controller/install/controller_package/bin'
[12.470s] INFO:colcon.colcon_core.shell:Creating package script '/home/aruz/Final_Motion/controller/install/controller_package/share/controller_package/package.ps1'
[12.471s] INFO:colcon.colcon_core.shell:Creating package descriptor '/home/aruz/Final_Motion/controller/install/controller_package/share/controller_package/package.dsv'
[12.471s] INFO:colcon.colcon_core.shell:Creating package script '/home/aruz/Final_Motion/controller/install/controller_package/share/controller_package/package.sh'
[12.472s] INFO:colcon.colcon_core.shell:Creating package script '/home/aruz/Final_Motion/controller/install/controller_package/share/controller_package/package.bash'
[12.473s] INFO:colcon.colcon_core.shell:Creating package script '/home/aruz/Final_Motion/controller/install/controller_package/share/controller_package/package.zsh'
[12.473s] Level 1:colcon.colcon_core.environment:create_file_with_runtime_dependencies(/home/aruz/Final_Motion/controller/install/controller_package/share/colcon-core/packages/controller_package)
[12.514s] Level 1:colcon.colcon_core.environment:create_environment_scripts_only(controller_package)
[12.514s] Level 1:colcon.colcon_core.environment:checking '/home/aruz/Final_Motion/controller/install/controller_package' for CMake module files
[12.515s] Level 1:colcon.colcon_core.environment:checking '/home/aruz/Final_Motion/controller/install/controller_package' for CMake config files
[12.515s] Level 1:colcon.colcon_core.shell:create_environment_hook('controller_package', 'cmake_prefix_path')
[12.515s] INFO:colcon.colcon_core.shell:Creating environment hook '/home/aruz/Final_Motion/controller/install/controller_package/share/controller_package/hook/cmake_prefix_path.ps1'
[12.516s] INFO:colcon.colcon_core.shell:Creating environment descriptor '/home/aruz/Final_Motion/controller/install/controller_package/share/controller_package/hook/cmake_prefix_path.dsv'
[12.516s] INFO:colcon.colcon_core.shell:Creating environment hook '/home/aruz/Final_Motion/controller/install/controller_package/share/controller_package/hook/cmake_prefix_path.sh'
[12.517s] Level 1:colcon.colcon_core.environment:checking '/home/aruz/Final_Motion/controller/install/controller_package/lib'
[12.517s] Level 1:colcon.colcon_core.environment:checking '/home/aruz/Final_Motion/controller/install/controller_package/bin'
[12.517s] Level 1:colcon.colcon_core.environment:checking '/home/aruz/Final_Motion/controller/install/controller_package/lib/pkgconfig/controller_package.pc'
[12.517s] Level 1:colcon.colcon_core.environment:checking '/home/aruz/Final_Motion/controller/install/controller_package/lib/python3.12/site-packages'
[12.517s] Level 1:colcon.colcon_core.environment:checking '/home/aruz/Final_Motion/controller/install/controller_package/bin'
[12.518s] INFO:colcon.colcon_core.shell:Creating package script '/home/aruz/Final_Motion/controller/install/controller_package/share/controller_package/package.ps1'
[12.518s] INFO:colcon.colcon_core.shell:Creating package descriptor '/home/aruz/Final_Motion/controller/install/controller_package/share/controller_package/package.dsv'
[12.519s] INFO:colcon.colcon_core.shell:Creating package script '/home/aruz/Final_Motion/controller/install/controller_package/share/controller_package/package.sh'
[12.519s] INFO:colcon.colcon_core.shell:Creating package script '/home/aruz/Final_Motion/controller/install/controller_package/share/controller_package/package.bash'
[12.520s] INFO:colcon.colcon_core.shell:Creating package script '/home/aruz/Final_Motion/controller/install/controller_package/share/controller_package/package.zsh'
[12.520s] Level 1:colcon.colcon_core.environment:create_file_with_runtime_dependencies(/home/aruz/Final_Motion/controller/install/controller_package/share/colcon-core/packages/controller_package)
[12.520s] DEBUG:colcon.colcon_parallel_executor.executor.parallel:closing loop
[12.521s] DEBUG:colcon.colcon_parallel_executor.executor.parallel:loop closed
[12.521s] DEBUG:colcon.colcon_parallel_executor.executor.parallel:run_until_complete finished with '0'
[12.521s] DEBUG:colcon.colcon_core.event_reactor:joining thread
[12.530s] INFO:colcon.colcon_core.plugin_system:Skipping extension 'colcon_notification.desktop_notification.terminal_notifier': Not used on non-Darwin systems
[12.530s] INFO:colcon.colcon_core.plugin_system:Skipping extension 'colcon_notification.desktop_notification.win32': Not used on non-Windows systems
[12.530s] INFO:colcon.colcon_notification.desktop_notification:Sending desktop notification using 'notify2'
[12.561s] DEBUG:colcon.colcon_core.event_reactor:joined thread
[12.561s] INFO:colcon.colcon_core.shell:Creating prefix script '/home/aruz/Final_Motion/controller/install/local_setup.ps1'
[12.562s] INFO:colcon.colcon_core.shell:Creating prefix util module '/home/aruz/Final_Motion/controller/install/_local_setup_util_ps1.py'
[12.564s] INFO:colcon.colcon_core.shell:Creating prefix chain script '/home/aruz/Final_Motion/controller/install/setup.ps1'
[12.566s] INFO:colcon.colcon_core.shell:Creating prefix script '/home/aruz/Final_Motion/controller/install/local_setup.sh'
[12.567s] INFO:colcon.colcon_core.shell:Creating prefix util module '/home/aruz/Final_Motion/controller/install/_local_setup_util_sh.py'
[12.568s] INFO:colcon.colcon_core.shell:Creating prefix chain script '/home/aruz/Final_Motion/controller/install/setup.sh'
[12.570s] INFO:colcon.colcon_core.shell:Creating prefix script '/home/aruz/Final_Motion/controller/install/local_setup.bash'
[12.571s] INFO:colcon.colcon_core.shell:Creating prefix chain script '/home/aruz/Final_Motion/controller/install/setup.bash'
[12.573s] INFO:colcon.colcon_core.shell:Creating prefix script '/home/aruz/Final_Motion/controller/install/local_setup.zsh'
[12.574s] INFO:colcon.colcon_core.shell:Creating prefix chain script '/home/aruz/Final_Motion/controller/install/setup.zsh'
