[0.014s] Invoking command in '/home/aruz/Final_Motion/controller/build/controller_package': CMAKE_PREFIX_PATH=${CMAKE_PREFIX_PATH}:/opt/ros/jazzy DEBUGINFOD_URLS=https://debuginfod.ubuntu.com /usr/bin/cmake --build /home/aruz/Final_Motion/controller/build/controller_package -- -j24 -l24
[0.055s] -- Found ament_cmake: 2.5.2 (/opt/ros/jazzy/share/ament_cmake/cmake)
[0.408s] -- Found rclcpp: 28.1.5 (/opt/ros/jazzy/share/rclcpp/cmake)
[0.439s] -- Found rosidl_generator_c: 4.6.4 (/opt/ros/jazzy/share/rosidl_generator_c/cmake)
[0.450s] -- Found rosidl_generator_cpp: 4.6.4 (/opt/ros/jazzy/share/rosidl_generator_cpp/cmake)
[0.464s] -- Using all available rosidl_typesupport_c: rosidl_typesupport_fastrtps_c;rosidl_typesupport_introspection_c
[0.480s] -- Using all available rosidl_typesupport_cpp: rosidl_typesupport_fastrtps_cpp;rosidl_typesupport_introspection_cpp
[0.557s] -- Found rmw_implementation_cmake: 7.3.1 (/opt/ros/jazzy/share/rmw_implementation_cmake/cmake)
[0.559s] -- Found rmw_fastrtps_cpp: 8.4.1 (/opt/ros/jazzy/share/rmw_fastrtps_cpp/cmake)
[0.643s] -- Using RMW implementation 'rmw_fastrtps_cpp' as default
[0.722s] -- Found geometry_msgs: 5.3.5 (/opt/ros/jazzy/share/geometry_msgs/cmake)
[0.760s] -- Found webots_ros2_driver: 2023.1.3 (/opt/ros/jazzy/share/webots_ros2_driver/cmake)
[0.801s] -- Found eigen3_cmake_module: 0.3.0 (/opt/ros/jazzy/share/eigen3_cmake_module/cmake)
[0.802s] -- Ensuring Eigen3 include directory is part of orocos-kdl CMake target
[1.021s] -- Found pluginlib: 5.4.2 (/opt/ros/jazzy/share/pluginlib/cmake)
[1.041s] -- Found Boost: /usr/lib/x86_64-linux-gnu/cmake/Boost-1.83.0/BoostConfig.cmake (found version "1.83.0") found components: program_options 
[1.048s] -- Found Boost: /usr/lib/x86_64-linux-gnu/cmake/Boost-1.83.0/BoostConfig.cmake (found version "1.83.0")  
[1.066s] -- Found ament_lint_auto: 0.17.1 (/opt/ros/jazzy/share/ament_lint_auto/cmake)
[1.183s] -- Added test 'cppcheck' to perform static code analysis on C / C++ code
[1.184s] -- Configured cppcheck include dirs: /home/aruz/Final_Motion/controller/src/controller_package/include;$<BUILD_INTERFACE:/home/aruz/Final_Motion/controller/src/controller_package/include>
[1.184s] -- Configured cppcheck exclude dirs and/or files: 
[1.184s] -- Added test 'lint_cmake' to check CMake code style
[1.185s] -- Added test 'uncrustify' to check C / C++ code style
[1.185s] -- Configured uncrustify additional arguments: 
[1.185s] -- Added test 'xmllint' to check XML markup files
[1.186s] -- Configuring done (1.1s)
[1.224s] -- Generating done (0.0s)
[1.226s] -- Build files have been written to: /home/aruz/Final_Motion/controller/build/controller_package
[1.307s] [ 50%] [32mBuilding CXX object CMakeFiles/controller.dir/src/controller.cpp.o[0m
[12.043s] [100%] [32m[1mLinking CXX executable controller[0m
[12.755s] [100%] Built target controller
[12.767s] Invoked command in '/home/aruz/Final_Motion/controller/build/controller_package' returned '0': CMAKE_PREFIX_PATH=${CMAKE_PREFIX_PATH}:/opt/ros/jazzy DEBUGINFOD_URLS=https://debuginfod.ubuntu.com /usr/bin/cmake --build /home/aruz/Final_Motion/controller/build/controller_package -- -j24 -l24
[12.818s] Invoking command in '/home/aruz/Final_Motion/controller/build/controller_package': CMAKE_PREFIX_PATH=${CMAKE_PREFIX_PATH}:/opt/ros/jazzy DEBUGINFOD_URLS=https://debuginfod.ubuntu.com /usr/bin/cmake --install /home/aruz/Final_Motion/controller/build/controller_package
[12.833s] -- Install configuration: ""
[12.833s] -- Installing: /home/aruz/Final_Motion/controller/install/controller_package/lib/controller_package/controller
[12.841s] -- Set non-toolchain portion of runtime path of "/home/aruz/Final_Motion/controller/install/controller_package/lib/controller_package/controller" to ""
[12.841s] -- Up-to-date: /home/aruz/Final_Motion/controller/install/controller_package/share/ament_index/resource_index/package_run_dependencies/controller_package
[12.841s] -- Up-to-date: /home/aruz/Final_Motion/controller/install/controller_package/share/ament_index/resource_index/parent_prefix_path/controller_package
[12.841s] -- Up-to-date: /home/aruz/Final_Motion/controller/install/controller_package/share/controller_package/environment/ament_prefix_path.sh
[12.842s] -- Up-to-date: /home/aruz/Final_Motion/controller/install/controller_package/share/controller_package/environment/ament_prefix_path.dsv
[12.842s] -- Up-to-date: /home/aruz/Final_Motion/controller/install/controller_package/share/controller_package/environment/path.sh
[12.842s] -- Up-to-date: /home/aruz/Final_Motion/controller/install/controller_package/share/controller_package/environment/path.dsv
[12.842s] -- Up-to-date: /home/aruz/Final_Motion/controller/install/controller_package/share/controller_package/local_setup.bash
[12.842s] -- Up-to-date: /home/aruz/Final_Motion/controller/install/controller_package/share/controller_package/local_setup.sh
[12.842s] -- Up-to-date: /home/aruz/Final_Motion/controller/install/controller_package/share/controller_package/local_setup.zsh
[12.842s] -- Up-to-date: /home/aruz/Final_Motion/controller/install/controller_package/share/controller_package/local_setup.dsv
[12.842s] -- Installing: /home/aruz/Final_Motion/controller/install/controller_package/share/controller_package/package.dsv
[12.842s] -- Up-to-date: /home/aruz/Final_Motion/controller/install/controller_package/share/ament_index/resource_index/packages/controller_package
[12.842s] -- Up-to-date: /home/aruz/Final_Motion/controller/install/controller_package/share/controller_package/cmake/controller_packageConfig.cmake
[12.842s] -- Up-to-date: /home/aruz/Final_Motion/controller/install/controller_package/share/controller_package/cmake/controller_packageConfig-version.cmake
[12.842s] -- Up-to-date: /home/aruz/Final_Motion/controller/install/controller_package/share/controller_package/package.xml
[12.844s] Invoked command in '/home/aruz/Final_Motion/controller/build/controller_package' returned '0': CMAKE_PREFIX_PATH=${CMAKE_PREFIX_PATH}:/opt/ros/jazzy DEBUGINFOD_URLS=https://debuginfod.ubuntu.com /usr/bin/cmake --install /home/aruz/Final_Motion/controller/build/controller_package
