-- Found ament_cmake: 2.5.2 (/opt/ros/jazzy/share/ament_cmake/cmake)
-- Found rclcpp: 28.1.5 (/opt/ros/jazzy/share/rclcpp/cmake)
-- Found rosidl_generator_c: 4.6.4 (/opt/ros/jazzy/share/rosidl_generator_c/cmake)
-- Found rosidl_generator_cpp: 4.6.4 (/opt/ros/jazzy/share/rosidl_generator_cpp/cmake)
-- Using all available rosidl_typesupport_c: rosidl_typesupport_fastrtps_c;rosidl_typesupport_introspection_c
-- Using all available rosidl_typesupport_cpp: rosidl_typesupport_fastrtps_cpp;rosidl_typesupport_introspection_cpp
-- Found rmw_implementation_cmake: 7.3.1 (/opt/ros/jazzy/share/rmw_implementation_cmake/cmake)
-- Found rmw_fastrtps_cpp: 8.4.1 (/opt/ros/jazzy/share/rmw_fastrtps_cpp/cmake)
-- Using RMW implementation 'rmw_fastrtps_cpp' as default
-- Found geometry_msgs: 5.3.5 (/opt/ros/jazzy/share/geometry_msgs/cmake)
-- Found webots_ros2_driver: 2023.1.3 (/opt/ros/jazzy/share/webots_ros2_driver/cmake)
-- Found eigen3_cmake_module: 0.3.0 (/opt/ros/jazzy/share/eigen3_cmake_module/cmake)
-- Ensuring Eigen3 include directory is part of orocos-kdl CMake target
-- Found pluginlib: 5.4.2 (/opt/ros/jazzy/share/pluginlib/cmake)
-- Found Boost: /usr/lib/x86_64-linux-gnu/cmake/Boost-1.83.0/BoostConfig.cmake (found version "1.83.0") found components: program_options 
-- Found Boost: /usr/lib/x86_64-linux-gnu/cmake/Boost-1.83.0/BoostConfig.cmake (found version "1.83.0")  
-- Found ament_lint_auto: 0.17.1 (/opt/ros/jazzy/share/ament_lint_auto/cmake)
-- Added test 'cppcheck' to perform static code analysis on C / C++ code
-- Configured cppcheck include dirs: /home/debraj/Documents/controller/src/controller_package/include;$<BUILD_INTERFACE:/home/debraj/Documents/controller/src/controller_package/include>
-- Configured cppcheck exclude dirs and/or files: 
-- Added test 'lint_cmake' to check CMake code style
-- Added test 'uncrustify' to check C / C++ code style
-- Configured uncrustify additional arguments: 
-- Added test 'xmllint' to check XML markup files
-- Configuring done (1.8s)
-- Generating done (0.1s)
-- Build files have been written to: /home/debraj/Documents/controller/build/controller_package
[ 50%] [32mBuilding CXX object CMakeFiles/controller.dir/src/tester.cpp.o[0m
[100%] [32m[1mLinking CXX executable controller[0m
[100%] Built target controller
-- Install configuration: ""
-- Installing: /home/debraj/Documents/controller/install/controller_package/lib/controller_package/controller
-- Set non-toolchain portion of runtime path of "/home/debraj/Documents/controller/install/controller_package/lib/controller_package/controller" to ""
-- Up-to-date: /home/debraj/Documents/controller/install/controller_package/share/ament_index/resource_index/package_run_dependencies/controller_package
-- Up-to-date: /home/debraj/Documents/controller/install/controller_package/share/ament_index/resource_index/parent_prefix_path/controller_package
-- Up-to-date: /home/debraj/Documents/controller/install/controller_package/share/controller_package/environment/ament_prefix_path.sh
-- Up-to-date: /home/debraj/Documents/controller/install/controller_package/share/controller_package/environment/ament_prefix_path.dsv
-- Up-to-date: /home/debraj/Documents/controller/install/controller_package/share/controller_package/environment/path.sh
-- Up-to-date: /home/debraj/Documents/controller/install/controller_package/share/controller_package/environment/path.dsv
-- Up-to-date: /home/debraj/Documents/controller/install/controller_package/share/controller_package/local_setup.bash
-- Up-to-date: /home/debraj/Documents/controller/install/controller_package/share/controller_package/local_setup.sh
-- Up-to-date: /home/debraj/Documents/controller/install/controller_package/share/controller_package/local_setup.zsh
-- Up-to-date: /home/debraj/Documents/controller/install/controller_package/share/controller_package/local_setup.dsv
-- Installing: /home/debraj/Documents/controller/install/controller_package/share/controller_package/package.dsv
-- Up-to-date: /home/debraj/Documents/controller/install/controller_package/share/ament_index/resource_index/packages/controller_package
-- Up-to-date: /home/debraj/Documents/controller/install/controller_package/share/controller_package/cmake/controller_packageConfig.cmake
-- Up-to-date: /home/debraj/Documents/controller/install/controller_package/share/controller_package/cmake/controller_packageConfig-version.cmake
-- Up-to-date: /home/debraj/Documents/controller/install/controller_package/share/controller_package/package.xml
