[0.023s] Invoking command in '/home/debraj/Documents/controller/build/controller_package': CMAKE_PREFIX_PATH=${CMAKE_PREFIX_PATH}:/opt/ros/jazzy DEBUGINFOD_URLS=https://debuginfod.ubuntu.com /usr/bin/cmake --build /home/debraj/Documents/controller/build/controller_package -- -j8 -l8
[0.087s] -- Found ament_cmake: 2.5.2 (/opt/ros/jazzy/share/ament_cmake/cmake)
[0.552s] -- Found rclcpp: 28.1.5 (/opt/ros/jazzy/share/rclcpp/cmake)
[0.625s] -- Found rosidl_generator_c: 4.6.4 (/opt/ros/jazzy/share/rosidl_generator_c/cmake)
[0.649s] -- Found rosidl_generator_cpp: 4.6.4 (/opt/ros/jazzy/share/rosidl_generator_cpp/cmake)
[0.680s] -- Using all available rosidl_typesupport_c: rosidl_typesupport_fastrtps_c;rosidl_typesupport_introspection_c
[0.714s] -- Using all available rosidl_typesupport_cpp: rosidl_typesupport_fastrtps_cpp;rosidl_typesupport_introspection_cpp
[0.869s] -- Found rmw_implementation_cmake: 7.3.1 (/opt/ros/jazzy/share/rmw_implementation_cmake/cmake)
[0.874s] -- Found rmw_fastrtps_cpp: 8.4.1 (/opt/ros/jazzy/share/rmw_fastrtps_cpp/cmake)
[1.026s] -- Using RMW implementation 'rmw_fastrtps_cpp' as default
[1.177s] -- Found geometry_msgs: 5.3.5 (/opt/ros/jazzy/share/geometry_msgs/cmake)
[1.254s] -- Found webots_ros2_driver: 2023.1.3 (/opt/ros/jazzy/share/webots_ros2_driver/cmake)
[1.336s] -- Found eigen3_cmake_module: 0.3.0 (/opt/ros/jazzy/share/eigen3_cmake_module/cmake)
[1.339s] -- Ensuring Eigen3 include directory is part of orocos-kdl CMake target
[1.746s] -- Found pluginlib: 5.4.2 (/opt/ros/jazzy/share/pluginlib/cmake)
[1.780s] -- Found Boost: /usr/lib/x86_64-linux-gnu/cmake/Boost-1.83.0/BoostConfig.cmake (found version "1.83.0") found components: program_options 
[1.791s] -- Found Boost: /usr/lib/x86_64-linux-gnu/cmake/Boost-1.83.0/BoostConfig.cmake (found version "1.83.0")  
[1.818s] -- Found ament_lint_auto: 0.17.1 (/opt/ros/jazzy/share/ament_lint_auto/cmake)
[1.998s] -- Added test 'cppcheck' to perform static code analysis on C / C++ code
[1.999s] -- Configured cppcheck include dirs: /home/debraj/Documents/controller/src/controller_package/include;$<BUILD_INTERFACE:/home/debraj/Documents/controller/src/controller_package/include>
[1.999s] -- Configured cppcheck exclude dirs and/or files: 
[2.000s] -- Added test 'lint_cmake' to check CMake code style
[2.003s] -- Added test 'uncrustify' to check C / C++ code style
[2.003s] -- Configured uncrustify additional arguments: 
[2.004s] -- Added test 'xmllint' to check XML markup files
[2.007s] -- Configuring done (1.9s)
[2.103s] -- Generating done (0.1s)
[2.108s] -- Build files have been written to: /home/debraj/Documents/controller/build/controller_package
[2.207s] [ 50%] [32mBuilding CXX object CMakeFiles/controller.dir/src/tester.cpp.o[0m
[4.914s] [01m[K/home/debraj/Documents/controller/src/controller_package/src/tester.cpp:[m[K In function ‘[01m[Kint[01;32m[K main[m[K()[m[K’:
[4.915s] [01m[K/home/debraj/Documents/controller/src/controller_package/src/tester.cpp:14:18:[m[K [01;35m[Kwarning: [m[Kunused variable ‘[01m[KR[m[K’ [[01;35m[K]8;;https://gcc.gnu.org/onlinedocs/gcc/Warning-Options.html#index-Wunused-variable-Wunused-variable]8;;[m[K]
[4.915s]    14 |     const double [01;35m[KR[m[K = 0.05;
[4.915s]       |                  [01;35m[K^[m[K
[4.915s] [01m[K/home/debraj/Documents/controller/src/controller_package/src/tester.cpp:15:18:[m[K [01;35m[Kwarning: [m[Kunused variable ‘[01m[Kd[m[K’ [[01;35m[K]8;;https://gcc.gnu.org/onlinedocs/gcc/Warning-Options.html#index-Wunused-variable-Wunused-variable]8;;[m[K]
[4.916s]    15 |     const double [01;35m[Kd[m[K = 0.1;
[4.916s]       |                  [01;35m[K^[m[K
[5.535s] [100%] [32m[1mLinking CXX executable controller[0m
[7.139s] [100%] Built target controller
[7.163s] Invoked command in '/home/debraj/Documents/controller/build/controller_package' returned '0': CMAKE_PREFIX_PATH=${CMAKE_PREFIX_PATH}:/opt/ros/jazzy DEBUGINFOD_URLS=https://debuginfod.ubuntu.com /usr/bin/cmake --build /home/debraj/Documents/controller/build/controller_package -- -j8 -l8
[7.236s] Invoking command in '/home/debraj/Documents/controller/build/controller_package': CMAKE_PREFIX_PATH=${CMAKE_PREFIX_PATH}:/opt/ros/jazzy DEBUGINFOD_URLS=https://debuginfod.ubuntu.com /usr/bin/cmake --install /home/debraj/Documents/controller/build/controller_package
[7.251s] -- Install configuration: ""
[7.252s] -- Installing: /home/debraj/Documents/controller/install/controller_package/lib/controller_package/controller
[7.252s] -- Set non-toolchain portion of runtime path of "/home/debraj/Documents/controller/install/controller_package/lib/controller_package/controller" to ""
[7.253s] -- Up-to-date: /home/debraj/Documents/controller/install/controller_package/share/ament_index/resource_index/package_run_dependencies/controller_package
[7.253s] -- Installing: /home/debraj/Documents/controller/install/controller_package/share/ament_index/resource_index/parent_prefix_path/controller_package
[7.262s] -- Up-to-date: /home/debraj/Documents/controller/install/controller_package/share/controller_package/environment/ament_prefix_path.sh
[7.262s] -- Up-to-date: /home/debraj/Documents/controller/install/controller_package/share/controller_package/environment/ament_prefix_path.dsv
[7.263s] -- Up-to-date: /home/debraj/Documents/controller/install/controller_package/share/controller_package/environment/path.sh
[7.263s] -- Up-to-date: /home/debraj/Documents/controller/install/controller_package/share/controller_package/environment/path.dsv
[7.263s] -- Up-to-date: /home/debraj/Documents/controller/install/controller_package/share/controller_package/local_setup.bash
[7.263s] -- Up-to-date: /home/debraj/Documents/controller/install/controller_package/share/controller_package/local_setup.sh
[7.264s] -- Up-to-date: /home/debraj/Documents/controller/install/controller_package/share/controller_package/local_setup.zsh
[7.264s] -- Up-to-date: /home/debraj/Documents/controller/install/controller_package/share/controller_package/local_setup.dsv
[7.264s] -- Installing: /home/debraj/Documents/controller/install/controller_package/share/controller_package/package.dsv
[7.264s] -- Up-to-date: /home/debraj/Documents/controller/install/controller_package/share/ament_index/resource_index/packages/controller_package
[7.264s] -- Up-to-date: /home/debraj/Documents/controller/install/controller_package/share/controller_package/cmake/controller_packageConfig.cmake
[7.264s] -- Up-to-date: /home/debraj/Documents/controller/install/controller_package/share/controller_package/cmake/controller_packageConfig-version.cmake
[7.265s] -- Up-to-date: /home/debraj/Documents/controller/install/controller_package/share/controller_package/package.xml
[7.267s] Invoked command in '/home/debraj/Documents/controller/build/controller_package' returned '0': CMAKE_PREFIX_PATH=${CMAKE_PREFIX_PATH}:/opt/ros/jazzy DEBUGINFOD_URLS=https://debuginfod.ubuntu.com /usr/bin/cmake --install /home/debraj/Documents/controller/build/controller_package
