[0.013s] Invoking command in '/home/aruz/Final_Motion/controller/build/controller_package': CMAKE_PREFIX_PATH=${CMAKE_PREFIX_PATH}:/opt/ros/jazzy DEBUGINFOD_URLS=https://debuginfod.ubuntu.com /usr/bin/cmake --build /home/aruz/Final_Motion/controller/build/controller_package -- -j24 -l24
[0.063s] -- Found ament_cmake: 2.5.2 (/opt/ros/jazzy/share/ament_cmake/cmake)
[0.392s] -- Found rclcpp: 28.1.5 (/opt/ros/jazzy/share/rclcpp/cmake)
[0.435s] -- Found rosidl_generator_c: 4.6.4 (/opt/ros/jazzy/share/rosidl_generator_c/cmake)
[0.445s] -- Found rosidl_generator_cpp: 4.6.4 (/opt/ros/jazzy/share/rosidl_generator_cpp/cmake)
[0.459s] -- Using all available rosidl_typesupport_c: rosidl_typesupport_fastrtps_c;rosidl_typesupport_introspection_c
[0.475s] -- Using all available rosidl_typesupport_cpp: rosidl_typesupport_fastrtps_cpp;rosidl_typesupport_introspection_cpp
[0.550s] -- Found rmw_implementation_cmake: 7.3.1 (/opt/ros/jazzy/share/rmw_implementation_cmake/cmake)
[0.552s] -- Found rmw_fastrtps_cpp: 8.4.1 (/opt/ros/jazzy/share/rmw_fastrtps_cpp/cmake)
[0.632s] -- Using RMW implementation 'rmw_fastrtps_cpp' as default
[0.719s] -- Found geometry_msgs: 5.3.5 (/opt/ros/jazzy/share/geometry_msgs/cmake)
[0.758s] -- Found webots_ros2_driver: 2023.1.3 (/opt/ros/jazzy/share/webots_ros2_driver/cmake)
[0.798s] -- Found eigen3_cmake_module: 0.3.0 (/opt/ros/jazzy/share/eigen3_cmake_module/cmake)
[0.800s] -- Ensuring Eigen3 include directory is part of orocos-kdl CMake target
[1.018s] -- Found pluginlib: 5.4.2 (/opt/ros/jazzy/share/pluginlib/cmake)
[1.038s] -- Found Boost: /usr/lib/x86_64-linux-gnu/cmake/Boost-1.83.0/BoostConfig.cmake (found version "1.83.0") found components: program_options 
[1.044s] -- Found Boost: /usr/lib/x86_64-linux-gnu/cmake/Boost-1.83.0/BoostConfig.cmake (found version "1.83.0")  
[1.045s] [31mCMake Error at CMakeLists.txt:36 (target_link_libraries):
[1.045s]   Target "tester" of type EXECUTABLE may not be linked into another target.
[1.045s]   One may link only to INTERFACE, OBJECT, STATIC or SHARED libraries, or to
[1.046s]   executables with the ENABLE_EXPORTS property set.
[1.046s] 
[1.046s] [0m
[1.046s] [31mCMake Error at CMakeLists.txt:45 (target_include_directories):
[1.046s]   target_include_directories called with invalid arguments
[1.046s] 
[1.046s] [0m
[1.046s] [31mCMake Error at /opt/ros/jazzy/share/ament_cmake_target_dependencies/cmake/ament_target_dependencies.cmake:77 (message):
[1.047s]   ament_target_dependencies() the passed package name 'tester' was not found
[1.047s]   before
[1.047s] Call Stack (most recent call first):
[1.047s]   CMakeLists.txt:49 (ament_target_dependencies)
[1.047s] 
[1.047s] [0m
[1.047s] -- Configuring incomplete, errors occurred!
[1.054s] gmake: *** [Makefile:267: cmake_check_build_system] Error 1
[1.057s] Invoked command in '/home/aruz/Final_Motion/controller/build/controller_package' returned '2': CMAKE_PREFIX_PATH=${CMAKE_PREFIX_PATH}:/opt/ros/jazzy DEBUGINFOD_URLS=https://debuginfod.ubuntu.com /usr/bin/cmake --build /home/aruz/Final_Motion/controller/build/controller_package -- -j24 -l24
