[0.031s] Invoking command in '/home/debraj/Documents/controller/build/controller_package': CMAKE_PREFIX_PATH=${CMAKE_PREFIX_PATH}:/opt/ros/jazzy DEBUGINFOD_URLS=https://debuginfod.ubuntu.com /usr/bin/cmake --build /home/debraj/Documents/controller/build/controller_package -- -j8 -l8
[0.238s] [ 50%] [32mBuilding CXX object CMakeFiles/controller.dir/src/controller.cpp.o[0m
[6.959s] [01m[K/home/debraj/Documents/controller/src/controller_package/src/controller.cpp:30:1:[m[K [01;31m[Kerror: [m[K‘[01m[Kf[m[K’ does not name a type
[6.960s]    30 | [01;31m[Kf[m[K << dot(x) == vx;
[6.960s]       | [01;31m[K^[m[K
[6.961s] [01m[K/home/debraj/Documents/controller/src/controller_package/src/controller.cpp:31:1:[m[K [01;31m[Kerror: [m[K‘[01m[Kf[m[K’ does not name a type
[6.962s]    31 | [01;31m[Kf[m[K << dot(y) == vy;
[6.962s]       | [01;31m[K^[m[K
[6.963s] [01m[K/home/debraj/Documents/controller/src/controller_package/src/controller.cpp:32:1:[m[K [01;31m[Kerror: [m[K‘[01m[Kf[m[K’ does not name a type
[6.963s]    32 | [01;31m[Kf[m[K << dot(theta) == omega;
[6.964s]       | [01;31m[K^[m[K
[6.965s] [01m[K/home/debraj/Documents/controller/src/controller_package/src/controller.cpp:33:1:[m[K [01;31m[Kerror: [m[K‘[01m[Kf[m[K’ does not name a type
[6.965s]    33 | [01;31m[Kf[m[K << dot(vx) == ax;
[6.966s]       | [01;31m[K^[m[K
[6.967s] [01m[K/home/debraj/Documents/controller/src/controller_package/src/controller.cpp:34:1:[m[K [01;31m[Kerror: [m[K‘[01m[Kf[m[K’ does not name a type
[6.967s]    34 | [01;31m[Kf[m[K << dot(vy) == ay;
[6.968s]       | [01;31m[K^[m[K
[6.969s] [01m[K/home/debraj/Documents/controller/src/controller_package/src/controller.cpp:35:1:[m[K [01;31m[Kerror: [m[K‘[01m[Kf[m[K’ does not name a type
[6.969s]    35 | [01;31m[Kf[m[K << dot(omega) == alpha;
[6.969s]       | [01;31m[K^[m[K
[11.057s] gmake[2]: *** [CMakeFiles/controller.dir/build.make:76: CMakeFiles/controller.dir/src/controller.cpp.o] Error 1
[11.057s] gmake[1]: *** [CMakeFiles/Makefile2:137: CMakeFiles/controller.dir/all] Error 2
[11.058s] gmake: *** [Makefile:146: all] Error 2
[11.061s] Invoked command in '/home/debraj/Documents/controller/build/controller_package' returned '2': CMAKE_PREFIX_PATH=${CMAKE_PREFIX_PATH}:/opt/ros/jazzy DEBUGINFOD_URLS=https://debuginfod.ubuntu.com /usr/bin/cmake --build /home/debraj/Documents/controller/build/controller_package -- -j8 -l8
