[0.217s] DEBUG:colcon:Command line arguments: ['/usr/bin/colcon', 'build']
[0.217s] DEBUG:colcon:Parsed command line arguments: Namespace(log_base=None, log_level=None, verb_name='build', build_base='build', install_base='install', merge_install=False, symlink_install=False, test_result_base=None, continue_on_error=False, executor='parallel', parallel_workers=8, event_handlers=None, ignore_user_meta=False, metas=['./colcon.meta'], base_paths=['.'], packages_ignore=None, packages_ignore_regex=None, paths=None, packages_up_to=None, packages_up_to_regex=None, packages_above=None, packages_above_and_dependencies=None, packages_above_depth=None, packages_select_by_dep=None, packages_skip_by_dep=None, packages_skip_up_to=None, packages_select_build_failed=False, packages_skip_build_finished=False, packages_select_test_failures=False, packages_skip_test_passed=False, packages_select=None, packages_skip=None, packages_select_regex=None, packages_skip_regex=None, packages_start=None, packages_end=None, allow_overriding=[], cmake_args=None, cmake_target=None, cmake_target_skip_unavailable=False, cmake_clean_cache=False, cmake_clean_first=False, cmake_force_configure=False, ament_cmake_args=None, catkin_cmake_args=None, catkin_skip_building_tests=False, mixin_files=None, mixin=None, verb_parser=<colcon_mixin.mixin.mixin_argument.MixinArgumentDecorator object at 0x7149e595be00>, verb_extension=<colcon_core.verb.build.BuildVerb object at 0x7149e595baa0>, main=<bound method BuildVerb.main of <colcon_core.verb.build.BuildVerb object at 0x7149e595baa0>>, mixin_verb=('build',))
[0.288s] Level 1:colcon.colcon_core.package_discovery:discover_packages(colcon_meta) check parameters
[0.288s] Level 1:colcon.colcon_core.package_discovery:discover_packages(recursive) check parameters
[0.288s] Level 1:colcon.colcon_core.package_discovery:discover_packages(ignore) check parameters
[0.288s] Level 1:colcon.colcon_core.package_discovery:discover_packages(path) check parameters
[0.288s] Level 1:colcon.colcon_core.package_discovery:discover_packages(colcon_meta) discover
[0.288s] Level 1:colcon.colcon_core.package_discovery:discover_packages(recursive) discover
[0.288s] INFO:colcon.colcon_core.package_discovery:Crawling recursively for packages in '/home/debraj/Documents/controller'
[0.288s] Level 1:colcon.colcon_core.package_identification:_identify(.) by extensions ['ignore', 'ignore_ament_install']
[0.289s] Level 1:colcon.colcon_core.package_identification:_identify(.) by extension 'ignore'
[0.289s] Level 1:colcon.colcon_core.package_identification:_identify(.) by extension 'ignore_ament_install'
[0.289s] Level 1:colcon.colcon_core.package_identification:_identify(.) by extensions ['colcon_pkg']
[0.289s] Level 1:colcon.colcon_core.package_identification:_identify(.) by extension 'colcon_pkg'
[0.289s] Level 1:colcon.colcon_core.package_identification:_identify(.) by extensions ['colcon_meta']
[0.289s] Level 1:colcon.colcon_core.package_identification:_identify(.) by extension 'colcon_meta'
[0.289s] Level 1:colcon.colcon_core.package_identification:_identify(.) by extensions ['ros']
[0.289s] Level 1:colcon.colcon_core.package_identification:_identify(.) by extension 'ros'
[0.338s] Level 1:colcon.colcon_core.package_identification:_identify(.) by extensions ['cmake', 'python']
[0.338s] Level 1:colcon.colcon_core.package_identification:_identify(.) by extension 'cmake'
[0.338s] Level 1:colcon.colcon_core.package_identification:_identify(.) by extension 'python'
[0.338s] Level 1:colcon.colcon_core.package_identification:_identify(.) by extensions ['python_setup_py']
[0.338s] Level 1:colcon.colcon_core.package_identification:_identify(.) by extension 'python_setup_py'
[0.339s] Level 1:colcon.colcon_core.package_identification:_identify(build) by extensions ['ignore', 'ignore_ament_install']
[0.339s] Level 1:colcon.colcon_core.package_identification:_identify(build) by extension 'ignore'
[0.339s] Level 1:colcon.colcon_core.package_identification:_identify(build) ignored
[0.339s] Level 1:colcon.colcon_core.package_identification:_identify(install) by extensions ['ignore', 'ignore_ament_install']
[0.339s] Level 1:colcon.colcon_core.package_identification:_identify(install) by extension 'ignore'
[0.339s] Level 1:colcon.colcon_core.package_identification:_identify(install) ignored
[0.340s] Level 1:colcon.colcon_core.package_identification:_identify(log) by extensions ['ignore', 'ignore_ament_install']
[0.340s] Level 1:colcon.colcon_core.package_identification:_identify(log) by extension 'ignore'
[0.340s] Level 1:colcon.colcon_core.package_identification:_identify(log) ignored
[0.340s] Level 1:colcon.colcon_core.package_identification:_identify(src) by extensions ['ignore', 'ignore_ament_install']
[0.340s] Level 1:colcon.colcon_core.package_identification:_identify(src) by extension 'ignore'
[0.340s] Level 1:colcon.colcon_core.package_identification:_identify(src) by extension 'ignore_ament_install'
[0.340s] Level 1:colcon.colcon_core.package_identification:_identify(src) by extensions ['colcon_pkg']
[0.340s] Level 1:colcon.colcon_core.package_identification:_identify(src) by extension 'colcon_pkg'
[0.340s] Level 1:colcon.colcon_core.package_identification:_identify(src) by extensions ['colcon_meta']
[0.341s] Level 1:colcon.colcon_core.package_identification:_identify(src) by extension 'colcon_meta'
[0.341s] Level 1:colcon.colcon_core.package_identification:_identify(src) by extensions ['ros']
[0.341s] Level 1:colcon.colcon_core.package_identification:_identify(src) by extension 'ros'
[0.341s] Level 1:colcon.colcon_core.package_identification:_identify(src) by extensions ['cmake', 'python']
[0.341s] Level 1:colcon.colcon_core.package_identification:_identify(src) by extension 'cmake'
[0.341s] Level 1:colcon.colcon_core.package_identification:_identify(src) by extension 'python'
[0.341s] Level 1:colcon.colcon_core.package_identification:_identify(src) by extensions ['python_setup_py']
[0.341s] Level 1:colcon.colcon_core.package_identification:_identify(src) by extension 'python_setup_py'
[0.341s] Level 1:colcon.colcon_core.package_identification:_identify(src/controller_package) by extensions ['ignore', 'ignore_ament_install']
[0.341s] Level 1:colcon.colcon_core.package_identification:_identify(src/controller_package) by extension 'ignore'
[0.342s] Level 1:colcon.colcon_core.package_identification:_identify(src/controller_package) by extension 'ignore_ament_install'
[0.342s] Level 1:colcon.colcon_core.package_identification:_identify(src/controller_package) by extensions ['colcon_pkg']
[0.342s] Level 1:colcon.colcon_core.package_identification:_identify(src/controller_package) by extension 'colcon_pkg'
[0.342s] Level 1:colcon.colcon_core.package_identification:_identify(src/controller_package) by extensions ['colcon_meta']
[0.342s] Level 1:colcon.colcon_core.package_identification:_identify(src/controller_package) by extension 'colcon_meta'
[0.342s] Level 1:colcon.colcon_core.package_identification:_identify(src/controller_package) by extensions ['ros']
[0.342s] Level 1:colcon.colcon_core.package_identification:_identify(src/controller_package) by extension 'ros'
[0.347s] DEBUG:colcon.colcon_core.package_identification:Package 'src/controller_package' with type 'ros.ament_cmake' and name 'controller_package'
[0.347s] Level 1:colcon.colcon_core.package_discovery:discover_packages(recursive) using defaults
[0.348s] Level 1:colcon.colcon_core.package_discovery:discover_packages(ignore) discover
[0.348s] Level 1:colcon.colcon_core.package_discovery:discover_packages(ignore) using defaults
[0.348s] Level 1:colcon.colcon_core.package_discovery:discover_packages(path) discover
[0.348s] Level 1:colcon.colcon_core.package_discovery:discover_packages(path) using defaults
[0.381s] Level 1:colcon.colcon_core.package_discovery:discover_packages(prefix_path) check parameters
[0.381s] Level 1:colcon.colcon_core.package_discovery:discover_packages(prefix_path) discover
[0.384s] DEBUG:colcon.colcon_installed_package_information.package_discovery:Found 1 installed packages in /home/debraj/Documents/controller/install
[0.388s] DEBUG:colcon.colcon_installed_package_information.package_discovery:Found 318 installed packages in /opt/ros/jazzy
[0.391s] Level 1:colcon.colcon_core.package_discovery:discover_packages(prefix_path) using defaults
[0.483s] Level 5:colcon.colcon_core.verb:set package 'controller_package' build argument 'cmake_args' from command line to 'None'
[0.484s] Level 5:colcon.colcon_core.verb:set package 'controller_package' build argument 'cmake_target' from command line to 'None'
[0.484s] Level 5:colcon.colcon_core.verb:set package 'controller_package' build argument 'cmake_target_skip_unavailable' from command line to 'False'
[0.484s] Level 5:colcon.colcon_core.verb:set package 'controller_package' build argument 'cmake_clean_cache' from command line to 'False'
[0.484s] Level 5:colcon.colcon_core.verb:set package 'controller_package' build argument 'cmake_clean_first' from command line to 'False'
[0.484s] Level 5:colcon.colcon_core.verb:set package 'controller_package' build argument 'cmake_force_configure' from command line to 'False'
[0.484s] Level 5:colcon.colcon_core.verb:set package 'controller_package' build argument 'ament_cmake_args' from command line to 'None'
[0.484s] Level 5:colcon.colcon_core.verb:set package 'controller_package' build argument 'catkin_cmake_args' from command line to 'None'
[0.484s] Level 5:colcon.colcon_core.verb:set package 'controller_package' build argument 'catkin_skip_building_tests' from command line to 'False'
[0.484s] DEBUG:colcon.colcon_core.verb:Building package 'controller_package' with the following arguments: {'ament_cmake_args': None, 'build_base': '/home/debraj/Documents/controller/build/controller_package', 'catkin_cmake_args': None, 'catkin_skip_building_tests': False, 'cmake_args': None, 'cmake_clean_cache': False, 'cmake_clean_first': False, 'cmake_force_configure': False, 'cmake_target': None, 'cmake_target_skip_unavailable': False, 'install_base': '/home/debraj/Documents/controller/install/controller_package', 'merge_install': False, 'path': '/home/debraj/Documents/controller/src/controller_package', 'symlink_install': False, 'test_result_base': None}
[0.484s] INFO:colcon.colcon_core.executor:Executing jobs using 'parallel' executor
[0.486s] DEBUG:colcon.colcon_parallel_executor.executor.parallel:run_until_complete
[0.487s] INFO:colcon.colcon_ros.task.ament_cmake.build:Building ROS package in '/home/debraj/Documents/controller/src/controller_package' with build type 'ament_cmake'
[0.487s] INFO:colcon.colcon_cmake.task.cmake.build:Building CMake package in '/home/debraj/Documents/controller/src/controller_package'
[0.492s] INFO:colcon.colcon_core.plugin_system:Skipping extension 'colcon_core.shell.bat': Not used on non-Windows systems
[0.492s] INFO:colcon.colcon_core.shell:Skip shell extension 'powershell' for command environment: Not usable outside of PowerShell
[0.492s] DEBUG:colcon.colcon_core.shell:Skip shell extension 'dsv' for command environment
[0.515s] DEBUG:colcon.colcon_core.event_handler.log_command:Invoking command in '/home/debraj/Documents/controller/build/controller_package': CMAKE_PREFIX_PATH=${CMAKE_PREFIX_PATH}:/opt/ros/jazzy DEBUGINFOD_URLS=https://debuginfod.ubuntu.com /usr/bin/cmake --build /home/debraj/Documents/controller/build/controller_package -- -j8 -l8
[16.453s] DEBUG:colcon.colcon_core.event_handler.log_command:Invoked command in '/home/debraj/Documents/controller/build/controller_package' returned '0': CMAKE_PREFIX_PATH=${CMAKE_PREFIX_PATH}:/opt/ros/jazzy DEBUGINFOD_URLS=https://debuginfod.ubuntu.com /usr/bin/cmake --build /home/debraj/Documents/controller/build/controller_package -- -j8 -l8
[16.508s] DEBUG:colcon.colcon_core.event_handler.log_command:Invoking command in '/home/debraj/Documents/controller/build/controller_package': CMAKE_PREFIX_PATH=${CMAKE_PREFIX_PATH}:/opt/ros/jazzy DEBUGINFOD_URLS=https://debuginfod.ubuntu.com /usr/bin/cmake --install /home/debraj/Documents/controller/build/controller_package
[16.533s] Level 1:colcon.colcon_core.environment:create_environment_scripts_only(controller_package)
[16.534s] DEBUG:colcon.colcon_core.event_handler.log_command:Invoked command in '/home/debraj/Documents/controller/build/controller_package' returned '0': CMAKE_PREFIX_PATH=${CMAKE_PREFIX_PATH}:/opt/ros/jazzy DEBUGINFOD_URLS=https://debuginfod.ubuntu.com /usr/bin/cmake --install /home/debraj/Documents/controller/build/controller_package
[16.536s] Level 1:colcon.colcon_core.environment:checking '/home/debraj/Documents/controller/install/controller_package' for CMake module files
[16.536s] Level 1:colcon.colcon_core.environment:checking '/home/debraj/Documents/controller/install/controller_package' for CMake config files
[16.536s] Level 1:colcon.colcon_core.shell:create_environment_hook('controller_package', 'cmake_prefix_path')
[16.536s] INFO:colcon.colcon_core.shell:Creating environment hook '/home/debraj/Documents/controller/install/controller_package/share/controller_package/hook/cmake_prefix_path.ps1'
[16.537s] INFO:colcon.colcon_core.shell:Creating environment descriptor '/home/debraj/Documents/controller/install/controller_package/share/controller_package/hook/cmake_prefix_path.dsv'
[16.538s] INFO:colcon.colcon_core.shell:Creating environment hook '/home/debraj/Documents/controller/install/controller_package/share/controller_package/hook/cmake_prefix_path.sh'
[16.540s] Level 1:colcon.colcon_core.environment:checking '/home/debraj/Documents/controller/install/controller_package/lib'
[16.540s] Level 1:colcon.colcon_core.environment:checking '/home/debraj/Documents/controller/install/controller_package/bin'
[16.541s] Level 1:colcon.colcon_core.environment:checking '/home/debraj/Documents/controller/install/controller_package/lib/pkgconfig/controller_package.pc'
[16.541s] Level 1:colcon.colcon_core.environment:checking '/home/debraj/Documents/controller/install/controller_package/lib/python3.12/site-packages'
[16.541s] Level 1:colcon.colcon_core.environment:checking '/home/debraj/Documents/controller/install/controller_package/bin'
[16.541s] INFO:colcon.colcon_core.shell:Creating package script '/home/debraj/Documents/controller/install/controller_package/share/controller_package/package.ps1'
[16.542s] INFO:colcon.colcon_core.shell:Creating package descriptor '/home/debraj/Documents/controller/install/controller_package/share/controller_package/package.dsv'
[16.543s] INFO:colcon.colcon_core.shell:Creating package script '/home/debraj/Documents/controller/install/controller_package/share/controller_package/package.sh'
[16.544s] INFO:colcon.colcon_core.shell:Creating package script '/home/debraj/Documents/controller/install/controller_package/share/controller_package/package.bash'
[16.544s] INFO:colcon.colcon_core.shell:Creating package script '/home/debraj/Documents/controller/install/controller_package/share/controller_package/package.zsh'
[16.545s] Level 1:colcon.colcon_core.environment:create_file_with_runtime_dependencies(/home/debraj/Documents/controller/install/controller_package/share/colcon-core/packages/controller_package)
[16.589s] Level 1:colcon.colcon_core.environment:create_environment_scripts_only(controller_package)
[16.590s] Level 1:colcon.colcon_core.environment:checking '/home/debraj/Documents/controller/install/controller_package' for CMake module files
[16.590s] Level 1:colcon.colcon_core.environment:checking '/home/debraj/Documents/controller/install/controller_package' for CMake config files
[16.591s] Level 1:colcon.colcon_core.shell:create_environment_hook('controller_package', 'cmake_prefix_path')
[16.591s] INFO:colcon.colcon_core.shell:Creating environment hook '/home/debraj/Documents/controller/install/controller_package/share/controller_package/hook/cmake_prefix_path.ps1'
[16.592s] INFO:colcon.colcon_core.shell:Creating environment descriptor '/home/debraj/Documents/controller/install/controller_package/share/controller_package/hook/cmake_prefix_path.dsv'
[16.593s] INFO:colcon.colcon_core.shell:Creating environment hook '/home/debraj/Documents/controller/install/controller_package/share/controller_package/hook/cmake_prefix_path.sh'
[16.594s] Level 1:colcon.colcon_core.environment:checking '/home/debraj/Documents/controller/install/controller_package/lib'
[16.594s] Level 1:colcon.colcon_core.environment:checking '/home/debraj/Documents/controller/install/controller_package/bin'
[16.594s] Level 1:colcon.colcon_core.environment:checking '/home/debraj/Documents/controller/install/controller_package/lib/pkgconfig/controller_package.pc'
[16.594s] Level 1:colcon.colcon_core.environment:checking '/home/debraj/Documents/controller/install/controller_package/lib/python3.12/site-packages'
[16.594s] Level 1:colcon.colcon_core.environment:checking '/home/debraj/Documents/controller/install/controller_package/bin'
[16.595s] INFO:colcon.colcon_core.shell:Creating package script '/home/debraj/Documents/controller/install/controller_package/share/controller_package/package.ps1'
[16.595s] INFO:colcon.colcon_core.shell:Creating package descriptor '/home/debraj/Documents/controller/install/controller_package/share/controller_package/package.dsv'
[16.595s] INFO:colcon.colcon_core.shell:Creating package script '/home/debraj/Documents/controller/install/controller_package/share/controller_package/package.sh'
[16.596s] INFO:colcon.colcon_core.shell:Creating package script '/home/debraj/Documents/controller/install/controller_package/share/controller_package/package.bash'
[16.596s] INFO:colcon.colcon_core.shell:Creating package script '/home/debraj/Documents/controller/install/controller_package/share/controller_package/package.zsh'
[16.597s] Level 1:colcon.colcon_core.environment:create_file_with_runtime_dependencies(/home/debraj/Documents/controller/install/controller_package/share/colcon-core/packages/controller_package)
[16.597s] DEBUG:colcon.colcon_parallel_executor.executor.parallel:closing loop
[16.597s] DEBUG:colcon.colcon_parallel_executor.executor.parallel:loop closed
[16.597s] DEBUG:colcon.colcon_parallel_executor.executor.parallel:run_until_complete finished with '0'
[16.597s] DEBUG:colcon.colcon_core.event_reactor:joining thread
[16.603s] INFO:colcon.colcon_core.plugin_system:Skipping extension 'colcon_notification.desktop_notification.terminal_notifier': Not used on non-Darwin systems
[16.604s] INFO:colcon.colcon_core.plugin_system:Skipping extension 'colcon_notification.desktop_notification.win32': Not used on non-Windows systems
[16.604s] INFO:colcon.colcon_notification.desktop_notification:Sending desktop notification using 'notify2'
[16.629s] DEBUG:colcon.colcon_core.event_reactor:joined thread
[16.630s] INFO:colcon.colcon_core.shell:Creating prefix script '/home/debraj/Documents/controller/install/local_setup.ps1'
[16.631s] INFO:colcon.colcon_core.shell:Creating prefix util module '/home/debraj/Documents/controller/install/_local_setup_util_ps1.py'
[16.632s] INFO:colcon.colcon_core.shell:Creating prefix chain script '/home/debraj/Documents/controller/install/setup.ps1'
[16.633s] INFO:colcon.colcon_core.shell:Creating prefix script '/home/debraj/Documents/controller/install/local_setup.sh'
[16.634s] INFO:colcon.colcon_core.shell:Creating prefix util module '/home/debraj/Documents/controller/install/_local_setup_util_sh.py'
[16.635s] INFO:colcon.colcon_core.shell:Creating prefix chain script '/home/debraj/Documents/controller/install/setup.sh'
[16.636s] INFO:colcon.colcon_core.shell:Creating prefix script '/home/debraj/Documents/controller/install/local_setup.bash'
[16.637s] INFO:colcon.colcon_core.shell:Creating prefix chain script '/home/debraj/Documents/controller/install/setup.bash'
[16.639s] INFO:colcon.colcon_core.shell:Creating prefix script '/home/debraj/Documents/controller/install/local_setup.zsh'
[16.639s] INFO:colcon.colcon_core.shell:Creating prefix chain script '/home/debraj/Documents/controller/install/setup.zsh'
