[0.044s] Invoking command in '/home/debraj/Documents/controller/build/controller_package': CMAKE_PREFIX_PATH=${CMAKE_PREFIX_PATH}:/opt/ros/jazzy DEBUGINFOD_URLS=https://debuginfod.ubuntu.com /usr/bin/cmake --build /home/debraj/Documents/controller/build/controller_package -- -j8 -l8
[0.235s] [ 50%] [32mBuilding CXX object CMakeFiles/controller.dir/src/controller.cpp.o[0m
[23.838s] [100%] [32m[1mLinking CXX executable controller[0m
[28.417s] [100%] Built target controller
[28.444s] Invoked command in '/home/debraj/Documents/controller/build/controller_package' returned '0': CMAKE_PREFIX_PATH=${CMAKE_PREFIX_PATH}:/opt/ros/jazzy DEBUGINFOD_URLS=https://debuginfod.ubuntu.com /usr/bin/cmake --build /home/debraj/Documents/controller/build/controller_package -- -j8 -l8
[28.533s] Invoking command in '/home/debraj/Documents/controller/build/controller_package': CMAKE_PREFIX_PATH=${CMAKE_PREFIX_PATH}:/opt/ros/jazzy DEBUGINFOD_URLS=https://debuginfod.ubuntu.com /usr/bin/cmake --install /home/debraj/Documents/controller/build/controller_package
[28.551s] -- Install configuration: ""
[28.551s] -- Installing: /home/debraj/Documents/controller/install/controller_package/lib/controller_package/controller
[28.566s] -- Set non-toolchain portion of runtime path of "/home/debraj/Documents/controller/install/controller_package/lib/controller_package/controller" to ""
[28.566s] -- Up-to-date: /home/debraj/Documents/controller/install/controller_package/share/ament_index/resource_index/package_run_dependencies/controller_package
[28.566s] -- Up-to-date: /home/debraj/Documents/controller/install/controller_package/share/ament_index/resource_index/parent_prefix_path/controller_package
[28.566s] -- Up-to-date: /home/debraj/Documents/controller/install/controller_package/share/controller_package/environment/ament_prefix_path.sh
[28.567s] -- Up-to-date: /home/debraj/Documents/controller/install/controller_package/share/controller_package/environment/ament_prefix_path.dsv
[28.567s] -- Up-to-date: /home/debraj/Documents/controller/install/controller_package/share/controller_package/environment/path.sh
[28.568s] -- Up-to-date: /home/debraj/Documents/controller/install/controller_package/share/controller_package/environment/path.dsv
[28.568s] -- Up-to-date: /home/debraj/Documents/controller/install/controller_package/share/controller_package/local_setup.bash
[28.568s] -- Up-to-date: /home/debraj/Documents/controller/install/controller_package/share/controller_package/local_setup.sh
[28.568s] -- Up-to-date: /home/debraj/Documents/controller/install/controller_package/share/controller_package/local_setup.zsh
[28.568s] -- Up-to-date: /home/debraj/Documents/controller/install/controller_package/share/controller_package/local_setup.dsv
[28.568s] -- Installing: /home/debraj/Documents/controller/install/controller_package/share/controller_package/package.dsv
[28.568s] -- Up-to-date: /home/debraj/Documents/controller/install/controller_package/share/ament_index/resource_index/packages/controller_package
[28.568s] -- Up-to-date: /home/debraj/Documents/controller/install/controller_package/share/controller_package/cmake/controller_packageConfig.cmake
[28.568s] -- Up-to-date: /home/debraj/Documents/controller/install/controller_package/share/controller_package/cmake/controller_packageConfig-version.cmake
[28.568s] -- Up-to-date: /home/debraj/Documents/controller/install/controller_package/share/controller_package/package.xml
[28.574s] Invoked command in '/home/debraj/Documents/controller/build/controller_package' returned '0': CMAKE_PREFIX_PATH=${CMAKE_PREFIX_PATH}:/opt/ros/jazzy DEBUGINFOD_URLS=https://debuginfod.ubuntu.com /usr/bin/cmake --install /home/debraj/Documents/controller/build/controller_package
