[0.021s] Invoking command in '/home/debraj/Documents/controller/build/controller_package': CMAKE_PREFIX_PATH=${CMAKE_PREFIX_PATH}:/opt/ros/jazzy DEBUGINFOD_URLS=https://debuginfod.ubuntu.com /usr/bin/cmake --build /home/debraj/Documents/controller/build/controller_package -- -j8 -l8
[0.133s] [ 50%] [32mBuilding CXX object CMakeFiles/controller.dir/src/controller.cpp.o[0m
[14.083s] [100%] [32m[1mLinking CXX executable controller[0m
[16.132s] [100%] Built target controller
[16.149s] Invoked command in '/home/debraj/Documents/controller/build/controller_package' returned '0': CMAKE_PREFIX_PATH=${CMAKE_PREFIX_PATH}:/opt/ros/jazzy DEBUGINFOD_URLS=https://debuginfod.ubuntu.com /usr/bin/cmake --build /home/debraj/Documents/controller/build/controller_package -- -j8 -l8
[16.201s] Invoking command in '/home/debraj/Documents/controller/build/controller_package': CMAKE_PREFIX_PATH=${CMAKE_PREFIX_PATH}:/opt/ros/jazzy DEBUGINFOD_URLS=https://debuginfod.ubuntu.com /usr/bin/cmake --install /home/debraj/Documents/controller/build/controller_package
[16.213s] -- Install configuration: ""
[16.213s] -- Installing: /home/debraj/Documents/controller/install/controller_package/lib/controller_package/controller
[16.224s] -- Set non-toolchain portion of runtime path of "/home/debraj/Documents/controller/install/controller_package/lib/controller_package/controller" to ""
[16.224s] -- Up-to-date: /home/debraj/Documents/controller/install/controller_package/share/ament_index/resource_index/package_run_dependencies/controller_package
[16.225s] -- Up-to-date: /home/debraj/Documents/controller/install/controller_package/share/ament_index/resource_index/parent_prefix_path/controller_package
[16.225s] -- Up-to-date: /home/debraj/Documents/controller/install/controller_package/share/controller_package/environment/ament_prefix_path.sh
[16.225s] -- Up-to-date: /home/debraj/Documents/controller/install/controller_package/share/controller_package/environment/ament_prefix_path.dsv
[16.225s] -- Up-to-date: /home/debraj/Documents/controller/install/controller_package/share/controller_package/environment/path.sh
[16.225s] -- Up-to-date: /home/debraj/Documents/controller/install/controller_package/share/controller_package/environment/path.dsv
[16.225s] -- Up-to-date: /home/debraj/Documents/controller/install/controller_package/share/controller_package/local_setup.bash
[16.225s] -- Up-to-date: /home/debraj/Documents/controller/install/controller_package/share/controller_package/local_setup.sh
[16.225s] -- Up-to-date: /home/debraj/Documents/controller/install/controller_package/share/controller_package/local_setup.zsh
[16.225s] -- Up-to-date: /home/debraj/Documents/controller/install/controller_package/share/controller_package/local_setup.dsv
[16.226s] -- Installing: /home/debraj/Documents/controller/install/controller_package/share/controller_package/package.dsv
[16.226s] -- Up-to-date: /home/debraj/Documents/controller/install/controller_package/share/ament_index/resource_index/packages/controller_package
[16.226s] -- Up-to-date: /home/debraj/Documents/controller/install/controller_package/share/controller_package/cmake/controller_packageConfig.cmake
[16.226s] -- Up-to-date: /home/debraj/Documents/controller/install/controller_package/share/controller_package/cmake/controller_packageConfig-version.cmake
[16.226s] -- Up-to-date: /home/debraj/Documents/controller/install/controller_package/share/controller_package/package.xml
[16.229s] Invoked command in '/home/debraj/Documents/controller/build/controller_package' returned '0': CMAKE_PREFIX_PATH=${CMAKE_PREFIX_PATH}:/opt/ros/jazzy DEBUGINFOD_URLS=https://debuginfod.ubuntu.com /usr/bin/cmake --install /home/debraj/Documents/controller/build/controller_package
