[0.014s] Invoking command in '/home/aruz/Final_Motion/controller/build/controller_package': CMAKE_PREFIX_PATH=${CMAKE_PREFIX_PATH}:/opt/ros/jazzy DEBUGINFOD_URLS=https://debuginfod.ubuntu.com /usr/bin/cmake --build /home/aruz/Final_Motion/controller/build/controller_package -- -j24 -l24
[0.107s] [ 50%] [32mBuilding CXX object CMakeFiles/controller.dir/src/controller.cpp.o[0m
[10.797s] [100%] [32m[1mLinking CXX executable controller[0m
[11.494s] [100%] Built target controller
[11.509s] Invoked command in '/home/aruz/Final_Motion/controller/build/controller_package' returned '0': CMAKE_PREFIX_PATH=${CMAKE_PREFIX_PATH}:/opt/ros/jazzy DEBUGINFOD_URLS=https://debuginfod.ubuntu.com /usr/bin/cmake --build /home/aruz/Final_Motion/controller/build/controller_package -- -j24 -l24
[11.586s] Invoking command in '/home/aruz/Final_Motion/controller/build/controller_package': CMAKE_PREFIX_PATH=${CMAKE_PREFIX_PATH}:/opt/ros/jazzy DEBUGINFOD_URLS=https://debuginfod.ubuntu.com /usr/bin/cmake --install /home/aruz/Final_Motion/controller/build/controller_package
[11.601s] -- Install configuration: ""
[11.602s] -- Installing: /home/aruz/Final_Motion/controller/install/controller_package/lib/controller_package/controller
[11.612s] -- Set non-toolchain portion of runtime path of "/home/aruz/Final_Motion/controller/install/controller_package/lib/controller_package/controller" to ""
[11.612s] -- Up-to-date: /home/aruz/Final_Motion/controller/install/controller_package/share/ament_index/resource_index/package_run_dependencies/controller_package
[11.613s] -- Up-to-date: /home/aruz/Final_Motion/controller/install/controller_package/share/ament_index/resource_index/parent_prefix_path/controller_package
[11.613s] -- Up-to-date: /home/aruz/Final_Motion/controller/install/controller_package/share/controller_package/environment/ament_prefix_path.sh
[11.613s] -- Up-to-date: /home/aruz/Final_Motion/controller/install/controller_package/share/controller_package/environment/ament_prefix_path.dsv
[11.613s] -- Up-to-date: /home/aruz/Final_Motion/controller/install/controller_package/share/controller_package/environment/path.sh
[11.614s] -- Up-to-date: /home/aruz/Final_Motion/controller/install/controller_package/share/controller_package/environment/path.dsv
[11.614s] -- Up-to-date: /home/aruz/Final_Motion/controller/install/controller_package/share/controller_package/local_setup.bash
[11.614s] -- Up-to-date: /home/aruz/Final_Motion/controller/install/controller_package/share/controller_package/local_setup.sh
[11.614s] -- Up-to-date: /home/aruz/Final_Motion/controller/install/controller_package/share/controller_package/local_setup.zsh
[11.614s] -- Up-to-date: /home/aruz/Final_Motion/controller/install/controller_package/share/controller_package/local_setup.dsv
[11.614s] -- Installing: /home/aruz/Final_Motion/controller/install/controller_package/share/controller_package/package.dsv
[11.614s] -- Up-to-date: /home/aruz/Final_Motion/controller/install/controller_package/share/ament_index/resource_index/packages/controller_package
[11.614s] -- Up-to-date: /home/aruz/Final_Motion/controller/install/controller_package/share/controller_package/cmake/controller_packageConfig.cmake
[11.614s] -- Up-to-date: /home/aruz/Final_Motion/controller/install/controller_package/share/controller_package/cmake/controller_packageConfig-version.cmake
[11.614s] -- Up-to-date: /home/aruz/Final_Motion/controller/install/controller_package/share/controller_package/package.xml
[11.616s] Invoked command in '/home/aruz/Final_Motion/controller/build/controller_package' returned '0': CMAKE_PREFIX_PATH=${CMAKE_PREFIX_PATH}:/opt/ros/jazzy DEBUGINFOD_URLS=https://debuginfod.ubuntu.com /usr/bin/cmake --install /home/aruz/Final_Motion/controller/build/controller_package
