[0.015s] Invoking command in '/home/aruz/Final_Motion/controller/build/controller_package': CMAKE_PREFIX_PATH=${CMAKE_PREFIX_PATH}:/opt/ros/jazzy DEBUGINFOD_URLS=https://debuginfod.ubuntu.com /usr/bin/cmake --build /home/aruz/Final_Motion/controller/build/controller_package -- -j24 -l24
[0.052s] -- Found ament_cmake: 2.5.2 (/opt/ros/jazzy/share/ament_cmake/cmake)
[0.335s] -- Found rclcpp: 28.1.5 (/opt/ros/jazzy/share/rclcpp/cmake)
[0.368s] -- Found rosidl_generator_c: 4.6.4 (/opt/ros/jazzy/share/rosidl_generator_c/cmake)
[0.379s] -- Found rosidl_generator_cpp: 4.6.4 (/opt/ros/jazzy/share/rosidl_generator_cpp/cmake)
[0.392s] -- Using all available rosidl_typesupport_c: rosidl_typesupport_fastrtps_c;rosidl_typesupport_introspection_c
[0.410s] -- Using all available rosidl_typesupport_cpp: rosidl_typesupport_fastrtps_cpp;rosidl_typesupport_introspection_cpp
[0.492s] -- Found rmw_implementation_cmake: 7.3.1 (/opt/ros/jazzy/share/rmw_implementation_cmake/cmake)
[0.494s] -- Found rmw_fastrtps_cpp: 8.4.1 (/opt/ros/jazzy/share/rmw_fastrtps_cpp/cmake)
[0.587s] -- Using RMW implementation 'rmw_fastrtps_cpp' as default
[0.674s] -- Found geometry_msgs: 5.3.5 (/opt/ros/jazzy/share/geometry_msgs/cmake)
[0.711s] -- Found webots_ros2_driver: 2023.1.3 (/opt/ros/jazzy/share/webots_ros2_driver/cmake)
[0.753s] -- Found eigen3_cmake_module: 0.3.0 (/opt/ros/jazzy/share/eigen3_cmake_module/cmake)
[0.754s] -- Ensuring Eigen3 include directory is part of orocos-kdl CMake target
[0.972s] -- Found pluginlib: 5.4.2 (/opt/ros/jazzy/share/pluginlib/cmake)
[0.991s] -- Found Boost: /usr/lib/x86_64-linux-gnu/cmake/Boost-1.83.0/BoostConfig.cmake (found version "1.83.0") found components: program_options 
[0.998s] -- Found Boost: /usr/lib/x86_64-linux-gnu/cmake/Boost-1.83.0/BoostConfig.cmake (found version "1.83.0")  
[1.016s] -- Found ament_lint_auto: 0.17.1 (/opt/ros/jazzy/share/ament_lint_auto/cmake)
[1.130s] -- Added test 'cppcheck' to perform static code analysis on C / C++ code
[1.131s] -- Configured cppcheck include dirs: /home/aruz/Final_Motion/controller/src/controller_package/include;$<BUILD_INTERFACE:/home/aruz/Final_Motion/controller/src/controller_package/include>
[1.132s] -- Configured cppcheck exclude dirs and/or files: 
[1.132s] -- Added test 'lint_cmake' to check CMake code style
[1.132s] -- Added test 'uncrustify' to check C / C++ code style
[1.132s] -- Configured uncrustify additional arguments: 
[1.133s] -- Added test 'xmllint' to check XML markup files
[1.134s] -- Configuring done (1.1s)
[1.173s] -- Generating done (0.0s)
[1.175s] -- Build files have been written to: /home/aruz/Final_Motion/controller/build/controller_package
[1.244s] [100%] Built target controller
[1.258s] Invoked command in '/home/aruz/Final_Motion/controller/build/controller_package' returned '0': CMAKE_PREFIX_PATH=${CMAKE_PREFIX_PATH}:/opt/ros/jazzy DEBUGINFOD_URLS=https://debuginfod.ubuntu.com /usr/bin/cmake --build /home/aruz/Final_Motion/controller/build/controller_package -- -j24 -l24
[1.315s] Invoking command in '/home/aruz/Final_Motion/controller/build/controller_package': CMAKE_PREFIX_PATH=${CMAKE_PREFIX_PATH}:/opt/ros/jazzy DEBUGINFOD_URLS=https://debuginfod.ubuntu.com /usr/bin/cmake --install /home/aruz/Final_Motion/controller/build/controller_package
[1.325s] -- Install configuration: ""
[1.325s] -- Up-to-date: /home/aruz/Final_Motion/controller/install/controller_package/lib/controller_package/controller
[1.325s] -- Up-to-date: /home/aruz/Final_Motion/controller/install/controller_package/share/ament_index/resource_index/package_run_dependencies/controller_package
[1.325s] -- Installing: /home/aruz/Final_Motion/controller/install/controller_package/share/ament_index/resource_index/parent_prefix_path/controller_package
[1.326s] -- Up-to-date: /home/aruz/Final_Motion/controller/install/controller_package/share/controller_package/environment/ament_prefix_path.sh
[1.326s] -- Up-to-date: /home/aruz/Final_Motion/controller/install/controller_package/share/controller_package/environment/ament_prefix_path.dsv
[1.326s] -- Up-to-date: /home/aruz/Final_Motion/controller/install/controller_package/share/controller_package/environment/path.sh
[1.326s] -- Up-to-date: /home/aruz/Final_Motion/controller/install/controller_package/share/controller_package/environment/path.dsv
[1.326s] -- Up-to-date: /home/aruz/Final_Motion/controller/install/controller_package/share/controller_package/local_setup.bash
[1.326s] -- Up-to-date: /home/aruz/Final_Motion/controller/install/controller_package/share/controller_package/local_setup.sh
[1.326s] -- Up-to-date: /home/aruz/Final_Motion/controller/install/controller_package/share/controller_package/local_setup.zsh
[1.327s] -- Up-to-date: /home/aruz/Final_Motion/controller/install/controller_package/share/controller_package/local_setup.dsv
[1.327s] -- Installing: /home/aruz/Final_Motion/controller/install/controller_package/share/controller_package/package.dsv
[1.327s] -- Up-to-date: /home/aruz/Final_Motion/controller/install/controller_package/share/ament_index/resource_index/packages/controller_package
[1.327s] -- Up-to-date: /home/aruz/Final_Motion/controller/install/controller_package/share/controller_package/cmake/controller_packageConfig.cmake
[1.327s] -- Up-to-date: /home/aruz/Final_Motion/controller/install/controller_package/share/controller_package/cmake/controller_packageConfig-version.cmake
[1.327s] -- Up-to-date: /home/aruz/Final_Motion/controller/install/controller_package/share/controller_package/package.xml
[1.328s] Invoked command in '/home/aruz/Final_Motion/controller/build/controller_package' returned '0': CMAKE_PREFIX_PATH=${CMAKE_PREFIX_PATH}:/opt/ros/jazzy DEBUGINFOD_URLS=https://debuginfod.ubuntu.com /usr/bin/cmake --install /home/aruz/Final_Motion/controller/build/controller_package
